[0.023s] Invoking command in '/home/richard/ros2_ws/build/tp1': CMAKE_PREFIX_PATH=${CMAKE_PREFIX_PATH}:/opt/ros/jazzy DEBUGINFOD_URLS=https://debuginfod.ubuntu.com /usr/bin/cmake --build /home/richard/ros2_ws/build/tp1 -- -j2 -l2
[0.089s] [ 20%] [32mBuilding CXX object CMakeFiles/navigation.dir/src/Action.cpp.o[0m
[0.950s] [01m[K/home/richard/ros2_ws/src/tp1/src/Action.cpp:[m[K In function â€˜[01m[Kstd::vector<float>[01;32m[K smoothVector[m[K(const std::vector<float>&, int)[m[Kâ€™:
[0.950s] [01m[K/home/richard/ros2_ws/src/tp1/src/Action.cpp:18:33:[m[K [01;35m[Kwarning: [m[Kcomparison of unsigned expression in â€˜[01m[K>= 0[m[Kâ€™ is always true [[01;35m[K]8;;https://gcc.gnu.org/onlinedocs/gcc/Warning-Options.html#index-Wtype-limits-Wtype-limits]8;;[m[K]
[0.951s]    18 |         int start = ([01;35m[Ki - janela >= 0[m[K) ? i - N : 0; // NÃ£o vai ficar abaixo de 0
[0.951s]       |                      [01;35m[K~~~~~~~~~~~^~~~[m[K
[0.956s] [01m[K/home/richard/ros2_ws/src/tp1/src/Action.cpp:18:45:[m[K [01;31m[Kerror: [m[Kâ€˜[01m[KN[m[Kâ€™ was not declared in this scope
[0.956s]    18 |         int start = (i - janela >= 0) ? i - [01;31m[KN[m[K : 0; // NÃ£o vai ficar abaixo de 0
[0.956s]       |                                             [01;31m[K^[m[K
[0.956s] [01m[K/home/richard/ros2_ws/src/tp1/src/Action.cpp:[m[K In function â€˜[01m[Kint[01;32m[K findMinPosition[m[K(const std::vector<float>&)[m[Kâ€™:
[0.956s] [01m[K/home/richard/ros2_ws/src/tp1/src/Action.cpp:52:12:[m[K [01;35m[Kwarning: [m[Kleft operand of comma operator has no effect [[01;35m[K]8;;https://gcc.gnu.org/onlinedocs/gcc/Warning-Options.html#index-Wunused-value-Wunused-value]8;;[m[K]
[0.956s]    52 |     return [01;35m[KminPosition[m[K, minValue;  // Retorna a posiÃ§Ã£o do menor valor
[0.956s]       |            [01;35m[K^~~~~~~~~~~[m[K
[0.956s] [01m[K/home/richard/ros2_ws/src/tp1/src/Action.cpp:[m[K In member function â€˜[01m[Kvoid Action::[01;32m[KavoidObstacles[m[K(std::vector<float>, std::vector<float>)[m[Kâ€™:
[0.956s] [01m[K/home/richard/ros2_ws/src/tp1/src/Action.cpp:64:38:[m[K [01;31m[Kerror: [m[Kcannot convert â€˜[01m[Kstd::vector<float>[m[Kâ€™ to â€˜[01m[Kfloat[m[Kâ€™ in initialization
[0.956s]    64 |     float smoothLasers = [01;31m[KsmoothVector(lasers, 5)[m[K
[0.956s]       |                          [01;31m[K~~~~~~~~~~~~^~~~~~~~~~~[m[K
[0.956s]       |                                      [01;31m[K|[m[K
[0.956s]       |                                      [01;31m[Kstd::vector<float>[m[K
[0.957s] [01m[K/home/richard/ros2_ws/src/tp1/src/Action.cpp:64:11:[m[K [01;35m[Kwarning: [m[Kunused variable â€˜[01m[KsmoothLasers[m[Kâ€™ [[01;35m[K]8;;https://gcc.gnu.org/onlinedocs/gcc/Warning-Options.html#index-Wunused-variable-Wunused-variable]8;;[m[K]
[0.957s]    64 |     float [01;35m[KsmoothLasers[m[K = smoothVector(lasers, 5)
[0.957s]       |           [01;35m[K^~~~~~~~~~~~[m[K
[0.957s] [01m[K/home/richard/ros2_ws/src/tp1/src/Action.cpp:61:75:[m[K [01;35m[Kwarning: [m[Kunused parameter â€˜[01m[Ksonars[m[Kâ€™ [[01;35m[K]8;;https://gcc.gnu.org/onlinedocs/gcc/Warning-Options.html#index-Wunused-parameter-Wunused-parameter]8;;[m[K]
[0.957s]    61 | n::avoidObstacles(std::vector<float> lasers, [01;35m[Kstd::vector<float> sonars[m[K)
[0.957s]       |                                              [01;35m[K~~~~~~~~~~~~~~~~~~~^~~~~~[m[K
[0.965s] 
[1.095s] gmake[2]: *** [CMakeFiles/navigation.dir/build.make:90: CMakeFiles/navigation.dir/src/Action.cpp.o] Erro 1
[1.096s] gmake[1]: *** [CMakeFiles/Makefile2:137: CMakeFiles/navigation.dir/all] Erro 2
[1.097s] gmake: *** [Makefile:146: all] Erro 2
[1.102s] Invoked command in '/home/richard/ros2_ws/build/tp1' returned '2': CMAKE_PREFIX_PATH=${CMAKE_PREFIX_PATH}:/opt/ros/jazzy DEBUGINFOD_URLS=https://debuginfod.ubuntu.com /usr/bin/cmake --build /home/richard/ros2_ws/build/tp1 -- -j2 -l2
