In file included from [01m[K/home/richard/ros2_ws/src/tp1/src/Perception.cpp:1[m[K:
[01m[K/home/richard/ros2_ws/src/tp1/include/Perception.h:18:28:[m[K [01;31m[Kerror: [m[Kâ€˜[01m[Knav_msgs[m[Kâ€™ does not name a type
   18 |     void receivePose(const [01;31m[Knav_msgs[m[K::msg::Odometry::ConstSharedPtr &value);
      |                            [01;31m[K^~~~~~~~[m[K
[01m[K/home/richard/ros2_ws/src/tp1/include/Perception.h:18:41:[m[K [01;31m[Kerror: [m[Kexpected unqualified-id before â€˜[01m[K::[m[Kâ€™ token
   18 |     void receivePose(const nav_msgs::msg[01;31m[K::[m[KOdometry::ConstSharedPtr &value);
      |                                         [01;31m[K^~[m[K
[01m[K/home/richard/ros2_ws/src/tp1/include/Perception.h:18:41:[m[K [01;31m[Kerror: [m[Kexpected â€˜[01m[K)[m[Kâ€™ before â€˜[01m[K::[m[Kâ€™ token
   18 |     void receivePose[34m[K([m[Kconst nav_msgs::msg[01;31m[K:[m[K[32m[K:[m[KOdometry::ConstSharedPtr &value);
      |                     [34m[K~[m[K                   [01;31m[K^[m[K[32m[K~[m[K
      |                                         [32m[K)[m[K
[01m[K/home/richard/ros2_ws/src/tp1/include/Perception.h:18:38:[m[K [01;31m[Kerror: [m[Kexpected â€˜[01m[K;[m[Kâ€™ at end of member declaration
   18 |     void receivePose(const nav_msgs::[01;31m[Kmsg[m[K::Odometry::ConstSharedPtr &value);
      |                                      [01;31m[K^~~[m[K
      |                                         [32m[K;[m[K
[01m[K/home/richard/ros2_ws/src/tp1/include/Perception.h:18:43:[m[K [01;31m[Kerror: [m[Kâ€˜[01m[KOdometry[m[Kâ€™ in namespace â€˜[01m[K::[m[Kâ€™ does not name a type
   18 |     void receivePose(const nav_msgs::msg::[01;31m[KOdometry[m[K::ConstSharedPtr &value);
      |                                           [01;31m[K^~~~~~~~[m[K
[01m[K/home/richard/ros2_ws/src/tp1/include/Perception.h:23:5:[m[K [01;31m[Kerror: [m[Kâ€˜[01m[Knav_msgs[m[Kâ€™ does not name a type
   23 |     [01;31m[Knav_msgs[m[K::msg::Odometry poseROS;
      |     [01;31m[K^~~~~~~~[m[K
[01m[K/home/richard/ros2_ws/src/tp1/src/Perception.cpp:127:36:[m[K [01;31m[Kerror: [m[Kâ€˜[01m[Knav_msgs[m[Kâ€™ does not name a type
  127 | void Perception::receivePose(const [01;31m[Knav_msgs[m[K::msg::Odometry::ConstSharedPtr &value)
      |                                    [01;31m[K^~~~~~~~[m[K
[01m[K/home/richard/ros2_ws/src/tp1/src/Perception.cpp:127:49:[m[K [01;31m[Kerror: [m[Kexpected unqualified-id before â€˜[01m[K::[m[Kâ€™ token
  127 | void Perception::receivePose(const nav_msgs::msg[01;31m[K::[m[KOdometry::ConstSharedPtr &value)
      |                                                 [01;31m[K^~[m[K
[01m[K/home/richard/ros2_ws/src/tp1/src/Perception.cpp:127:49:[m[K [01;31m[Kerror: [m[Kexpected â€˜[01m[K)[m[Kâ€™ before â€˜[01m[K::[m[Kâ€™ token
  127 | void Perception::receivePose[34m[K([m[Kconst nav_msgs::msg[01;31m[K:[m[K[32m[K:[m[KOdometry::ConstSharedPtr &value)
      |                             [34m[K~[m[K                   [01;31m[K^[m[K[32m[K~[m[K
      |                                                 [32m[K)[m[K
[01m[K/home/richard/ros2_ws/src/tp1/src/Perception.cpp:127:49:[m[K [01;31m[Kerror: [m[Kexpected initializer before â€˜[01m[K::[m[Kâ€™ token
  127 | void Perception::receivePose(const nav_msgs::msg[01;31m[K::[m[KOdometry::ConstSharedPtr &value)
      |                                                 [01;31m[K^~[m[K
[01m[K/home/richard/ros2_ws/src/tp1/src/Perception.cpp:[m[K In member function â€˜[01m[Kstd::vector<float, std::allocator<float> > Perception::[01;32m[KgetLatestSonarRanges[m[K()[m[Kâ€™:
[01m[K/home/richard/ros2_ws/src/tp1/src/Perception.cpp:152:9:[m[K [01;35m[Kwarning: [m[Kunused variable â€˜[01m[Knumbytes[m[Kâ€™ [[01;35m[K]8;;https://gcc.gnu.org/onlinedocs/gcc/Warning-Options.html#index-Wunused-variable-Wunused-variable]8;;[m[K]
  152 |     int [01;35m[Knumbytes[m[K = sonarROS.data.size();
      |         [01;35m[K^~~~~~~~[m[K
[01m[K/home/richard/ros2_ws/src/tp1/src/Perception.cpp:153:9:[m[K [01;35m[Kwarning: [m[Kunused variable â€˜[01m[Knumfields[m[Kâ€™ [[01;35m[K]8;;https://gcc.gnu.org/onlinedocs/gcc/Warning-Options.html#index-Wunused-variable-Wunused-variable]8;;[m[K]
  153 |     int [01;35m[Knumfields[m[K = sonarROS.fields.size();
      |         [01;35m[K^~~~~~~~~[m[K
gmake[2]: *** [CMakeFiles/navigation.dir/build.make:104: CMakeFiles/navigation.dir/src/Perception.cpp.o] Erro 1
gmake[2]: ** Esperando que outros processos terminem.
In file included from [01m[K/home/richard/ros2_ws/src/tp1/src/main.cpp:10[m[K:
[01m[K/home/richard/ros2_ws/src/tp1/include/Perception.h:18:28:[m[K [01;31m[Kerror: [m[Kâ€˜[01m[Knav_msgs[m[Kâ€™ does not name a type
   18 |     void receivePose(const [01;31m[Knav_msgs[m[K::msg::Odometry::ConstSharedPtr &value);
      |                            [01;31m[K^~~~~~~~[m[K
[01m[K/home/richard/ros2_ws/src/tp1/include/Perception.h:18:41:[m[K [01;31m[Kerror: [m[Kexpected unqualified-id before â€˜[01m[K::[m[Kâ€™ token
   18 |     void receivePose(const nav_msgs::msg[01;31m[K::[m[KOdometry::ConstSharedPtr &value);
      |                                         [01;31m[K^~[m[K
[01m[K/home/richard/ros2_ws/src/tp1/include/Perception.h:18:41:[m[K [01;31m[Kerror: [m[Kexpected â€˜[01m[K)[m[Kâ€™ before â€˜[01m[K::[m[Kâ€™ token
   18 |     void receivePose[34m[K([m[Kconst nav_msgs::msg[01;31m[K:[m[K[32m[K:[m[KOdometry::ConstSharedPtr &value);
      |                     [34m[K~[m[K                   [01;31m[K^[m[K[32m[K~[m[K
      |                                         [32m[K)[m[K
[01m[K/home/richard/ros2_ws/src/tp1/include/Perception.h:18:38:[m[K [01;31m[Kerror: [m[Kexpected â€˜[01m[K;[m[Kâ€™ at end of member declaration
   18 |     void receivePose(const nav_msgs::[01;31m[Kmsg[m[K::Odometry::ConstSharedPtr &value);
      |                                      [01;31m[K^~~[m[K
      |                                         [32m[K;[m[K
[01m[K/home/richard/ros2_ws/src/tp1/include/Perception.h:18:43:[m[K [01;31m[Kerror: [m[Kâ€˜[01m[KOdometry[m[Kâ€™ in namespace â€˜[01m[K::[m[Kâ€™ does not name a type
   18 |     void receivePose(const nav_msgs::msg::[01;31m[KOdometry[m[K::ConstSharedPtr &value);
      |                                           [01;31m[K^~~~~~~~[m[K
[01m[K/home/richard/ros2_ws/src/tp1/include/Perception.h:23:5:[m[K [01;31m[Kerror: [m[Kâ€˜[01m[Knav_msgs[m[Kâ€™ does not name a type
   23 |     [01;31m[Knav_msgs[m[K::msg::Odometry poseROS;
      |     [01;31m[K^~~~~~~~[m[K
[01m[K/home/richard/ros2_ws/src/tp1/src/main.cpp:[m[K In function â€˜[01m[Kvoid*[01;32m[K keyboardThreadFunction[m[K(void*)[m[Kâ€™:
[01m[K/home/richard/ros2_ws/src/tp1/src/main.cpp:88:36:[m[K [01;35m[Kwarning: [m[Kunused parameter â€˜[01m[Karg[m[Kâ€™ [[01;35m[K]8;;https://gcc.gnu.org/onlinedocs/gcc/Warning-Options.html#index-Wunused-parameter-Wunused-parameter]8;;[m[K]
   88 | void *keyboardThreadFunction([01;35m[Kvoid *arg[m[K)
      |                              [01;35m[K~~~~~~^~~[m[K
[01m[K/home/richard/ros2_ws/src/tp1/src/main.cpp:[m[K In function â€˜[01m[Kvoid*[01;32m[K mainThreadFunction[m[K(void*)[m[Kâ€™:
[01m[K/home/richard/ros2_ws/src/tp1/src/main.cpp:102:32:[m[K [01;35m[Kwarning: [m[Kunused parameter â€˜[01m[Karg[m[Kâ€™ [[01;35m[K]8;;https://gcc.gnu.org/onlinedocs/gcc/Warning-Options.html#index-Wunused-parameter-Wunused-parameter]8;;[m[K]
  102 | void *mainThreadFunction([01;35m[Kvoid *arg[m[K)
      |                          [01;35m[K~~~~~~^~~[m[K
[01m[K/home/richard/ros2_ws/src/tp1/src/main.cpp:[m[K In function â€˜[01m[Kint[01;32m[K main[m[K(int, char**)[m[Kâ€™:
[01m[K/home/richard/ros2_ws/src/tp1/src/main.cpp:121:41:[m[K [01;35m[Kwarning: [m[Kunused variable â€˜[01m[KgraphicsThread[m[Kâ€™ [[01;35m[K]8;;https://gcc.gnu.org/onlinedocs/gcc/Warning-Options.html#index-Wunused-variable-Wunused-variable]8;;[m[K]
  121 |   pthread_t mainThread, keyboardThread, [01;35m[KgraphicsThread[m[K;
      |                                         [01;35m[K^~~~~~~~~~~~~~[m[K
gmake[2]: *** [CMakeFiles/navigation.dir/build.make:76: CMakeFiles/navigation.dir/src/main.cpp.o] Erro 1
gmake[1]: *** [CMakeFiles/Makefile2:137: CMakeFiles/navigation.dir/all] Erro 2
gmake: *** [Makefile:146: all] Erro 2
