[0.017s] Invoking command in '/home/richard/ros2_ws/build/tp1': CMAKE_PREFIX_PATH=${CMAKE_PREFIX_PATH}:/opt/ros/jazzy DEBUGINFOD_URLS=https://debuginfod.ubuntu.com /usr/bin/cmake --build /home/richard/ros2_ws/build/tp1 -- -j4 -l4
[0.120s] [ 12%] [32mBuilding CXX object CMakeFiles/navigation.dir/src/PotentialField.cpp.o[0m
[2.533s] [01m[K/home/richard/ros2_ws/src/tp1/src/PotentialField.cpp:[m[K In function â€˜[01m[Kvoid[01;32m[K convergeCampo[m[K(float)[m[Kâ€™:
[2.533s] [01m[K/home/richard/ros2_ws/src/tp1/src/PotentialField.cpp:45:35:[m[K [01;31m[Kerror: [m[Kâ€˜[01m[Koffset[m[Kâ€™ was not declared in this scope; did you mean â€˜[01m[Koff_t[m[Kâ€™?
[2.533s]    45 |     float posX = (roboPosicao.x + [01;31m[Koffset[m[K[0]) / scaleFactor;
[2.533s]       |                                   [01;31m[K^~~~~~[m[K
[2.533s]       |                                   [32m[Koff_t[m[K
[2.538s] [01m[K/home/richard/ros2_ws/src/tp1/src/PotentialField.cpp:45:48:[m[K [01;31m[Kerror: [m[Kâ€˜[01m[KscaleFactor[m[Kâ€™ was not declared in this scope
[2.538s]    45 |     float posX = (roboPosicao.x + offset[0]) / [01;31m[KscaleFactor[m[K;
[2.538s]       |                                                [01;31m[K^~~~~~~~~~~[m[K
[2.540s] [01m[K/home/richard/ros2_ws/src/tp1/src/PotentialField.cpp:[m[K In function â€˜[01m[Kvoid*[01;32m[K potentialFieldThreadFunction[m[K(void*)[m[Kâ€™:
[2.540s] [01m[K/home/richard/ros2_ws/src/tp1/src/PotentialField.cpp:84:42:[m[K [01;35m[Kwarning: [m[Kunused parameter â€˜[01m[Karg[m[Kâ€™ [[01;35m[K]8;;https://gcc.gnu.org/onlinedocs/gcc/Warning-Options.html#index-Wunused-parameter-Wunused-parameter]8;;[m[K]
[2.540s]    84 | void* potentialFieldThreadFunction([01;35m[Kvoid* arg[m[K) {
[2.540s]       |                                    [01;35m[K~~~~~~^~~[m[K
[3.206s] gmake[2]: *** [CMakeFiles/navigation.dir/build.make:160: CMakeFiles/navigation.dir/src/PotentialField.cpp.o] Erro 1
[3.206s] gmake[1]: *** [CMakeFiles/Makefile2:137: CMakeFiles/navigation.dir/all] Erro 2
[3.207s] gmake: *** [Makefile:146: all] Erro 2
[3.208s] Invoked command in '/home/richard/ros2_ws/build/tp1' returned '2': CMAKE_PREFIX_PATH=${CMAKE_PREFIX_PATH}:/opt/ros/jazzy DEBUGINFOD_URLS=https://debuginfod.ubuntu.com /usr/bin/cmake --build /home/richard/ros2_ws/build/tp1 -- -j4 -l4
