[0.020s] Invoking command in '/home/richard/ros2_ws/build/tp1': CMAKE_PREFIX_PATH=${CMAKE_PREFIX_PATH}:/opt/ros/jazzy DEBUGINFOD_URLS=https://debuginfod.ubuntu.com /usr/bin/cmake --build /home/richard/ros2_ws/build/tp1 -- -j2 -l2
[0.095s] [ 20%] [32mBuilding CXX object CMakeFiles/navigation.dir/src/Action.cpp.o[0m
[0.673s] [01m[K/home/richard/ros2_ws/src/tp1/src/Action.cpp:[m[K In function â€˜[01m[Kstd::vector<float>[01;32m[K smoothVector[m[K(const std::vector<float>&, int)[m[Kâ€™:
[0.673s] [01m[K/home/richard/ros2_ws/src/tp1/src/Action.cpp:18:33:[m[K [01;35m[Kwarning: [m[Kcomparison of unsigned expression in â€˜[01m[K>= 0[m[Kâ€™ is always true [[01;35m[K]8;;https://gcc.gnu.org/onlinedocs/gcc/Warning-Options.html#index-Wtype-limits-Wtype-limits]8;;[m[K]
[0.673s]    18 |         int start = ([01;35m[Ki - janela >= 0[m[K) ? i - janela : 0; // NÃ£o vai ficar abaixo de 0
[0.673s]       |                      [01;35m[K~~~~~~~~~~~^~~~[m[K
[0.675s] [01m[K/home/richard/ros2_ws/src/tp1/src/Action.cpp:[m[K In function â€˜[01m[Kint[01;32m[K findMinPosition[m[K(const std::vector<float>&)[m[Kâ€™:
[0.675s] [01m[K/home/richard/ros2_ws/src/tp1/src/Action.cpp:52:12:[m[K [01;35m[Kwarning: [m[Kleft operand of comma operator has no effect [[01;35m[K]8;;https://gcc.gnu.org/onlinedocs/gcc/Warning-Options.html#index-Wunused-value-Wunused-value]8;;[m[K]
[0.675s]    52 |     return [01;35m[KminPosition[m[K, minValue;  // Retorna a posiÃ§Ã£o do menor valor
[0.675s]       |            [01;35m[K^~~~~~~~~~~[m[K
[0.675s] [01m[K/home/richard/ros2_ws/src/tp1/src/Action.cpp:[m[K In member function â€˜[01m[Kvoid Action::[01;32m[KavoidObstacles[m[K(std::vector<float>, std::vector<float>)[m[Kâ€™:
[0.675s] [01m[K/home/richard/ros2_ws/src/tp1/src/Action.cpp:65:5:[m[K [01;31m[Kerror: [m[Kexpected â€˜[01m[K,[m[Kâ€™ or â€˜[01m[K;[m[Kâ€™ before â€˜[01m[Kfloat[m[Kâ€™
[0.675s]    65 |     [01;31m[Kfloat[m[K minDistance = 0.0
[0.675s]       |     [01;31m[K^~~~~[m[K
[0.675s] [01m[K/home/richard/ros2_ws/src/tp1/src/Action.cpp:61:75:[m[K [01;35m[Kwarning: [m[Kunused parameter â€˜[01m[Ksonars[m[Kâ€™ [[01;35m[K]8;;https://gcc.gnu.org/onlinedocs/gcc/Warning-Options.html#index-Wunused-parameter-Wunused-parameter]8;;[m[K]
[0.676s]    61 | n::avoidObstacles(std::vector<float> lasers, [01;35m[Kstd::vector<float> sonars[m[K)
[0.676s]       |                                              [01;35m[K~~~~~~~~~~~~~~~~~~~^~~~~~[m[K
[0.676s] 
[0.766s] gmake[2]: *** [CMakeFiles/navigation.dir/build.make:90: CMakeFiles/navigation.dir/src/Action.cpp.o] Erro 1
[0.767s] gmake[1]: *** [CMakeFiles/Makefile2:137: CMakeFiles/navigation.dir/all] Erro 2
[0.767s] gmake: *** [Makefile:146: all] Erro 2
[0.769s] Invoked command in '/home/richard/ros2_ws/build/tp1' returned '2': CMAKE_PREFIX_PATH=${CMAKE_PREFIX_PATH}:/opt/ros/jazzy DEBUGINFOD_URLS=https://debuginfod.ubuntu.com /usr/bin/cmake --build /home/richard/ros2_ws/build/tp1 -- -j2 -l2
