[0.016s] Invoking command in '/home/richard/ros2_ws/build/tp1': CMAKE_PREFIX_PATH=${CMAKE_PREFIX_PATH}:/opt/ros/jazzy DEBUGINFOD_URLS=https://debuginfod.ubuntu.com /usr/bin/cmake --build /home/richard/ros2_ws/build/tp1 -- -j2 -l2
[0.106s] [ 14%] [32mBuilding CXX object CMakeFiles/navigation.dir/src/main.cpp.o[0m
[3.028s] [01m[K/home/richard/ros2_ws/src/tp1/src/main.cpp:[m[K In function â€˜[01m[Kvoid*[01;32m[K keyboardThreadFunction[m[K(void*)[m[Kâ€™:
[3.028s] [01m[K/home/richard/ros2_ws/src/tp1/src/main.cpp:92:36:[m[K [01;35m[Kwarning: [m[Kunused parameter â€˜[01m[Karg[m[Kâ€™ [[01;35m[K]8;;https://gcc.gnu.org/onlinedocs/gcc/Warning-Options.html#index-Wunused-parameter-Wunused-parameter]8;;[m[K]
[3.028s]    92 | void *keyboardThreadFunction([01;35m[Kvoid *arg[m[K)
[3.028s]       |                              [01;35m[K~~~~~~^~~[m[K
[3.030s] [01m[K/home/richard/ros2_ws/src/tp1/src/main.cpp:[m[K In function â€˜[01m[Kvoid*[01;32m[K mainThreadFunction[m[K(void*)[m[Kâ€™:
[3.030s] [01m[K/home/richard/ros2_ws/src/tp1/src/main.cpp:106:32:[m[K [01;35m[Kwarning: [m[Kunused parameter â€˜[01m[Karg[m[Kâ€™ [[01;35m[K]8;;https://gcc.gnu.org/onlinedocs/gcc/Warning-Options.html#index-Wunused-parameter-Wunused-parameter]8;;[m[K]
[3.030s]   106 | void *mainThreadFunction([01;35m[Kvoid *arg[m[K)
[3.030s]       |                          [01;35m[K~~~~~~^~~[m[K
[13.560s] [ 28%] [32mBuilding CXX object CMakeFiles/navigation.dir/src/Graph.cpp.o[0m
[14.013s] [01m[K/home/richard/ros2_ws/src/tp1/src/Graph.cpp:[m[K In function â€˜[01m[Kvoid*[01;32m[K graphicsThreadFunction[m[K(void*)[m[Kâ€™:
[14.013s] [01m[K/home/richard/ros2_ws/src/tp1/src/Graph.cpp:81:36:[m[K [01;35m[Kwarning: [m[Kunused parameter â€˜[01m[Karg[m[Kâ€™ [[01;35m[K]8;;https://gcc.gnu.org/onlinedocs/gcc/Warning-Options.html#index-Wunused-parameter-Wunused-parameter]8;;[m[K]
[14.013s]    81 | void* graphicsThreadFunction([01;35m[Kvoid* arg[m[K) {
[14.013s]       |                              [01;35m[K~~~~~~^~~[m[K
[14.169s] [ 42%] [32mBuilding CXX object CMakeFiles/navigation.dir/src/Mapping.cpp.o[0m
[14.592s] [01m[K/home/richard/ros2_ws/src/tp1/src/Mapping.cpp:[m[K In function â€˜[01m[Kvoid*[01;32m[K mappingThreadFunction[m[K(void*)[m[Kâ€™:
[14.592s] [01m[K/home/richard/ros2_ws/src/tp1/src/Mapping.cpp:312:12:[m[K [01;31m[Kerror: [m[Kâ€˜[01m[Krclcpp[m[Kâ€™ has not been declared
[14.592s]   312 |     while ([01;31m[Krclcpp[m[K::ok()) {
[14.592s]       |            [01;31m[K^~~~~~[m[K
[14.593s] [01m[K/home/richard/ros2_ws/src/tp1/src/Mapping.cpp:311:35:[m[K [01;35m[Kwarning: [m[Kunused parameter â€˜[01m[Karg[m[Kâ€™ [[01;35m[K]8;;https://gcc.gnu.org/onlinedocs/gcc/Warning-Options.html#index-Wunused-parameter-Wunused-parameter]8;;[m[K]
[14.593s]   311 | void* mappingThreadFunction([01;35m[Kvoid* arg[m[K) {
[14.593s]       |                             [01;35m[K~~~~~~^~~[m[K
[14.705s] gmake[2]: *** [CMakeFiles/navigation.dir/build.make:146: CMakeFiles/navigation.dir/src/Mapping.cpp.o] Erro 1
[14.705s] gmake[1]: *** [CMakeFiles/Makefile2:137: CMakeFiles/navigation.dir/all] Erro 2
[14.705s] gmake: *** [Makefile:146: all] Erro 2
[14.708s] Invoked command in '/home/richard/ros2_ws/build/tp1' returned '2': CMAKE_PREFIX_PATH=${CMAKE_PREFIX_PATH}:/opt/ros/jazzy DEBUGINFOD_URLS=https://debuginfod.ubuntu.com /usr/bin/cmake --build /home/richard/ros2_ws/build/tp1 -- -j2 -l2
