[0.020s] Invoking command in '/home/richard/ros2_ws/build/tp1': CMAKE_PREFIX_PATH=${CMAKE_PREFIX_PATH}:/opt/ros/jazzy DEBUGINFOD_URLS=https://debuginfod.ubuntu.com /usr/bin/cmake --build /home/richard/ros2_ws/build/tp1 -- -j2 -l2
[0.087s] [ 20%] [32mBuilding CXX object CMakeFiles/navigation.dir/src/Utils.cpp.o[0m
[0.088s] [ 40%] [32mBuilding CXX object CMakeFiles/navigation.dir/src/Action.cpp.o[0m
[0.957s] [01m[K/home/richard/ros2_ws/src/tp1/src/Action.cpp:[m[K In member function â€˜[01m[Kvoid Action::[01;32m[KavoidObstacles[m[K(std::vector<float>, std::vector<float>)[m[Kâ€™:
[0.957s] [01m[K/home/richard/ros2_ws/src/tp1/src/Action.cpp:14:24:[m[K [01;31m[Kerror: [m[Kâ€˜[01m[KmediaLeituras[m[Kâ€™ was not declared in this scope
[0.958s]    14 |     float mediaLaser = [01;31m[KmediaLeituras[m[K(lasers);
[0.958s]       |                        [01;31m[K^~~~~~~~~~~~~[m[K
[0.958s] [01m[K/home/richard/ros2_ws/src/tp1/src/Action.cpp:[m[K In member function â€˜[01m[Kvoid Action::[01;32m[KkeepAsFarthestAsPossibleFromWalls[m[K(std::vector<float>, std::vector<float>)[m[Kâ€™:
[0.958s] [01m[K/home/richard/ros2_ws/src/tp1/src/Action.cpp:23:67:[m[K [01;35m[Kwarning: [m[Kunused parameter â€˜[01m[Klasers[m[Kâ€™ [[01;35m[K]8;;https://gcc.gnu.org/onlinedocs/gcc/Warning-Options.html#index-Wunused-parameter-Wunused-parameter]8;;[m[K]
[0.958s]    23 | ction::keepAsFarthestAsPossibleFromWalls([01;35m[Kstd::vector<float> lasers[m[K, std::vector<float> sonars)
[0.958s]       |                                          [01;35m[K~~~~~~~~~~~~~~~~~~~^~~~~~[m[K
[0.958s] 
[0.958s] [01m[K/home/richard/ros2_ws/src/tp1/src/Action.cpp:23:94:[m[K [01;35m[Kwarning: [m[Kunused parameter â€˜[01m[Ksonars[m[Kâ€™ [[01;35m[K]8;;https://gcc.gnu.org/onlinedocs/gcc/Warning-Options.html#index-Wunused-parameter-Wunused-parameter]8;;[m[K]
[0.958s]    23 | PossibleFromWalls(std::vector<float> lasers, [01;35m[Kstd::vector<float> sonars[m[K)
[0.958s]       |                                              [01;35m[K~~~~~~~~~~~~~~~~~~~^~~~~~[m[K
[0.958s] 
[1.028s] [01m[K/home/richard/ros2_ws/src/tp1/src/Utils.cpp:54:32:[m[K [01;31m[Kerror: [m[Kâ€˜[01m[Kvector[m[Kâ€™ in namespace â€˜[01m[Kstd[m[Kâ€™ does not name a template type
[1.028s]    54 | float mediaLeituras(const std::[01;31m[Kvector[m[K<float>& leituras) {
[1.028s]       |                                [01;31m[K^~~~~~[m[K
[1.028s] [01m[K/home/richard/ros2_ws/src/tp1/src/Utils.cpp:6:1:[m[K [01;36m[Knote: [m[Kâ€˜[01m[Kstd::vector[m[Kâ€™ is defined in header â€˜[01m[K<vector>[m[Kâ€™; did you forget to â€˜[01m[K#include <vector>[m[Kâ€™?
[1.028s]     5 | #include <cstdio>
[1.028s]   +++ |+[32m[K#include <vector>[m[K
[1.028s]     6 | 
[1.028s] [01m[K/home/richard/ros2_ws/src/tp1/src/Utils.cpp:54:38:[m[K [01;31m[Kerror: [m[Kexpected â€˜[01m[K,[m[Kâ€™ or â€˜[01m[K...[m[Kâ€™ before â€˜[01m[K<[m[Kâ€™ token
[1.028s]    54 | float mediaLeituras(const std::vector[01;31m[K<[m[Kfloat>& leituras) {
[1.028s]       |                                      [01;31m[K^[m[K
[1.037s] [01m[K/home/richard/ros2_ws/src/tp1/src/Utils.cpp:[m[K In function â€˜[01m[Kfloat[01;32m[K mediaLeituras[m[K(int)[m[Kâ€™:
[1.037s] [01m[K/home/richard/ros2_ws/src/tp1/src/Utils.cpp:55:9:[m[K [01;31m[Kerror: [m[Kâ€˜[01m[Kleituras[m[Kâ€™ was not declared in this scope
[1.037s]    55 |     if ([01;31m[Kleituras[m[K.empty()) return 0.0f;
[1.037s]       |         [01;31m[K^~~~~~~~[m[K
[1.041s] [01m[K/home/richard/ros2_ws/src/tp1/src/Utils.cpp:59:24:[m[K [01;31m[Kerror: [m[Kâ€˜[01m[Kleituras[m[Kâ€™ was not declared in this scope
[1.041s]    59 |     for (float valor : [01;31m[Kleituras[m[K) {
[1.041s]       |                        [01;31m[K^~~~~~~~[m[K
[1.047s] [01m[K/home/richard/ros2_ws/src/tp1/src/Utils.cpp:63:19:[m[K [01;31m[Kerror: [m[Kâ€˜[01m[Kleituras[m[Kâ€™ was not declared in this scope
[1.048s]    63 |     return soma / [01;31m[Kleituras[m[K.size();
[1.048s]       |                   [01;31m[K^~~~~~~~[m[K
[1.102s] gmake[2]: *** [CMakeFiles/navigation.dir/build.make:90: CMakeFiles/navigation.dir/src/Action.cpp.o] Erro 1
[1.102s] gmake[2]: ** Esperando que outros processos terminem.
[1.189s] gmake[2]: *** [CMakeFiles/navigation.dir/build.make:118: CMakeFiles/navigation.dir/src/Utils.cpp.o] Erro 1
[1.190s] gmake[1]: *** [CMakeFiles/Makefile2:137: CMakeFiles/navigation.dir/all] Erro 2
[1.190s] gmake: *** [Makefile:146: all] Erro 2
[1.194s] Invoked command in '/home/richard/ros2_ws/build/tp1' returned '2': CMAKE_PREFIX_PATH=${CMAKE_PREFIX_PATH}:/opt/ros/jazzy DEBUGINFOD_URLS=https://debuginfod.ubuntu.com /usr/bin/cmake --build /home/richard/ros2_ws/build/tp1 -- -j2 -l2
