[0.016s] Invoking command in '/home/richard/ros2_ws/build/tp1': CMAKE_PREFIX_PATH=${CMAKE_PREFIX_PATH}:/opt/ros/jazzy DEBUGINFOD_URLS=https://debuginfod.ubuntu.com /usr/bin/cmake --build /home/richard/ros2_ws/build/tp1 -- -j2 -l2
[0.154s] [ 16%] [32mBuilding CXX object CMakeFiles/navigation.dir/src/Graph.cpp.o[0m
[0.639s] [01m[K/home/richard/ros2_ws/src/tp1/src/Graph.cpp:[m[K In function â€˜[01m[Kvoid[01;32m[K marcaMatriz[m[K(float, float, float, float, std::vector<std::vector<int> >&)[m[Kâ€™:
[0.640s] [01m[K/home/richard/ros2_ws/src/tp1/src/Graph.cpp:80:29:[m[K [01;35m[Kwarning: [m[Kcomparison of integer expressions of different signedness: â€˜[01m[Kint[m[Kâ€™ and â€˜[01m[Kstd::vector<std::vector<int> >::size_type[m[Kâ€™ {aka â€˜[01m[Klong unsigned int[m[Kâ€™} [[01;35m[K]8;;https://gcc.gnu.org/onlinedocs/gcc/Warning-Options.html#index-Wsign-compare-Wsign-compare]8;;[m[K]
[0.640s]    80 |     if (linha >= 0 && [01;35m[Klinha < matriz.size()[m[K && coluna >= 0 && coluna < matriz[0].size()) {
[0.640s]       |                       [01;35m[K~~~~~~^~~~~~~~~~~~~~~[m[K
[0.640s] [01m[K/home/richard/ros2_ws/src/tp1/src/Graph.cpp:80:70:[m[K [01;35m[Kwarning: [m[Kcomparison of integer expressions of different signedness: â€˜[01m[Kint[m[Kâ€™ and â€˜[01m[Kstd::vector<int>::size_type[m[Kâ€™ {aka â€˜[01m[Klong unsigned int[m[Kâ€™} [[01;35m[K]8;;https://gcc.gnu.org/onlinedocs/gcc/Warning-Options.html#index-Wsign-compare-Wsign-compare]8;;[m[K]
[0.641s]    80 | inha >= 0 && linha < matriz.size() && coluna >= 0 && [01;35m[Kcoluna < matriz[0].size()[m[K) {
[0.644s]       |                                                      [01;35m[K~~~~~~~^~~~~~~~~~~~~~~~~~[m[K
[0.644s] 
[0.644s] [01m[K/home/richard/ros2_ws/src/tp1/src/Graph.cpp:[m[K In function â€˜[01m[Kvoid*[01;32m[K graphicsThreadFunction[m[K(void*)[m[Kâ€™:
[0.644s] [01m[K/home/richard/ros2_ws/src/tp1/src/Graph.cpp:105:57:[m[K [01;35m[Kwarning: [m[Knarrowing conversion of â€˜[01m[K(((double)(roboPosicao.Position::x * scaleFactor)) - 8.0000000000000004e-1)[m[Kâ€™ from â€˜[01m[Kdouble[m[Kâ€™ to â€˜[01m[Kfloat[m[Kâ€™ [[01;35m[K]8;;https://gcc.gnu.org/onlinedocs/gcc/Warning-Options.html#index-Wnarrowing-Wnarrowing]8;;[m[K]
[0.644s]   105 |         Position posRobo = {[01;35m[KroboPosicao.x * scaleFactor - 0.8[m[K,
[0.644s]       |                             [01;35m[K~~~~~~~~~~~~~~~~~~~~~~~~~~~~^~~~~[m[K
[0.644s] [01m[K/home/richard/ros2_ws/src/tp1/src/Graph.cpp:106:57:[m[K [01;35m[Kwarning: [m[Knarrowing conversion of â€˜[01m[K(((double)(roboPosicao.Position::y * scaleFactor)) - 6.9999999999999996e-1)[m[Kâ€™ from â€˜[01m[Kdouble[m[Kâ€™ to â€˜[01m[Kfloat[m[Kâ€™ [[01;35m[K]8;;https://gcc.gnu.org/onlinedocs/gcc/Warning-Options.html#index-Wnarrowing-Wnarrowing]8;;[m[K]
[0.644s]   106 |                             [01;35m[KroboPosicao.y * scaleFactor - 0.7[m[K};
[0.644s]       |                             [01;35m[K~~~~~~~~~~~~~~~~~~~~~~~~~~~~^~~~~[m[K
[0.656s] [01m[K/home/richard/ros2_ws/src/tp1/src/Graph.cpp:160:29:[m[K [01;31m[Kerror: [m[Kâ€˜[01m[Kparedes[m[Kâ€™ was not declared in this scope; did you mean â€˜[01m[Kparede[m[Kâ€™?
[0.656s]   160 |         for (auto& parede : [01;31m[Kparedes[m[K) {
[0.657s]       |                             [01;31m[K^~~~~~~[m[K
[0.658s]       |                             [32m[Kparede[m[K
[0.658s] [01m[K/home/richard/ros2_ws/src/tp1/src/Graph.cpp:85:36:[m[K [01;35m[Kwarning: [m[Kunused parameter â€˜[01m[Karg[m[Kâ€™ [[01;35m[K]8;;https://gcc.gnu.org/onlinedocs/gcc/Warning-Options.html#index-Wunused-parameter-Wunused-parameter]8;;[m[K]
[0.658s]    85 | void* graphicsThreadFunction([01;35m[Kvoid* arg[m[K) {
[0.658s]       |                              [01;35m[K~~~~~~^~~[m[K
[0.767s] gmake[2]: *** [CMakeFiles/navigation.dir/build.make:132: CMakeFiles/navigation.dir/src/Graph.cpp.o] Erro 1
[0.767s] gmake[1]: *** [CMakeFiles/Makefile2:137: CMakeFiles/navigation.dir/all] Erro 2
[0.767s] gmake: *** [Makefile:146: all] Erro 2
[0.771s] Invoked command in '/home/richard/ros2_ws/build/tp1' returned '2': CMAKE_PREFIX_PATH=${CMAKE_PREFIX_PATH}:/opt/ros/jazzy DEBUGINFOD_URLS=https://debuginfod.ubuntu.com /usr/bin/cmake --build /home/richard/ros2_ws/build/tp1 -- -j2 -l2
