[0.020s] Invoking command in '/home/richard/ros2_ws/build/tp1': CMAKE_PREFIX_PATH=${CMAKE_PREFIX_PATH}:/opt/ros/jazzy DEBUGINFOD_URLS=https://debuginfod.ubuntu.com /usr/bin/cmake --build /home/richard/ros2_ws/build/tp1 -- -j4 -l4
[0.235s] [ 12%] [32mBuilding CXX object CMakeFiles/navigation.dir/src/Graph.cpp.o[0m
[0.242s] [ 25%] [32mBuilding CXX object CMakeFiles/navigation.dir/src/Mapping.cpp.o[0m
[1.408s] [01m[K/home/richard/ros2_ws/src/tp1/src/Graph.cpp:[m[K In function â€˜[01m[Kvoid*[01;32m[K graphicsThreadFunction[m[K(void*)[m[Kâ€™:
[1.408s] [01m[K/home/richard/ros2_ws/src/tp1/src/Graph.cpp:204:36:[m[K [01;35m[Kwarning: [m[Kunused parameter â€˜[01m[Karg[m[Kâ€™ [[01;35m[K]8;;https://gcc.gnu.org/onlinedocs/gcc/Warning-Options.html#index-Wunused-parameter-Wunused-parameter]8;;[m[K]
[1.408s]   204 | void* graphicsThreadFunction([01;35m[Kvoid* arg[m[K) {
[1.408s]       |                              [01;35m[K~~~~~~^~~[m[K
[3.752s] [01m[K/home/richard/ros2_ws/src/tp1/src/Mapping.cpp:[m[K In function â€˜[01m[Kvoid*[01;32m[K mappingThreadFunction[m[K(void*)[m[Kâ€™:
[3.752s] [01m[K/home/richard/ros2_ws/src/tp1/src/Mapping.cpp:316:35:[m[K [01;35m[Kwarning: [m[Kunused parameter â€˜[01m[Karg[m[Kâ€™ [[01;35m[K]8;;https://gcc.gnu.org/onlinedocs/gcc/Warning-Options.html#index-Wunused-parameter-Wunused-parameter]8;;[m[K]
[3.752s]   316 | void* mappingThreadFunction([01;35m[Kvoid* arg[m[K) {
[3.752s]       |                             [01;35m[K~~~~~~^~~[m[K
[4.861s] [ 37%] [32m[1mLinking CXX executable navigation[0m
[4.993s] /usr/bin/ld: CMakeFiles/navigation.dir/src/Mapping.cpp.o:(.data+0x0): mÃºltiplas definiÃ§Ãµes de "scaleFactor"; CMakeFiles/navigation.dir/src/Action.cpp.o:(.data+0x0): definido primeiro aqui
[5.658s] collect2: error: ld returned 1 exit status
[5.661s] gmake[2]: *** [CMakeFiles/navigation.dir/build.make:322: navigation] Erro 1
[5.661s] gmake[1]: *** [CMakeFiles/Makefile2:137: CMakeFiles/navigation.dir/all] Erro 2
[5.661s] gmake: *** [Makefile:146: all] Erro 2
[5.663s] Invoked command in '/home/richard/ros2_ws/build/tp1' returned '2': CMAKE_PREFIX_PATH=${CMAKE_PREFIX_PATH}:/opt/ros/jazzy DEBUGINFOD_URLS=https://debuginfod.ubuntu.com /usr/bin/cmake --build /home/richard/ros2_ws/build/tp1 -- -j4 -l4
