[0.016s] Invoking command in '/home/richard/ros2_ws/build/tp1': CMAKE_PREFIX_PATH=${CMAKE_PREFIX_PATH}:/opt/ros/jazzy DEBUGINFOD_URLS=https://debuginfod.ubuntu.com /usr/bin/cmake --build /home/richard/ros2_ws/build/tp1 -- -j2 -l2
[0.063s] -- Found ament_cmake: 2.5.3 (/opt/ros/jazzy/share/ament_cmake/cmake)
[0.506s] [33mCMake Warning (dev) at /usr/share/cmake-3.28/Modules/FindOpenGL.cmake:381 (message):
[0.506s]   Policy CMP0072 is not set: FindOpenGL prefers GLVND by default when
[0.506s]   available.  Run "cmake --help-policy CMP0072" for policy details.  Use the
[0.506s]   cmake_policy command to set the policy and suppress this warning.
[0.506s] 
[0.507s]   FindOpenGL found both a legacy GL library:
[0.507s] 
[0.507s]     OPENGL_gl_LIBRARY: /usr/lib/x86_64-linux-gnu/libGL.so
[0.507s] 
[0.507s]   and GLVND libraries for OpenGL and GLX:
[0.507s] 
[0.507s]     OPENGL_opengl_LIBRARY: /usr/lib/x86_64-linux-gnu/libOpenGL.so
[0.507s]     OPENGL_glx_LIBRARY: /usr/lib/x86_64-linux-gnu/libGLX.so
[0.507s] 
[0.507s]   OpenGL_GL_PREFERENCE has not been set to "GLVND" or "LEGACY", so for
[0.507s]   compatibility with CMake 3.10 and below the legacy GL library will be used.
[0.508s] Call Stack (most recent call first):
[0.508s]   CMakeLists.txt:13 (find_package)
[0.508s] This warning is for project developers.  Use -Wno-dev to suppress it.
[0.508s] [0m
[0.521s] -- Found rclcpp: 28.1.8 (/opt/ros/jazzy/share/rclcpp/cmake)
[0.616s] -- Found rosidl_generator_c: 4.6.5 (/opt/ros/jazzy/share/rosidl_generator_c/cmake)
[0.644s] -- Found rosidl_generator_cpp: 4.6.5 (/opt/ros/jazzy/share/rosidl_generator_cpp/cmake)
[0.662s] -- Using all available rosidl_typesupport_c: rosidl_typesupport_fastrtps_c;rosidl_typesupport_introspection_c
[0.681s] -- Using all available rosidl_typesupport_cpp: rosidl_typesupport_fastrtps_cpp;rosidl_typesupport_introspection_cpp
[0.895s] -- Found rmw_implementation_cmake: 7.3.2 (/opt/ros/jazzy/share/rmw_implementation_cmake/cmake)
[0.902s] -- Found rmw_fastrtps_cpp: 8.4.2 (/opt/ros/jazzy/share/rmw_fastrtps_cpp/cmake)
[1.067s] -- Using RMW implementation 'rmw_fastrtps_cpp' as default
[1.178s] -- Found sensor_msgs: 5.3.6 (/opt/ros/jazzy/share/sensor_msgs/cmake)
[1.292s] -- Found nav_msgs: 5.3.6 (/opt/ros/jazzy/share/nav_msgs/cmake)
[1.337s] -- Found tf2: 0.36.9 (/opt/ros/jazzy/share/tf2/cmake)
[1.344s] -- Found tf2_geometry_msgs: 0.36.9 (/opt/ros/jazzy/share/tf2_geometry_msgs/cmake)
[1.346s] -- Found eigen3_cmake_module: 0.3.0 (/opt/ros/jazzy/share/eigen3_cmake_module/cmake)
[1.348s] -- Ensuring Eigen3 include directory is part of orocos-kdl CMake target
[1.543s] -- Found ament_lint_auto: 0.17.2 (/opt/ros/jazzy/share/ament_lint_auto/cmake)
[1.674s] -- Added test 'cppcheck' to perform static code analysis on C / C++ code
[1.674s] -- Configured cppcheck include dirs: $<BUILD_INTERFACE:/home/richard/ros2_ws/src/tp1/include>
[1.675s] -- Configured cppcheck exclude dirs and/or files: 
[1.675s] -- Added test 'flake8' to check Python code syntax and style conventions
[1.676s] -- Configured 'flake8' exclude dirs and/or files: 
[1.678s] -- Added test 'lint_cmake' to check CMake code style
[1.678s] -- Added test 'pep257' to check Python code against some of the docstring style conventions in PEP 257
[1.678s] -- Added test 'uncrustify' to check C / C++ code style
[1.679s] -- Configured uncrustify additional arguments: 
[1.679s] -- Added test 'xmllint' to check XML markup files
[1.681s] -- Configuring done (1.6s)
[1.701s] -- Generating done (0.0s)
[1.710s] -- Build files have been written to: /home/richard/ros2_ws/build/tp1
[1.767s] [ 33%] [32mBuilding CXX object CMakeFiles/navigation.dir/src/Perception.cpp.o[0m
[1.767s] [ 33%] [32mBuilding CXX object CMakeFiles/navigation.dir/src/Graph.cpp.o[0m
[1.969s] [01m[K/home/richard/ros2_ws/src/tp1/src/Perception.cpp:5:10:[m[K [01;31m[Kfatal error: [m[Ktf2_geometry_msgs/tf2_geometry_msgs.h: Arquivo ou diretÃ³rio inexistente
[1.969s]     5 | #include [01;31m[K<tf2_geometry_msgs/tf2_geometry_msgs.h>[m[K
[1.969s]       |          [01;31m[K^~~~~~~~~~~~~~~~~~~~~~~~~~~~~~~~~~~~~~~[m[K
[1.969s] compilation terminated.
[1.971s] gmake[2]: *** [CMakeFiles/navigation.dir/build.make:104: CMakeFiles/navigation.dir/src/Perception.cpp.o] Erro 1
[1.972s] gmake[2]: ** Esperando que outros processos terminem.
[1.982s] [01m[K/home/richard/ros2_ws/src/tp1/src/Graph.cpp:[m[K In function â€˜[01m[Kvoid*[01;32m[K graphicsThreadFunction[m[K(void*)[m[Kâ€™:
[1.983s] [01m[K/home/richard/ros2_ws/src/tp1/src/Graph.cpp:12:36:[m[K [01;35m[Kwarning: [m[Kunused parameter â€˜[01m[Karg[m[Kâ€™ [[01;35m[K]8;;https://gcc.gnu.org/onlinedocs/gcc/Warning-Options.html#index-Wunused-parameter-Wunused-parameter]8;;[m[K]
[1.983s]    12 | void* graphicsThreadFunction([01;35m[Kvoid* arg[m[K) {
[1.983s]       |                              [01;35m[K~~~~~~^~~[m[K
[2.047s] gmake[1]: *** [CMakeFiles/Makefile2:137: CMakeFiles/navigation.dir/all] Erro 2
[2.048s] gmake: *** [Makefile:146: all] Erro 2
[2.054s] Invoked command in '/home/richard/ros2_ws/build/tp1' returned '2': CMAKE_PREFIX_PATH=${CMAKE_PREFIX_PATH}:/opt/ros/jazzy DEBUGINFOD_URLS=https://debuginfod.ubuntu.com /usr/bin/cmake --build /home/richard/ros2_ws/build/tp1 -- -j2 -l2
