[0.021s] Invoking command in '/home/richard/ros2_ws/build/tp1': CMAKE_PREFIX_PATH=${CMAKE_PREFIX_PATH}:/opt/ros/jazzy DEBUGINFOD_URLS=https://debuginfod.ubuntu.com /usr/bin/cmake --build /home/richard/ros2_ws/build/tp1 -- -j2 -l2
[0.212s] [ 16%] [32mBuilding CXX object CMakeFiles/navigation.dir/src/main.cpp.o[0m
[4.707s] [01m[K/home/richard/ros2_ws/src/tp1/src/main.cpp:[m[K In member function â€˜[01m[Kvoid NavigationNode::[01;32m[Ktimer_callback[m[K()[m[Kâ€™:
[4.707s] [01m[K/home/richard/ros2_ws/src/tp1/src/main.cpp:65:31:[m[K [01;31m[Kerror: [m[Kno matching function for call to â€˜[01m[KAction::followTheWalls(std::vector<float>&, std::vector<float>&)[m[Kâ€™
[4.707s]    65 |         [01;31m[Kaction_.followTheWalls(lasers, sonars)[m[K;
[4.708s]       |         [01;31m[K~~~~~~~~~~~~~~~~~~~~~~^~~~~~~~~~~~~~~~[m[K
[4.708s] In file included from [01m[K/home/richard/ros2_ws/src/tp1/src/main.cpp:9[m[K:
[4.708s] [01m[K/home/richard/ros2_ws/src/tp1/include/Action.h:23:10:[m[K [01;36m[Knote: [m[Kcandidate: â€˜[01m[Kvoid Action::[01;32m[KfollowTheWalls[m[K(std::vector<float>, std::vector<float>, std::vector<float>)[m[Kâ€™
[4.708s]    23 |     void [01;36m[KfollowTheWalls[m[K(std::vector<float> lasers, std::vector<float> sonars, std::vector<float> pose);
[4.708s]       |          [01;36m[K^~~~~~~~~~~~~~[m[K
[4.710s] [01m[K/home/richard/ros2_ws/src/tp1/include/Action.h:23:10:[m[K [01;36m[Knote: [m[K  candidate expects 3 arguments, 2 provided
[4.710s] [01m[K/home/richard/ros2_ws/src/tp1/src/main.cpp:[m[K In function â€˜[01m[Kvoid*[01;32m[K keyboardThreadFunction[m[K(void*)[m[Kâ€™:
[4.710s] [01m[K/home/richard/ros2_ws/src/tp1/src/main.cpp:91:36:[m[K [01;35m[Kwarning: [m[Kunused parameter â€˜[01m[Karg[m[Kâ€™ [[01;35m[K]8;;https://gcc.gnu.org/onlinedocs/gcc/Warning-Options.html#index-Wunused-parameter-Wunused-parameter]8;;[m[K]
[4.710s]    91 | void *keyboardThreadFunction([01;35m[Kvoid *arg[m[K)
[4.710s]       |                              [01;35m[K~~~~~~^~~[m[K
[4.715s] [01m[K/home/richard/ros2_ws/src/tp1/src/main.cpp:[m[K In function â€˜[01m[Kvoid*[01;32m[K mainThreadFunction[m[K(void*)[m[Kâ€™:
[4.715s] [01m[K/home/richard/ros2_ws/src/tp1/src/main.cpp:105:32:[m[K [01;35m[Kwarning: [m[Kunused parameter â€˜[01m[Karg[m[Kâ€™ [[01;35m[K]8;;https://gcc.gnu.org/onlinedocs/gcc/Warning-Options.html#index-Wunused-parameter-Wunused-parameter]8;;[m[K]
[4.715s]   105 | void *mainThreadFunction([01;35m[Kvoid *arg[m[K)
[4.715s]       |                          [01;35m[K~~~~~~^~~[m[K
[9.327s] gmake[2]: *** [CMakeFiles/navigation.dir/build.make:76: CMakeFiles/navigation.dir/src/main.cpp.o] Erro 1
[9.330s] gmake[1]: *** [CMakeFiles/Makefile2:137: CMakeFiles/navigation.dir/all] Erro 2
[9.331s] gmake: *** [Makefile:146: all] Erro 2
[9.336s] Invoked command in '/home/richard/ros2_ws/build/tp1' returned '2': CMAKE_PREFIX_PATH=${CMAKE_PREFIX_PATH}:/opt/ros/jazzy DEBUGINFOD_URLS=https://debuginfod.ubuntu.com /usr/bin/cmake --build /home/richard/ros2_ws/build/tp1 -- -j2 -l2
