[01m[K/home/richard/ros2_ws/src/tp1/src/PotentialField.cpp:[m[K In function â€˜[01m[Kvoid[01;32m[K convergeCampo[m[K(float)[m[Kâ€™:
[01m[K/home/richard/ros2_ws/src/tp1/src/PotentialField.cpp:45:35:[m[K [01;31m[Kerror: [m[Kâ€˜[01m[Koffset[m[Kâ€™ was not declared in this scope; did you mean â€˜[01m[Koff_t[m[Kâ€™?
   45 |     float posX = (roboPosicao.x + [01;31m[Koffset[m[K[0]) / scaleFactor;
      |                                   [01;31m[K^~~~~~[m[K
      |                                   [32m[Koff_t[m[K
[01m[K/home/richard/ros2_ws/src/tp1/src/PotentialField.cpp:45:48:[m[K [01;31m[Kerror: [m[Kâ€˜[01m[KscaleFactor[m[Kâ€™ was not declared in this scope
   45 |     float posX = (roboPosicao.x + offset[0]) / [01;31m[KscaleFactor[m[K;
      |                                                [01;31m[K^~~~~~~~~~~[m[K
[01m[K/home/richard/ros2_ws/src/tp1/src/PotentialField.cpp:[m[K In function â€˜[01m[Kvoid*[01;32m[K potentialFieldThreadFunction[m[K(void*)[m[Kâ€™:
[01m[K/home/richard/ros2_ws/src/tp1/src/PotentialField.cpp:84:42:[m[K [01;35m[Kwarning: [m[Kunused parameter â€˜[01m[Karg[m[Kâ€™ [[01;35m[K]8;;https://gcc.gnu.org/onlinedocs/gcc/Warning-Options.html#index-Wunused-parameter-Wunused-parameter]8;;[m[K]
   84 | void* potentialFieldThreadFunction([01;35m[Kvoid* arg[m[K) {
      |                                    [01;35m[K~~~~~~^~~[m[K
gmake[2]: *** [CMakeFiles/navigation.dir/build.make:160: CMakeFiles/navigation.dir/src/PotentialField.cpp.o] Erro 1
gmake[1]: *** [CMakeFiles/Makefile2:137: CMakeFiles/navigation.dir/all] Erro 2
gmake: *** [Makefile:146: all] Erro 2
