[0.026s] Invoking command in '/home/richard/ros2_ws/build/tp1': CMAKE_PREFIX_PATH=${CMAKE_PREFIX_PATH}:/opt/ros/jazzy DEBUGINFOD_URLS=https://debuginfod.ubuntu.com /usr/bin/cmake --build /home/richard/ros2_ws/build/tp1 -- -j2 -l2
[0.166s] [ 33%] [32mBuilding CXX object CMakeFiles/navigation.dir/src/Graph.cpp.o[0m
[0.171s] [ 33%] [32mBuilding CXX object CMakeFiles/navigation.dir/src/Action.cpp.o[0m
[0.969s] [01m[K/home/richard/ros2_ws/src/tp1/src/Graph.cpp:[m[K In function â€˜[01m[Kvoid[01;32m[K marcaMatriz[m[K(float, float, float, float, std::vector<std::vector<int> >&)[m[Kâ€™:
[0.970s] [01m[K/home/richard/ros2_ws/src/tp1/src/Graph.cpp:80:29:[m[K [01;35m[Kwarning: [m[Kcomparison of integer expressions of different signedness: â€˜[01m[Kint[m[Kâ€™ and â€˜[01m[Kstd::vector<std::vector<int> >::size_type[m[Kâ€™ {aka â€˜[01m[Klong unsigned int[m[Kâ€™} [[01;35m[K]8;;https://gcc.gnu.org/onlinedocs/gcc/Warning-Options.html#index-Wsign-compare-Wsign-compare]8;;[m[K]
[0.971s]    80 |     if (linha >= 0 && [01;35m[Klinha < matriz.size()[m[K && coluna >= 0 && coluna < matriz[0].size()) {
[0.971s]       |                       [01;35m[K~~~~~~^~~~~~~~~~~~~~~[m[K
[0.971s] [01m[K/home/richard/ros2_ws/src/tp1/src/Graph.cpp:80:70:[m[K [01;35m[Kwarning: [m[Kcomparison of integer expressions of different signedness: â€˜[01m[Kint[m[Kâ€™ and â€˜[01m[Kstd::vector<int>::size_type[m[Kâ€™ {aka â€˜[01m[Klong unsigned int[m[Kâ€™} [[01;35m[K]8;;https://gcc.gnu.org/onlinedocs/gcc/Warning-Options.html#index-Wsign-compare-Wsign-compare]8;;[m[K]
[0.971s]    80 |     if (linha >= 0 && linha < matriz.size() && coluna >= 0 && [01;35m[Kcoluna < matriz[0].size()[m[K) {
[0.972s]       |                                                               [01;35m[K~~~~~~~^~~~~~~~~~~~~~~~~~[m[K
[0.972s] [01m[K/home/richard/ros2_ws/src/tp1/src/Graph.cpp:[m[K In function â€˜[01m[Kvoid*[01;32m[K graphicsThreadFunction[m[K(void*)[m[Kâ€™:
[0.972s] [01m[K/home/richard/ros2_ws/src/tp1/src/Graph.cpp:105:57:[m[K [01;35m[Kwarning: [m[Knarrowing conversion of â€˜[01m[K(((double)(roboPosicao.Position::x * scaleFactor)) - 8.0000000000000004e-1)[m[Kâ€™ from â€˜[01m[Kdouble[m[Kâ€™ to â€˜[01m[Kfloat[m[Kâ€™ [[01;35m[K]8;;https://gcc.gnu.org/onlinedocs/gcc/Warning-Options.html#index-Wnarrowing-Wnarrowing]8;;[m[K]
[0.972s]   105 |         Position posRobo = {[01;35m[KroboPosicao.x * scaleFactor - 0.8[m[K,
[0.972s]       |                             [01;35m[K~~~~~~~~~~~~~~~~~~~~~~~~~~~~^~~~~[m[K
[0.972s] [01m[K/home/richard/ros2_ws/src/tp1/src/Graph.cpp:106:57:[m[K [01;35m[Kwarning: [m[Knarrowing conversion of â€˜[01m[K(((double)(roboPosicao.Position::y * scaleFactor)) - 6.9999999999999996e-1)[m[Kâ€™ from â€˜[01m[Kdouble[m[Kâ€™ to â€˜[01m[Kfloat[m[Kâ€™ [[01;35m[K]8;;https://gcc.gnu.org/onlinedocs/gcc/Warning-Options.html#index-Wnarrowing-Wnarrowing]8;;[m[K]
[0.972s]   106 |                             [01;35m[KroboPosicao.y * scaleFactor - 0.7[m[K};
[0.972s]       |                             [01;35m[K~~~~~~~~~~~~~~~~~~~~~~~~~~~~^~~~~[m[K
[0.986s] [01m[K/home/richard/ros2_ws/src/tp1/src/Graph.cpp:160:29:[m[K [01;31m[Kerror: [m[Kâ€˜[01m[Kparedes[m[Kâ€™ was not declared in this scope; did you mean â€˜[01m[Kparede[m[Kâ€™?
[0.987s]   160 |         for (auto& parede : [01;31m[Kparedes[m[K) {
[0.987s]       |                             [01;31m[K^~~~~~~[m[K
[0.987s]       |                             [32m[Kparede[m[K
[0.987s] [01m[K/home/richard/ros2_ws/src/tp1/src/Graph.cpp:85:36:[m[K [01;35m[Kwarning: [m[Kunused parameter â€˜[01m[Karg[m[Kâ€™ [[01;35m[K]8;;https://gcc.gnu.org/onlinedocs/gcc/Warning-Options.html#index-Wunused-parameter-Wunused-parameter]8;;[m[K]
[0.987s]    85 | void* graphicsThreadFunction([01;35m[Kvoid* arg[m[K) {
[0.987s]       |                              [01;35m[K~~~~~~^~~[m[K
[1.132s] gmake[2]: *** [CMakeFiles/navigation.dir/build.make:132: CMakeFiles/navigation.dir/src/Graph.cpp.o] Erro 1
[1.132s] gmake[2]: ** Esperando que outros processos terminem.
[1.311s] [01m[K/home/richard/ros2_ws/src/tp1/src/Action.cpp:[m[K In function â€˜[01m[Kstd::vector<std::vector<int> >[01;32m[K senseWalls[m[K(const std::vector<float>&)[m[Kâ€™:
[1.311s] [01m[K/home/richard/ros2_ws/src/tp1/src/Action.cpp:19:23:[m[K [01;35m[Kwarning: [m[Kcomparison of integer expressions of different signedness: â€˜[01m[Kint[m[Kâ€™ and â€˜[01m[Kstd::vector<float>::size_type[m[Kâ€™ {aka â€˜[01m[Klong unsigned int[m[Kâ€™} [[01;35m[K]8;;https://gcc.gnu.org/onlinedocs/gcc/Warning-Options.html#index-Wsign-compare-Wsign-compare]8;;[m[K]
[1.311s]    19 |     for (int i = 0; [01;35m[Ki < sonars.size()[m[K; ++i) {
[1.311s]       |                     [01;35m[K~~^~~~~~~~~~~~~~~[m[K
[1.325s] [01m[K/home/richard/ros2_ws/src/tp1/src/Action.cpp:41:23:[m[K [01;35m[Kwarning: [m[Kcomparison of integer expressions of different signedness: â€˜[01m[Kint[m[Kâ€™ and â€˜[01m[Kstd::vector<std::tuple<int, int> >::size_type[m[Kâ€™ {aka â€˜[01m[Klong unsigned int[m[Kâ€™} [[01;35m[K]8;;https://gcc.gnu.org/onlinedocs/gcc/Warning-Options.html#index-Wsign-compare-Wsign-compare]8;;[m[K]
[1.325s]    41 |     for (int i = 0; [01;35m[Ki < capturedPoints.size()[m[K; ++i) {
[1.325s]       |                     [01;35m[K~~^~~~~~~~~~~~~~~~~~~~~~~[m[K
[1.326s] [01m[K/home/richard/ros2_ws/src/tp1/src/Action.cpp:46:19:[m[K [01;35m[Kwarning: [m[Kcomparison of integer expressions of different signedness: â€˜[01m[Kint[m[Kâ€™ and â€˜[01m[Kstd::vector<std::tuple<int, int> >::size_type[m[Kâ€™ {aka â€˜[01m[Klong unsigned int[m[Kâ€™} [[01;35m[K]8;;https://gcc.gnu.org/onlinedocs/gcc/Warning-Options.html#index-Wsign-compare-Wsign-compare]8;;[m[K]
[1.326s]    46 |         if ([01;35m[Ki + 2 == capturedPoints.size()[m[K){
[1.326s]       |             [01;35m[K~~~~~~^~~~~~~~~~~~~~~~~~~~~~~~[m[K
[1.326s] [01m[K/home/richard/ros2_ws/src/tp1/src/Action.cpp:50:23:[m[K [01;35m[Kwarning: [m[Kcomparison of integer expressions of different signedness: â€˜[01m[Kint[m[Kâ€™ and â€˜[01m[Kstd::vector<std::tuple<int, int> >::size_type[m[Kâ€™ {aka â€˜[01m[Klong unsigned int[m[Kâ€™} [[01;35m[K]8;;https://gcc.gnu.org/onlinedocs/gcc/Warning-Options.html#index-Wsign-compare-Wsign-compare]8;;[m[K]
[1.326s]    50 |             if ([01;35m[Ki + 1 == capturedPoints.size()[m[K){
[1.326s]       |                 [01;35m[K~~~~~~^~~~~~~~~~~~~~~~~~~~~~~~[m[K
[1.342s] [01m[K/home/richard/ros2_ws/src/tp1/src/Action.cpp:[m[K In member function â€˜[01m[Kvoid Action::[01;32m[KavoidObstacles[m[K(std::vector<float>, std::vector<float>)[m[Kâ€™:
[1.342s] [01m[K/home/richard/ros2_ws/src/tp1/src/Action.cpp:103:11:[m[K [01;35m[Kwarning: [m[Kunused variable â€˜[01m[KminDistance[m[Kâ€™ [[01;35m[K]8;;https://gcc.gnu.org/onlinedocs/gcc/Warning-Options.html#index-Wunused-variable-Wunused-variable]8;;[m[K]
[1.342s]   103 |     float [01;35m[KminDistance[m[K = 0.0f;
[1.342s]       |           [01;35m[K^~~~~~~~~~~[m[K
[1.342s] [01m[K/home/richard/ros2_ws/src/tp1/src/Action.cpp:104:9:[m[K [01;35m[Kwarning: [m[Kunused variable â€˜[01m[KminDistPos[m[Kâ€™ [[01;35m[K]8;;https://gcc.gnu.org/onlinedocs/gcc/Warning-Options.html#index-Wunused-variable-Wunused-variable]8;;[m[K]
[1.342s]   104 |     int [01;35m[KminDistPos[m[K = 0;
[1.342s]       |         [01;35m[K^~~~~~~~~~[m[K
[1.345s] [01m[K/home/richard/ros2_ws/src/tp1/src/Action.cpp:101:48:[m[K [01;35m[Kwarning: [m[Kunused parameter â€˜[01m[Klasers[m[Kâ€™ [[01;35m[K]8;;https://gcc.gnu.org/onlinedocs/gcc/Warning-Options.html#index-Wunused-parameter-Wunused-parameter]8;;[m[K]
[1.346s]   101 | void Action::avoidObstacles([01;35m[Kstd::vector<float> lasers[m[K, std::vector<float> sonars)
[1.346s]       |                             [01;35m[K~~~~~~~~~~~~~~~~~~~^~~~~~[m[K
[1.346s] [01m[K/home/richard/ros2_ws/src/tp1/src/Action.cpp:[m[K In member function â€˜[01m[Kvoid Action::[01;32m[KkeepAsFarthestAsPossibleFromWalls[m[K(std::vector<float>, std::vector<float>)[m[Kâ€™:
[1.346s] [01m[K/home/richard/ros2_ws/src/tp1/src/Action.cpp:123:67:[m[K [01;35m[Kwarning: [m[Kunused parameter â€˜[01m[Klasers[m[Kâ€™ [[01;35m[K]8;;https://gcc.gnu.org/onlinedocs/gcc/Warning-Options.html#index-Wunused-parameter-Wunused-parameter]8;;[m[K]
[1.346s]   123 | ction::keepAsFarthestAsPossibleFromWalls([01;35m[Kstd::vector<float> lasers[m[K, std::vector<float> sonars)
[1.346s]       |                                          [01;35m[K~~~~~~~~~~~~~~~~~~~^~~~~~[m[K
[1.346s] 
[1.353s] [01m[K/home/richard/ros2_ws/src/tp1/src/Action.cpp:[m[K In member function â€˜[01m[Kvoid Action::[01;32m[KfollowTheWalls[m[K(std::vector<float>, std::vector<float>, std::vector<float>)[m[Kâ€™:
[1.353s] [01m[K/home/richard/ros2_ws/src/tp1/src/Action.cpp:205:9:[m[K [01;31m[Kerror: [m[Kâ€˜[01m[KpontoParede[m[Kâ€™ was not declared in this scope; did you mean â€˜[01m[KpontoParedeE[m[Kâ€™?
[1.353s]   205 |         [01;31m[KpontoParede[m[K = paredeEsquerda;
[1.353s]       |         [01;31m[K^~~~~~~~~~~[m[K
[1.353s]       |         [32m[KpontoParedeE[m[K
[1.356s] [01m[K/home/richard/ros2_ws/src/tp1/src/Action.cpp:224:14:[m[K [01;35m[Kwarning: [m[Ksuggest parentheses around assignment used as truth value [[01;35m[K]8;;https://gcc.gnu.org/onlinedocs/gcc/Warning-Options.html#index-Wparentheses-Wparentheses]8;;[m[K]
[1.356s]   224 |     if ([01;35m[Kside = LEFT[m[K){
[1.357s]       |         [01;35m[K~~~~~^~~~~~[m[K
[1.357s] [01m[K/home/richard/ros2_ws/src/tp1/src/Action.cpp:196:11:[m[K [01;35m[Kwarning: [m[Kunused variable â€˜[01m[KminDistance[m[Kâ€™ [[01;35m[K]8;;https://gcc.gnu.org/onlinedocs/gcc/Warning-Options.html#index-Wunused-variable-Wunused-variable]8;;[m[K]
[1.357s]   196 |     float [01;35m[KminDistance[m[K = 0.0f;
[1.357s]       |           [01;35m[K^~~~~~~~~~~[m[K
[1.357s] [01m[K/home/richard/ros2_ws/src/tp1/src/Action.cpp:197:9:[m[K [01;35m[Kwarning: [m[Kunused variable â€˜[01m[KminDistPos[m[Kâ€™ [[01;35m[K]8;;https://gcc.gnu.org/onlinedocs/gcc/Warning-Options.html#index-Wunused-variable-Wunused-variable]8;;[m[K]
[1.357s]   197 |     int [01;35m[KminDistPos[m[K = 0;
[1.357s]       |         [01;35m[K^~~~~~~~~~[m[K
[1.357s] [01m[K/home/richard/ros2_ws/src/tp1/src/Action.cpp:194:48:[m[K [01;35m[Kwarning: [m[Kunused parameter â€˜[01m[Klasers[m[Kâ€™ [[01;35m[K]8;;https://gcc.gnu.org/onlinedocs/gcc/Warning-Options.html#index-Wunused-parameter-Wunused-parameter]8;;[m[K]
[1.357s]   194 | void Action::followTheWalls([01;35m[Kstd::vector<float> lasers[m[K, std::vector<float> sonars, std::vector<float> pose)
[1.357s]       |                             [01;35m[K~~~~~~~~~~~~~~~~~~~^~~~~~[m[K
[1.357s] [01m[K/home/richard/ros2_ws/src/tp1/src/Action.cpp:[m[K In member function â€˜[01m[Kvoid Action::[01;32m[KtestMode[m[K(std::vector<float>, std::vector<float>)[m[Kâ€™:
[1.357s] [01m[K/home/richard/ros2_ws/src/tp1/src/Action.cpp:256:42:[m[K [01;35m[Kwarning: [m[Kunused parameter â€˜[01m[Klasers[m[Kâ€™ [[01;35m[K]8;;https://gcc.gnu.org/onlinedocs/gcc/Warning-Options.html#index-Wunused-parameter-Wunused-parameter]8;;[m[K]
[1.357s]   256 | void Action::testMode([01;35m[Kstd::vector<float> lasers[m[K, std::vector<float> sonars)
[1.358s]       |                       [01;35m[K~~~~~~~~~~~~~~~~~~~^~~~~~[m[K
[1.358s] [01m[K/home/richard/ros2_ws/src/tp1/src/Action.cpp:256:69:[m[K [01;35m[Kwarning: [m[Kunused parameter â€˜[01m[Ksonars[m[Kâ€™ [[01;35m[K]8;;https://gcc.gnu.org/onlinedocs/gcc/Warning-Options.html#index-Wunused-parameter-Wunused-parameter]8;;[m[K]
[1.358s]   256 |  Action::testMode(std::vector<float> lasers, [01;35m[Kstd::vector<float> sonars[m[K)
[1.358s]       |                                              [01;35m[K~~~~~~~~~~~~~~~~~~~^~~~~~[m[K
[1.358s] 
[1.580s] gmake[2]: *** [CMakeFiles/navigation.dir/build.make:90: CMakeFiles/navigation.dir/src/Action.cpp.o] Erro 1
[1.581s] gmake[1]: *** [CMakeFiles/Makefile2:137: CMakeFiles/navigation.dir/all] Erro 2
[1.581s] gmake: *** [Makefile:146: all] Erro 2
[1.585s] Invoked command in '/home/richard/ros2_ws/build/tp1' returned '2': CMAKE_PREFIX_PATH=${CMAKE_PREFIX_PATH}:/opt/ros/jazzy DEBUGINFOD_URLS=https://debuginfod.ubuntu.com /usr/bin/cmake --build /home/richard/ros2_ws/build/tp1 -- -j2 -l2
