[0.013s] Invoking command in '/home/richard/ros2_ws/build/tp1': CMAKE_PREFIX_PATH=${CMAKE_PREFIX_PATH}:/opt/ros/jazzy DEBUGINFOD_URLS=https://debuginfod.ubuntu.com /usr/bin/cmake --build /home/richard/ros2_ws/build/tp1 -- -j2 -l2
[0.133s] [ 14%] [32mBuilding CXX object CMakeFiles/navigation.dir/src/Mapping.cpp.o[0m
[1.186s] [01m[K/home/richard/ros2_ws/src/tp1/src/Mapping.cpp:[m[K In function â€˜[01m[Kvoid[01;32m[K atualizaMatriz[m[K(std::vector<std::vector<float> >&, Robot, float)[m[Kâ€™:
[1.186s] [01m[K/home/richard/ros2_ws/src/tp1/src/Mapping.cpp:168:30:[m[K [01;31m[Kerror: [m[Kâ€˜[01m[KscaleFactor[m[Kâ€™ was not declared in this scope
[1.186s]   168 |             float R = 2.0f * [01;31m[KscaleFactor[m[K; // alcance mÃ¡ximo do sensor no mapa que considero vÃ¡lido
[1.186s]       |                              [01;31m[K^~~~~~~~~~~[m[K
[1.195s] [01m[K/home/richard/ros2_ws/src/tp1/src/Mapping.cpp:[m[K In function â€˜[01m[Kvoid*[01;32m[K mappingThreadFunction[m[K(void*)[m[Kâ€™:
[1.195s] [01m[K/home/richard/ros2_ws/src/tp1/src/Mapping.cpp:185:35:[m[K [01;35m[Kwarning: [m[Kunused parameter â€˜[01m[Karg[m[Kâ€™ [[01;35m[K]8;;https://gcc.gnu.org/onlinedocs/gcc/Warning-Options.html#index-Wunused-parameter-Wunused-parameter]8;;[m[K]
[1.195s]   185 | void* mappingThreadFunction([01;35m[Kvoid* arg[m[K) {
[1.195s]       |                             [01;35m[K~~~~~~^~~[m[K
[1.447s] gmake[2]: *** [CMakeFiles/navigation.dir/build.make:146: CMakeFiles/navigation.dir/src/Mapping.cpp.o] Erro 1
[1.448s] gmake[1]: *** [CMakeFiles/Makefile2:137: CMakeFiles/navigation.dir/all] Erro 2
[1.448s] gmake: *** [Makefile:146: all] Erro 2
[1.456s] Invoked command in '/home/richard/ros2_ws/build/tp1' returned '2': CMAKE_PREFIX_PATH=${CMAKE_PREFIX_PATH}:/opt/ros/jazzy DEBUGINFOD_URLS=https://debuginfod.ubuntu.com /usr/bin/cmake --build /home/richard/ros2_ws/build/tp1 -- -j2 -l2
