[0.023s] Invoking command in '/home/richard/ros2_ws/build/tp1': CMAKE_PREFIX_PATH=${CMAKE_PREFIX_PATH}:/opt/ros/jazzy DEBUGINFOD_URLS=https://debuginfod.ubuntu.com /usr/bin/cmake --build /home/richard/ros2_ws/build/tp1 -- -j2 -l2
[0.137s] [ 14%] [32mBuilding CXX object CMakeFiles/navigation.dir/src/Mapping.cpp.o[0m
[0.998s] [01m[K/home/richard/ros2_ws/src/tp1/src/Mapping.cpp:[m[K In function â€˜[01m[Kvoid*[01;32m[K mappingThreadFunction[m[K(void*)[m[Kâ€™:
[0.999s] [01m[K/home/richard/ros2_ws/src/tp1/src/Mapping.cpp:223:9:[m[K [01;31m[Kerror: [m[Kâ€˜[01m[Kusleep[m[Kâ€™ was not declared in this scope
[0.999s]   223 |         [01;31m[Kusleep[m[K(100000); // 100ms
[0.999s]       |         [01;31m[K^~~~~~[m[K
[1.001s] [01m[K/home/richard/ros2_ws/src/tp1/src/Mapping.cpp:197:35:[m[K [01;35m[Kwarning: [m[Kunused parameter â€˜[01m[Karg[m[Kâ€™ [[01;35m[K]8;;https://gcc.gnu.org/onlinedocs/gcc/Warning-Options.html#index-Wunused-parameter-Wunused-parameter]8;;[m[K]
[1.001s]   197 | void* mappingThreadFunction([01;35m[Kvoid* arg[m[K) {
[1.001s]       |                             [01;35m[K~~~~~~^~~[m[K
[1.160s] gmake[2]: *** [CMakeFiles/navigation.dir/build.make:146: CMakeFiles/navigation.dir/src/Mapping.cpp.o] Erro 1
[1.161s] gmake[1]: *** [CMakeFiles/Makefile2:137: CMakeFiles/navigation.dir/all] Erro 2
[1.161s] gmake: *** [Makefile:146: all] Erro 2
[1.162s] Invoked command in '/home/richard/ros2_ws/build/tp1' returned '2': CMAKE_PREFIX_PATH=${CMAKE_PREFIX_PATH}:/opt/ros/jazzy DEBUGINFOD_URLS=https://debuginfod.ubuntu.com /usr/bin/cmake --build /home/richard/ros2_ws/build/tp1 -- -j2 -l2
