[0.019s] Invoking command in '/home/richard/ros2_ws/build/tp1': CMAKE_PREFIX_PATH=${CMAKE_PREFIX_PATH}:/opt/ros/jazzy DEBUGINFOD_URLS=https://debuginfod.ubuntu.com /usr/bin/cmake --build /home/richard/ros2_ws/build/tp1 -- -j2 -l2
[0.123s] [ 16%] [32mBuilding CXX object CMakeFiles/navigation.dir/src/main.cpp.o[0m
[3.207s] [01m[K/home/richard/ros2_ws/src/tp1/src/main.cpp:[m[K In function â€˜[01m[Kint[01;32m[K main[m[K(int, char**)[m[Kâ€™:
[3.207s] [01m[K/home/richard/ros2_ws/src/tp1/src/main.cpp:126:39:[m[K [01;31m[Kerror: [m[Kinvalid conversion from â€˜[01m[Kvoid* (*)()[m[Kâ€™ to â€˜[01m[Kvoid* (*)(void*)[m[Kâ€™ [[01;31m[K]8;;https://gcc.gnu.org/onlinedocs/gcc/Warning-Options.html#index-fpermissive-fpermissive]8;;[m[K]
[3.208s]   126 |   pthread_create(&(mainThread), NULL, [01;31m[KmainThreadFunction[m[K, NULL);
[3.208s]       |                                       [01;31m[K^~~~~~~~~~~~~~~~~~[m[K
[3.208s]       |                                       [01;31m[K|[m[K
[3.208s]       |                                       [01;31m[Kvoid* (*)()[m[K
[3.208s] In file included from [01m[K/usr/include/x86_64-linux-gnu/c++/13/bits/gthr-default.h:35[m[K,
[3.208s]                  from [01m[K/usr/include/x86_64-linux-gnu/c++/13/bits/gthr.h:148[m[K,
[3.208s]                  from [01m[K/usr/include/c++/13/ext/atomicity.h:35[m[K,
[3.208s]                  from [01m[K/usr/include/c++/13/bits/ios_base.h:39[m[K,
[3.208s]                  from [01m[K/usr/include/c++/13/ios:44[m[K,
[3.208s]                  from [01m[K/usr/include/c++/13/ostream:40[m[K,
[3.208s]                  from [01m[K/usr/include/c++/13/iostream:41[m[K,
[3.208s]                  from [01m[K/home/richard/ros2_ws/src/tp1/src/main.cpp:1[m[K:
[3.208s] [01m[K/usr/include/pthread.h:204:36:[m[K [01;36m[Knote: [m[K  initializing argument 3 of â€˜[01m[Kint[01;32m[K pthread_create[m[K(pthread_t*, const pthread_attr_t*, void* (*)(void*), void*)[m[Kâ€™
[3.208s]   204 |                            [01;36m[Kvoid *(*__start_routine) (void *)[m[K,
[3.209s]       |                            [01;36m[K~~~~~~~~^~~~~~~~~~~~~~~~~~~~~~~~~[m[K
[3.209s] [01m[K/home/richard/ros2_ws/src/tp1/src/main.cpp:127:43:[m[K [01;31m[Kerror: [m[Kinvalid conversion from â€˜[01m[Kvoid* (*)()[m[Kâ€™ to â€˜[01m[Kvoid* (*)(void*)[m[Kâ€™ [[01;31m[K]8;;https://gcc.gnu.org/onlinedocs/gcc/Warning-Options.html#index-fpermissive-fpermissive]8;;[m[K]
[3.209s]   127 |   pthread_create(&(keyboardThread), NULL, [01;31m[KkeyboardThreadFunction[m[K, NULL);
[3.211s]       |                                           [01;31m[K^~~~~~~~~~~~~~~~~~~~~~[m[K
[3.211s]       |                                           [01;31m[K|[m[K
[3.211s]       |                                           [01;31m[Kvoid* (*)()[m[K
[3.211s] [01m[K/usr/include/pthread.h:204:36:[m[K [01;36m[Knote: [m[K  initializing argument 3 of â€˜[01m[Kint[01;32m[K pthread_create[m[K(pthread_t*, const pthread_attr_t*, void* (*)(void*), void*)[m[Kâ€™
[3.211s]   204 |                            [01;36m[Kvoid *(*__start_routine) (void *)[m[K,
[3.211s]       |                            [01;36m[K~~~~~~~~^~~~~~~~~~~~~~~~~~~~~~~~~[m[K
[6.650s] gmake[2]: *** [CMakeFiles/navigation.dir/build.make:76: CMakeFiles/navigation.dir/src/main.cpp.o] Erro 1
[6.650s] gmake[1]: *** [CMakeFiles/Makefile2:137: CMakeFiles/navigation.dir/all] Erro 2
[6.650s] gmake: *** [Makefile:146: all] Erro 2
[6.653s] Invoked command in '/home/richard/ros2_ws/build/tp1' returned '2': CMAKE_PREFIX_PATH=${CMAKE_PREFIX_PATH}:/opt/ros/jazzy DEBUGINFOD_URLS=https://debuginfod.ubuntu.com /usr/bin/cmake --build /home/richard/ros2_ws/build/tp1 -- -j2 -l2
