[0.014s] Invoking command in '/home/richard/ros2_ws/build/tp1': CMAKE_PREFIX_PATH=${CMAKE_PREFIX_PATH}:/opt/ros/jazzy DEBUGINFOD_URLS=https://debuginfod.ubuntu.com /usr/bin/cmake --build /home/richard/ros2_ws/build/tp1 -- -j2 -l2
[0.101s] [ 16%] [32mBuilding CXX object CMakeFiles/navigation.dir/src/Perception.cpp.o[0m
[0.104s] [ 33%] [32mBuilding CXX object CMakeFiles/navigation.dir/src/main.cpp.o[0m
[1.680s] In file included from [01m[K/home/richard/ros2_ws/src/tp1/src/Perception.cpp:1[m[K:
[1.680s] [01m[K/home/richard/ros2_ws/src/tp1/include/Perception.h:18:28:[m[K [01;31m[Kerror: [m[Kâ€˜[01m[Knav_msgs[m[Kâ€™ does not name a type
[1.680s]    18 |     void receivePose(const [01;31m[Knav_msgs[m[K::msg::Odometry::ConstSharedPtr &value);
[1.680s]       |                            [01;31m[K^~~~~~~~[m[K
[1.680s] [01m[K/home/richard/ros2_ws/src/tp1/include/Perception.h:18:41:[m[K [01;31m[Kerror: [m[Kexpected unqualified-id before â€˜[01m[K::[m[Kâ€™ token
[1.680s]    18 |     void receivePose(const nav_msgs::msg[01;31m[K::[m[KOdometry::ConstSharedPtr &value);
[1.680s]       |                                         [01;31m[K^~[m[K
[1.688s] [01m[K/home/richard/ros2_ws/src/tp1/include/Perception.h:18:41:[m[K [01;31m[Kerror: [m[Kexpected â€˜[01m[K)[m[Kâ€™ before â€˜[01m[K::[m[Kâ€™ token
[1.688s]    18 |     void receivePose[34m[K([m[Kconst nav_msgs::msg[01;31m[K:[m[K[32m[K:[m[KOdometry::ConstSharedPtr &value);
[1.688s]       |                     [34m[K~[m[K                   [01;31m[K^[m[K[32m[K~[m[K
[1.688s]       |                                         [32m[K)[m[K
[1.689s] [01m[K/home/richard/ros2_ws/src/tp1/include/Perception.h:18:38:[m[K [01;31m[Kerror: [m[Kexpected â€˜[01m[K;[m[Kâ€™ at end of member declaration
[1.689s]    18 |     void receivePose(const nav_msgs::[01;31m[Kmsg[m[K::Odometry::ConstSharedPtr &value);
[1.689s]       |                                      [01;31m[K^~~[m[K
[1.689s]       |                                         [32m[K;[m[K
[1.700s] [01m[K/home/richard/ros2_ws/src/tp1/include/Perception.h:18:43:[m[K [01;31m[Kerror: [m[Kâ€˜[01m[KOdometry[m[Kâ€™ in namespace â€˜[01m[K::[m[Kâ€™ does not name a type
[1.700s]    18 |     void receivePose(const nav_msgs::msg::[01;31m[KOdometry[m[K::ConstSharedPtr &value);
[1.700s]       |                                           [01;31m[K^~~~~~~~[m[K
[1.700s] [01m[K/home/richard/ros2_ws/src/tp1/include/Perception.h:23:5:[m[K [01;31m[Kerror: [m[Kâ€˜[01m[Knav_msgs[m[Kâ€™ does not name a type
[1.700s]    23 |     [01;31m[Knav_msgs[m[K::msg::Odometry poseROS;
[1.701s]       |     [01;31m[K^~~~~~~~[m[K
[1.810s] [01m[K/home/richard/ros2_ws/src/tp1/src/Perception.cpp:127:36:[m[K [01;31m[Kerror: [m[Kâ€˜[01m[Knav_msgs[m[Kâ€™ does not name a type
[1.811s]   127 | void Perception::receivePose(const [01;31m[Knav_msgs[m[K::msg::Odometry::ConstSharedPtr &value)
[1.811s]       |                                    [01;31m[K^~~~~~~~[m[K
[1.815s] [01m[K/home/richard/ros2_ws/src/tp1/src/Perception.cpp:127:49:[m[K [01;31m[Kerror: [m[Kexpected unqualified-id before â€˜[01m[K::[m[Kâ€™ token
[1.816s]   127 | void Perception::receivePose(const nav_msgs::msg[01;31m[K::[m[KOdometry::ConstSharedPtr &value)
[1.816s]       |                                                 [01;31m[K^~[m[K
[1.816s] [01m[K/home/richard/ros2_ws/src/tp1/src/Perception.cpp:127:49:[m[K [01;31m[Kerror: [m[Kexpected â€˜[01m[K)[m[Kâ€™ before â€˜[01m[K::[m[Kâ€™ token
[1.816s]   127 | void Perception::receivePose[34m[K([m[Kconst nav_msgs::msg[01;31m[K:[m[K[32m[K:[m[KOdometry::ConstSharedPtr &value)
[1.816s]       |                             [34m[K~[m[K                   [01;31m[K^[m[K[32m[K~[m[K
[1.816s]       |                                                 [32m[K)[m[K
[1.816s] [01m[K/home/richard/ros2_ws/src/tp1/src/Perception.cpp:127:49:[m[K [01;31m[Kerror: [m[Kexpected initializer before â€˜[01m[K::[m[Kâ€™ token
[1.816s]   127 | void Perception::receivePose(const nav_msgs::msg[01;31m[K::[m[KOdometry::ConstSharedPtr &value)
[1.816s]       |                                                 [01;31m[K^~[m[K
[1.816s] [01m[K/home/richard/ros2_ws/src/tp1/src/Perception.cpp:[m[K In member function â€˜[01m[Kstd::vector<float, std::allocator<float> > Perception::[01;32m[KgetLatestSonarRanges[m[K()[m[Kâ€™:
[1.816s] [01m[K/home/richard/ros2_ws/src/tp1/src/Perception.cpp:152:9:[m[K [01;35m[Kwarning: [m[Kunused variable â€˜[01m[Knumbytes[m[Kâ€™ [[01;35m[K]8;;https://gcc.gnu.org/onlinedocs/gcc/Warning-Options.html#index-Wunused-variable-Wunused-variable]8;;[m[K]
[1.817s]   152 |     int [01;35m[Knumbytes[m[K = sonarROS.data.size();
[1.817s]       |         [01;35m[K^~~~~~~~[m[K
[1.817s] [01m[K/home/richard/ros2_ws/src/tp1/src/Perception.cpp:153:9:[m[K [01;35m[Kwarning: [m[Kunused variable â€˜[01m[Knumfields[m[Kâ€™ [[01;35m[K]8;;https://gcc.gnu.org/onlinedocs/gcc/Warning-Options.html#index-Wunused-variable-Wunused-variable]8;;[m[K]
[1.817s]   153 |     int [01;35m[Knumfields[m[K = sonarROS.fields.size();
[1.817s]       |         [01;35m[K^~~~~~~~~[m[K
[2.003s] gmake[2]: *** [CMakeFiles/navigation.dir/build.make:104: CMakeFiles/navigation.dir/src/Perception.cpp.o] Erro 1
[2.003s] gmake[2]: ** Esperando que outros processos terminem.
[3.929s] In file included from [01m[K/home/richard/ros2_ws/src/tp1/src/main.cpp:10[m[K:
[3.929s] [01m[K/home/richard/ros2_ws/src/tp1/include/Perception.h:18:28:[m[K [01;31m[Kerror: [m[Kâ€˜[01m[Knav_msgs[m[Kâ€™ does not name a type
[3.929s]    18 |     void receivePose(const [01;31m[Knav_msgs[m[K::msg::Odometry::ConstSharedPtr &value);
[3.929s]       |                            [01;31m[K^~~~~~~~[m[K
[3.929s] [01m[K/home/richard/ros2_ws/src/tp1/include/Perception.h:18:41:[m[K [01;31m[Kerror: [m[Kexpected unqualified-id before â€˜[01m[K::[m[Kâ€™ token
[3.929s]    18 |     void receivePose(const nav_msgs::msg[01;31m[K::[m[KOdometry::ConstSharedPtr &value);
[3.929s]       |                                         [01;31m[K^~[m[K
[3.929s] [01m[K/home/richard/ros2_ws/src/tp1/include/Perception.h:18:41:[m[K [01;31m[Kerror: [m[Kexpected â€˜[01m[K)[m[Kâ€™ before â€˜[01m[K::[m[Kâ€™ token
[3.929s]    18 |     void receivePose[34m[K([m[Kconst nav_msgs::msg[01;31m[K:[m[K[32m[K:[m[KOdometry::ConstSharedPtr &value);
[3.930s]       |                     [34m[K~[m[K                   [01;31m[K^[m[K[32m[K~[m[K
[3.930s]       |                                         [32m[K)[m[K
[3.930s] [01m[K/home/richard/ros2_ws/src/tp1/include/Perception.h:18:38:[m[K [01;31m[Kerror: [m[Kexpected â€˜[01m[K;[m[Kâ€™ at end of member declaration
[3.930s]    18 |     void receivePose(const nav_msgs::[01;31m[Kmsg[m[K::Odometry::ConstSharedPtr &value);
[3.930s]       |                                      [01;31m[K^~~[m[K
[3.930s]       |                                         [32m[K;[m[K
[3.935s] [01m[K/home/richard/ros2_ws/src/tp1/include/Perception.h:18:43:[m[K [01;31m[Kerror: [m[Kâ€˜[01m[KOdometry[m[Kâ€™ in namespace â€˜[01m[K::[m[Kâ€™ does not name a type
[3.935s]    18 |     void receivePose(const nav_msgs::msg::[01;31m[KOdometry[m[K::ConstSharedPtr &value);
[3.935s]       |                                           [01;31m[K^~~~~~~~[m[K
[3.936s] [01m[K/home/richard/ros2_ws/src/tp1/include/Perception.h:23:5:[m[K [01;31m[Kerror: [m[Kâ€˜[01m[Knav_msgs[m[Kâ€™ does not name a type
[3.936s]    23 |     [01;31m[Knav_msgs[m[K::msg::Odometry poseROS;
[3.937s]       |     [01;31m[K^~~~~~~~[m[K
[4.021s] [01m[K/home/richard/ros2_ws/src/tp1/src/main.cpp:[m[K In function â€˜[01m[Kvoid*[01;32m[K keyboardThreadFunction[m[K(void*)[m[Kâ€™:
[4.021s] [01m[K/home/richard/ros2_ws/src/tp1/src/main.cpp:88:36:[m[K [01;35m[Kwarning: [m[Kunused parameter â€˜[01m[Karg[m[Kâ€™ [[01;35m[K]8;;https://gcc.gnu.org/onlinedocs/gcc/Warning-Options.html#index-Wunused-parameter-Wunused-parameter]8;;[m[K]
[4.021s]    88 | void *keyboardThreadFunction([01;35m[Kvoid *arg[m[K)
[4.021s]       |                              [01;35m[K~~~~~~^~~[m[K
[4.024s] [01m[K/home/richard/ros2_ws/src/tp1/src/main.cpp:[m[K In function â€˜[01m[Kvoid*[01;32m[K mainThreadFunction[m[K(void*)[m[Kâ€™:
[4.024s] [01m[K/home/richard/ros2_ws/src/tp1/src/main.cpp:102:32:[m[K [01;35m[Kwarning: [m[Kunused parameter â€˜[01m[Karg[m[Kâ€™ [[01;35m[K]8;;https://gcc.gnu.org/onlinedocs/gcc/Warning-Options.html#index-Wunused-parameter-Wunused-parameter]8;;[m[K]
[4.024s]   102 | void *mainThreadFunction([01;35m[Kvoid *arg[m[K)
[4.024s]       |                          [01;35m[K~~~~~~^~~[m[K
[4.025s] [01m[K/home/richard/ros2_ws/src/tp1/src/main.cpp:[m[K In function â€˜[01m[Kint[01;32m[K main[m[K(int, char**)[m[Kâ€™:
[4.025s] [01m[K/home/richard/ros2_ws/src/tp1/src/main.cpp:121:41:[m[K [01;35m[Kwarning: [m[Kunused variable â€˜[01m[KgraphicsThread[m[Kâ€™ [[01;35m[K]8;;https://gcc.gnu.org/onlinedocs/gcc/Warning-Options.html#index-Wunused-variable-Wunused-variable]8;;[m[K]
[4.025s]   121 |   pthread_t mainThread, keyboardThread, [01;35m[KgraphicsThread[m[K;
[4.025s]       |                                         [01;35m[K^~~~~~~~~~~~~~[m[K
[7.432s] gmake[2]: *** [CMakeFiles/navigation.dir/build.make:76: CMakeFiles/navigation.dir/src/main.cpp.o] Erro 1
[7.432s] gmake[1]: *** [CMakeFiles/Makefile2:137: CMakeFiles/navigation.dir/all] Erro 2
[7.432s] gmake: *** [Makefile:146: all] Erro 2
[7.435s] Invoked command in '/home/richard/ros2_ws/build/tp1' returned '2': CMAKE_PREFIX_PATH=${CMAKE_PREFIX_PATH}:/opt/ros/jazzy DEBUGINFOD_URLS=https://debuginfod.ubuntu.com /usr/bin/cmake --build /home/richard/ros2_ws/build/tp1 -- -j2 -l2
