[0.013s] Invoking command in '/home/richard/ros2_ws/build/tp1': CMAKE_PREFIX_PATH=${CMAKE_PREFIX_PATH}:/opt/ros/jazzy DEBUGINFOD_URLS=https://debuginfod.ubuntu.com /usr/bin/cmake --build /home/richard/ros2_ws/build/tp1 -- -j2 -l2
[0.134s] [ 14%] [32mBuilding CXX object CMakeFiles/navigation.dir/src/Graph.cpp.o[0m
[0.793s] [01m[K/home/richard/ros2_ws/src/tp1/src/Graph.cpp:[m[K In function â€˜[01m[Kvoid*[01;32m[K graphicsThreadFunction[m[K(void*)[m[Kâ€™:
[0.793s] [01m[K/home/richard/ros2_ws/src/tp1/src/Graph.cpp:90:57:[m[K [01;35m[Kwarning: [m[Knarrowing conversion of â€˜[01m[K(((double)(roboPosicao.Position::x * scaleFactor)) - 8.0000000000000004e-1)[m[Kâ€™ from â€˜[01m[Kdouble[m[Kâ€™ to â€˜[01m[Kfloat[m[Kâ€™ [[01;35m[K]8;;https://gcc.gnu.org/onlinedocs/gcc/Warning-Options.html#index-Wnarrowing-Wnarrowing]8;;[m[K]
[0.793s]    90 |         Position posRobo = {[01;35m[KroboPosicao.x * scaleFactor - 0.8[m[K,
[0.793s]       |                             [01;35m[K~~~~~~~~~~~~~~~~~~~~~~~~~~~~^~~~~[m[K
[0.794s] [01m[K/home/richard/ros2_ws/src/tp1/src/Graph.cpp:91:58:[m[K [01;35m[Kwarning: [m[Knarrowing conversion of â€˜[01m[K(((double)(roboPosicao.Position::y * scaleFactor)) - 6.9999999999999996e-1)[m[Kâ€™ from â€˜[01m[Kdouble[m[Kâ€™ to â€˜[01m[Kfloat[m[Kâ€™ [[01;35m[K]8;;https://gcc.gnu.org/onlinedocs/gcc/Warning-Options.html#index-Wnarrowing-Wnarrowing]8;;[m[K]
[0.794s]    91 |                              [01;35m[KroboPosicao.y * scaleFactor - 0.7[m[K,
[0.794s]       |                              [01;35m[K~~~~~~~~~~~~~~~~~~~~~~~~~~~~^~~~~[m[K
[0.799s] [01m[K/home/richard/ros2_ws/src/tp1/src/Graph.cpp:70:36:[m[K [01;35m[Kwarning: [m[Kunused parameter â€˜[01m[Karg[m[Kâ€™ [[01;35m[K]8;;https://gcc.gnu.org/onlinedocs/gcc/Warning-Options.html#index-Wunused-parameter-Wunused-parameter]8;;[m[K]
[0.799s]    70 | void* graphicsThreadFunction([01;35m[Kvoid* arg[m[K) {
[0.799s]       |                              [01;35m[K~~~~~~^~~[m[K
[0.987s] [ 28%] [32mBuilding CXX object CMakeFiles/navigation.dir/src/Mapping.cpp.o[0m
[1.649s] [01m[K/home/richard/ros2_ws/src/tp1/src/Mapping.cpp:[m[K In function â€˜[01m[Kvoid*[01;32m[K mappingThreadFunction[m[K(void*)[m[Kâ€™:
[1.649s] [01m[K/home/richard/ros2_ws/src/tp1/src/Mapping.cpp:223:9:[m[K [01;31m[Kerror: [m[Kâ€˜[01m[Kusleep[m[Kâ€™ was not declared in this scope
[1.649s]   223 |         [01;31m[Kusleep[m[K(100000); // 100ms
[1.650s]       |         [01;31m[K^~~~~~[m[K
[1.650s] [01m[K/home/richard/ros2_ws/src/tp1/src/Mapping.cpp:197:35:[m[K [01;35m[Kwarning: [m[Kunused parameter â€˜[01m[Karg[m[Kâ€™ [[01;35m[K]8;;https://gcc.gnu.org/onlinedocs/gcc/Warning-Options.html#index-Wunused-parameter-Wunused-parameter]8;;[m[K]
[1.650s]   197 | void* mappingThreadFunction([01;35m[Kvoid* arg[m[K) {
[1.650s]       |                             [01;35m[K~~~~~~^~~[m[K
[1.780s] gmake[2]: *** [CMakeFiles/navigation.dir/build.make:146: CMakeFiles/navigation.dir/src/Mapping.cpp.o] Erro 1
[1.783s] gmake[1]: *** [CMakeFiles/Makefile2:137: CMakeFiles/navigation.dir/all] Erro 2
[1.783s] gmake: *** [Makefile:146: all] Erro 2
[1.784s] Invoked command in '/home/richard/ros2_ws/build/tp1' returned '2': CMAKE_PREFIX_PATH=${CMAKE_PREFIX_PATH}:/opt/ros/jazzy DEBUGINFOD_URLS=https://debuginfod.ubuntu.com /usr/bin/cmake --build /home/richard/ros2_ws/build/tp1 -- -j2 -l2
