[0.020s] Invoking command in '/home/richard/ros2_ws/build/tp1': CMAKE_PREFIX_PATH=${CMAKE_PREFIX_PATH}:/opt/ros/jazzy DEBUGINFOD_URLS=https://debuginfod.ubuntu.com /usr/bin/cmake --build /home/richard/ros2_ws/build/tp1 -- -j2 -l2
[0.083s] [ 20%] [32mBuilding CXX object CMakeFiles/navigation.dir/src/Action.cpp.o[0m
[0.657s] [01m[K/home/richard/ros2_ws/src/tp1/src/Action.cpp:[m[K In function â€˜[01m[Kstd::vector<std::vector<int> >[01;32m[K senseWalls[m[K(const std::vector<float>&)[m[Kâ€™:
[0.657s] [01m[K/home/richard/ros2_ws/src/tp1/src/Action.cpp:17:23:[m[K [01;35m[Kwarning: [m[Kcomparison of integer expressions of different signedness: â€˜[01m[Kint[m[Kâ€™ and â€˜[01m[Kstd::vector<float>::size_type[m[Kâ€™ {aka â€˜[01m[Klong unsigned int[m[Kâ€™} [[01;35m[K]8;;https://gcc.gnu.org/onlinedocs/gcc/Warning-Options.html#index-Wsign-compare-Wsign-compare]8;;[m[K]
[0.658s]    17 |     for (int i = 0; [01;35m[Ki < sonars.size()[m[K; ++i) {
[0.658s]       |                     [01;35m[K~~^~~~~~~~~~~~~~~[m[K
[0.661s] [01m[K/home/richard/ros2_ws/src/tp1/src/Action.cpp:39:23:[m[K [01;35m[Kwarning: [m[Kcomparison of integer expressions of different signedness: â€˜[01m[Kint[m[Kâ€™ and â€˜[01m[Kstd::vector<std::tuple<int, int> >::size_type[m[Kâ€™ {aka â€˜[01m[Klong unsigned int[m[Kâ€™} [[01;35m[K]8;;https://gcc.gnu.org/onlinedocs/gcc/Warning-Options.html#index-Wsign-compare-Wsign-compare]8;;[m[K]
[0.661s]    39 |     for (int i = 0; [01;35m[Ki < capturedPoints.size()[m[K; ++i) {
[0.662s]       |                     [01;35m[K~~^~~~~~~~~~~~~~~~~~~~~~~[m[K
[0.662s] [01m[K/home/richard/ros2_ws/src/tp1/src/Action.cpp:43:19:[m[K [01;35m[Kwarning: [m[Kcomparison of integer expressions of different signedness: â€˜[01m[Kint[m[Kâ€™ and â€˜[01m[Kstd::vector<std::tuple<int, int> >::size_type[m[Kâ€™ {aka â€˜[01m[Klong unsigned int[m[Kâ€™} [[01;35m[K]8;;https://gcc.gnu.org/onlinedocs/gcc/Warning-Options.html#index-Wsign-compare-Wsign-compare]8;;[m[K]
[0.662s]    43 |         if ([01;35m[Ki + 2 == capturedPoints.size()[m[K){ b = 0;}
[0.662s]       |             [01;35m[K~~~~~~^~~~~~~~~~~~~~~~~~~~~~~~[m[K
[0.662s] [01m[K/home/richard/ros2_ws/src/tp1/src/Action.cpp:45:23:[m[K [01;35m[Kwarning: [m[Kcomparison of integer expressions of different signedness: â€˜[01m[Kint[m[Kâ€™ and â€˜[01m[Kstd::vector<std::tuple<int, int> >::size_type[m[Kâ€™ {aka â€˜[01m[Klong unsigned int[m[Kâ€™} [[01;35m[K]8;;https://gcc.gnu.org/onlinedocs/gcc/Warning-Options.html#index-Wsign-compare-Wsign-compare]8;;[m[K]
[0.662s]    45 |             if ([01;35m[Ki + 1 == capturedPoints.size()[m[K){ a = 0; b = 1;}
[0.663s]       |                 [01;35m[K~~~~~~^~~~~~~~~~~~~~~~~~~~~~~~[m[K
[0.663s] [01m[K/home/richard/ros2_ws/src/tp1/src/Action.cpp:48:43:[m[K [01;31m[Kerror: [m[Kvariable â€˜[01m[Kstd::array<std::array<int, 3>, 3> mat[m[Kâ€™ has initializer but incomplete type
[0.663s]    48 |         std::array<std::array<int, 3>, 3> [01;31m[Kmat[m[K = {{
[0.663s]       |                                           [01;31m[K^~~[m[K
[0.663s] [01m[K/home/richard/ros2_ws/src/tp1/src/Action.cpp:49:32:[m[K [01;31m[Kerror: [m[Kâ€˜[01m[K__gnu_cxx::__alloc_traits<std::allocator<std::tuple<int, int> >, std::tuple<int, int> >::value_type[m[Kâ€™ {aka â€˜[01m[Kclass std::tuple<int, int>[m[Kâ€™} has no member named â€˜[01m[Kfirst[m[Kâ€™
[0.663s]    49 |             {capturedPoints[i].[01;31m[Kfirst[m[K, capturedPoints[i].second, 1},
[0.663s]       |                                [01;31m[K^~~~~[m[K
[0.664s] [01m[K/home/richard/ros2_ws/src/tp1/src/Action.cpp:49:57:[m[K [01;31m[Kerror: [m[Kâ€˜[01m[K__gnu_cxx::__alloc_traits<std::allocator<std::tuple<int, int> >, std::tuple<int, int> >::value_type[m[Kâ€™ {aka â€˜[01m[Kclass std::tuple<int, int>[m[Kâ€™} has no member named â€˜[01m[Ksecond[m[Kâ€™
[0.664s]    49 |             {capturedPoints[i].first, capturedPoints[i].[01;31m[Ksecond[m[K, 1},
[0.664s]       |                                                         [01;31m[K^~~~~~[m[K
[0.664s] [01m[K/home/richard/ros2_ws/src/tp1/src/Action.cpp:50:32:[m[K [01;31m[Kerror: [m[Kâ€˜[01m[K__gnu_cxx::__alloc_traits<std::allocator<std::tuple<int, int> >, std::tuple<int, int> >::value_type[m[Kâ€™ {aka â€˜[01m[Kclass std::tuple<int, int>[m[Kâ€™} has no member named â€˜[01m[Kfirst[m[Kâ€™
[0.664s]    50 |             {capturedPoints[a].[01;31m[Kfirst[m[K, capturedPoints[a].second, 1},
[0.664s]       |                                [01;31m[K^~~~~[m[K
[0.664s] [01m[K/home/richard/ros2_ws/src/tp1/src/Action.cpp:50:57:[m[K [01;31m[Kerror: [m[Kâ€˜[01m[K__gnu_cxx::__alloc_traits<std::allocator<std::tuple<int, int> >, std::tuple<int, int> >::value_type[m[Kâ€™ {aka â€˜[01m[Kclass std::tuple<int, int>[m[Kâ€™} has no member named â€˜[01m[Ksecond[m[Kâ€™
[0.666s]    50 |             {capturedPoints[a].first, capturedPoints[a].[01;31m[Ksecond[m[K, 1},
[0.666s]       |                                                         [01;31m[K^~~~~~[m[K
[0.666s] [01m[K/home/richard/ros2_ws/src/tp1/src/Action.cpp:51:32:[m[K [01;31m[Kerror: [m[Kâ€˜[01m[K__gnu_cxx::__alloc_traits<std::allocator<std::tuple<int, int> >, std::tuple<int, int> >::value_type[m[Kâ€™ {aka â€˜[01m[Kclass std::tuple<int, int>[m[Kâ€™} has no member named â€˜[01m[Kfirst[m[Kâ€™
[0.667s]    51 |             {capturedPoints[b].[01;31m[Kfirst[m[K, capturedPoints[b].second, 1}
[0.667s]       |                                [01;31m[K^~~~~[m[K
[0.670s] [01m[K/home/richard/ros2_ws/src/tp1/src/Action.cpp:51:57:[m[K [01;31m[Kerror: [m[Kâ€˜[01m[K__gnu_cxx::__alloc_traits<std::allocator<std::tuple<int, int> >, std::tuple<int, int> >::value_type[m[Kâ€™ {aka â€˜[01m[Kclass std::tuple<int, int>[m[Kâ€™} has no member named â€˜[01m[Ksecond[m[Kâ€™
[0.670s]    51 |             {capturedPoints[b].first, capturedPoints[b].[01;31m[Ksecond[m[K, 1}
[0.670s]       |                                                         [01;31m[K^~~~~~[m[K
[0.670s] [01m[K/home/richard/ros2_ws/src/tp1/src/Action.cpp:58:47:[m[K [01;31m[Kerror: [m[Kâ€˜[01m[K__gnu_cxx::__alloc_traits<std::allocator<std::tuple<int, int> >, std::tuple<int, int> >::value_type[m[Kâ€™ {aka â€˜[01m[Kclass std::tuple<int, int>[m[Kâ€™} has no member named â€˜[01m[Kfirst[m[Kâ€™
[0.671s]    58 |         std::cout << "(" << capturedPoints[i].[01;31m[Kfirst[m[K << "," << capturedPoints[i].second << ")" << std::endl;
[0.671s]       |                                               [01;31m[K^~~~~[m[K
[0.671s] [01m[K/home/richard/ros2_ws/src/tp1/src/Action.cpp:58:81:[m[K [01;31m[Kerror: [m[Kâ€˜[01m[K__gnu_cxx::__alloc_traits<std::allocator<std::tuple<int, int> >, std::tuple<int, int> >::value_type[m[Kâ€™ {aka â€˜[01m[Kclass std::tuple<int, int>[m[Kâ€™} has no member named â€˜[01m[Ksecond[m[Kâ€™
[0.671s]    58 |  "(" << capturedPoints[i].first << "," << capturedPoints[i].[01;31m[Ksecond[m[K << ")" << std::endl;
[0.671s]       |                                                             [01;31m[K^~~~~~[m[K
[0.671s] 
[0.674s] [01m[K/home/richard/ros2_ws/src/tp1/src/Action.cpp:[m[K In member function â€˜[01m[Kvoid Action::[01;32m[KavoidObstacles[m[K(std::vector<float>, std::vector<float>)[m[Kâ€™:
[0.674s] [01m[K/home/richard/ros2_ws/src/tp1/src/Action.cpp:96:11:[m[K [01;35m[Kwarning: [m[Kunused variable â€˜[01m[KminDistance[m[Kâ€™ [[01;35m[K]8;;https://gcc.gnu.org/onlinedocs/gcc/Warning-Options.html#index-Wunused-variable-Wunused-variable]8;;[m[K]
[0.674s]    96 |     float [01;35m[KminDistance[m[K = 0.0f;
[0.675s]       |           [01;35m[K^~~~~~~~~~~[m[K
[0.675s] [01m[K/home/richard/ros2_ws/src/tp1/src/Action.cpp:97:9:[m[K [01;35m[Kwarning: [m[Kunused variable â€˜[01m[KminDistPos[m[Kâ€™ [[01;35m[K]8;;https://gcc.gnu.org/onlinedocs/gcc/Warning-Options.html#index-Wunused-variable-Wunused-variable]8;;[m[K]
[0.675s]    97 |     int [01;35m[KminDistPos[m[K = 0;
[0.675s]       |         [01;35m[K^~~~~~~~~~[m[K
[0.675s] [01m[K/home/richard/ros2_ws/src/tp1/src/Action.cpp:94:48:[m[K [01;35m[Kwarning: [m[Kunused parameter â€˜[01m[Klasers[m[Kâ€™ [[01;35m[K]8;;https://gcc.gnu.org/onlinedocs/gcc/Warning-Options.html#index-Wunused-parameter-Wunused-parameter]8;;[m[K]
[0.675s]    94 | void Action::avoidObstacles([01;35m[Kstd::vector<float> lasers[m[K, std::vector<float> sonars)
[0.676s]       |                             [01;35m[K~~~~~~~~~~~~~~~~~~~^~~~~~[m[K
[0.676s] [01m[K/home/richard/ros2_ws/src/tp1/src/Action.cpp:[m[K In member function â€˜[01m[Kvoid Action::[01;32m[KkeepAsFarthestAsPossibleFromWalls[m[K(std::vector<float>, std::vector<float>)[m[Kâ€™:
[0.676s] [01m[K/home/richard/ros2_ws/src/tp1/src/Action.cpp:116:67:[m[K [01;35m[Kwarning: [m[Kunused parameter â€˜[01m[Klasers[m[Kâ€™ [[01;35m[K]8;;https://gcc.gnu.org/onlinedocs/gcc/Warning-Options.html#index-Wunused-parameter-Wunused-parameter]8;;[m[K]
[0.676s]   116 | ction::keepAsFarthestAsPossibleFromWalls([01;35m[Kstd::vector<float> lasers[m[K, std::vector<float> sonars)
[0.677s]       |                                          [01;35m[K~~~~~~~~~~~~~~~~~~~^~~~~~[m[K
[0.677s] 
[0.823s] gmake[2]: *** [CMakeFiles/navigation.dir/build.make:90: CMakeFiles/navigation.dir/src/Action.cpp.o] Erro 1
[0.824s] gmake[1]: *** [CMakeFiles/Makefile2:137: CMakeFiles/navigation.dir/all] Erro 2
[0.824s] gmake: *** [Makefile:146: all] Erro 2
[0.826s] Invoked command in '/home/richard/ros2_ws/build/tp1' returned '2': CMAKE_PREFIX_PATH=${CMAKE_PREFIX_PATH}:/opt/ros/jazzy DEBUGINFOD_URLS=https://debuginfod.ubuntu.com /usr/bin/cmake --build /home/richard/ros2_ws/build/tp1 -- -j2 -l2
