[0.025s] Invoking command in '/home/richard/ros2_ws/build/tp1': CMAKE_PREFIX_PATH=${CMAKE_PREFIX_PATH}:/opt/ros/jazzy DEBUGINFOD_URLS=https://debuginfod.ubuntu.com /usr/bin/cmake --build /home/richard/ros2_ws/build/tp1 -- -j2 -l2
[0.200s] [ 14%] [32mBuilding CXX object CMakeFiles/navigation.dir/src/Mapping.cpp.o[0m
[2.094s] [01m[K/home/richard/ros2_ws/src/tp1/src/Mapping.cpp:[m[K In function â€˜[01m[Kfloat[01;32m[K bayes[m[K(float, float, float, float, float, float, float)[m[Kâ€™:
[2.094s] [01m[K/home/richard/ros2_ws/src/tp1/src/Mapping.cpp:102:15:[m[K [01;35m[Kwarning: [m[Kunused variable â€˜[01m[KpOcupS[m[Kâ€™ [[01;35m[K]8;;https://gcc.gnu.org/onlinedocs/gcc/Warning-Options.html#index-Wunused-variable-Wunused-variable]8;;[m[K]
[2.094s]   102 |         float [01;35m[KpOcupS[m[K = (pSOcup_pOcup / (pSOcup_pOcup + pSVaz_pVaz));
[2.094s]       |               [01;35m[K^~~~~~[m[K
[2.094s] [01m[K/home/richard/ros2_ws/src/tp1/src/Mapping.cpp:110:15:[m[K [01;35m[Kwarning: [m[Kunused variable â€˜[01m[KpOcupS[m[Kâ€™ [[01;35m[K]8;;https://gcc.gnu.org/onlinedocs/gcc/Warning-Options.html#index-Wunused-variable-Wunused-variable]8;;[m[K]
[2.094s]   110 |         float [01;35m[KpOcupS[m[K = (pSOcup_pOcup / (pSOcup_pOcup + pSVaz_pVaz));
[2.094s]       |               [01;35m[K^~~~~~[m[K
[2.114s] [01m[K/home/richard/ros2_ws/src/tp1/src/Mapping.cpp:116:30:[m[K [01;31m[Kerror: [m[Kâ€˜[01m[KpSOcup[m[Kâ€™ was not declared in this scope; did you mean â€˜[01m[KpOcup[m[Kâ€™?
[2.114s]   116 |             << "pSOcup: " << [01;31m[KpSOcup[m[K << " "
[2.114s]       |                              [01;31m[K^~~~~~[m[K
[2.114s]       |                              [32m[KpOcup[m[K
[2.127s] [01m[K/home/richard/ros2_ws/src/tp1/src/Mapping.cpp:117:29:[m[K [01;31m[Kerror: [m[Kâ€˜[01m[KpSVaz[m[Kâ€™ was not declared in this scope
[2.127s]   117 |             << "pSVaz: " << [01;31m[KpSVaz[m[K << " "
[2.127s]       |                             [01;31m[K^~~~~[m[K
[2.147s] [01m[K/home/richard/ros2_ws/src/tp1/src/Mapping.cpp:119:36:[m[K [01;31m[Kerror: [m[Kâ€˜[01m[KpSOcup_pOcup[m[Kâ€™ was not declared in this scope
[2.147s]   119 |             << "pSOcup_pOcup: " << [01;31m[KpSOcup_pOcup[m[K << " "
[2.147s]       |                                    [01;31m[K^~~~~~~~~~~~[m[K
[2.175s] [01m[K/home/richard/ros2_ws/src/tp1/src/Mapping.cpp:120:34:[m[K [01;31m[Kerror: [m[Kâ€˜[01m[KpSVaz_pVaz[m[Kâ€™ was not declared in this scope
[2.175s]   120 |             << "pSVaz_pVaz: " << [01;31m[KpSVaz_pVaz[m[K << " "
[2.175s]       |                                  [01;31m[K^~~~~~~~~~[m[K
[2.194s] [01m[K/home/richard/ros2_ws/src/tp1/src/Mapping.cpp:121:30:[m[K [01;31m[Kerror: [m[Kâ€˜[01m[KpOcupS[m[Kâ€™ was not declared in this scope; did you mean â€˜[01m[KpOcup[m[Kâ€™?
[2.194s]   121 |             << "pOcupS: " << [01;31m[KpOcupS[m[K << " "
[2.194s]       |                              [01;31m[K^~~~~~[m[K
[2.195s]       |                              [32m[KpOcup[m[K
[2.210s] [01m[K/home/richard/ros2_ws/src/tp1/src/Mapping.cpp:125:12:[m[K [01;31m[Kerror: [m[Kâ€˜[01m[KpOcupS[m[Kâ€™ was not declared in this scope; did you mean â€˜[01m[KpOcup[m[Kâ€™?
[2.210s]   125 |     return [01;31m[KpOcupS[m[K;
[2.210s]       |            [01;31m[K^~~~~~[m[K
[2.210s]       |            [32m[KpOcup[m[K
[2.223s] [01m[K/home/richard/ros2_ws/src/tp1/src/Mapping.cpp:[m[K In function â€˜[01m[Kvoid*[01;32m[K mappingThreadFunction[m[K(void*)[m[Kâ€™:
[2.223s] [01m[K/home/richard/ros2_ws/src/tp1/src/Mapping.cpp:164:35:[m[K [01;35m[Kwarning: [m[Kunused parameter â€˜[01m[Karg[m[Kâ€™ [[01;35m[K]8;;https://gcc.gnu.org/onlinedocs/gcc/Warning-Options.html#index-Wunused-parameter-Wunused-parameter]8;;[m[K]
[2.223s]   164 | void* mappingThreadFunction([01;35m[Kvoid* arg[m[K) {
[2.223s]       |                             [01;35m[K~~~~~~^~~[m[K
[2.716s] gmake[2]: *** [CMakeFiles/navigation.dir/build.make:146: CMakeFiles/navigation.dir/src/Mapping.cpp.o] Erro 1
[2.716s] gmake[1]: *** [CMakeFiles/Makefile2:137: CMakeFiles/navigation.dir/all] Erro 2
[2.716s] gmake: *** [Makefile:146: all] Erro 2
[2.721s] Invoked command in '/home/richard/ros2_ws/build/tp1' returned '2': CMAKE_PREFIX_PATH=${CMAKE_PREFIX_PATH}:/opt/ros/jazzy DEBUGINFOD_URLS=https://debuginfod.ubuntu.com /usr/bin/cmake --build /home/richard/ros2_ws/build/tp1 -- -j2 -l2
