[0.022s] Invoking command in '/home/richard/ros2_ws/build/tp1': CMAKE_PREFIX_PATH=${CMAKE_PREFIX_PATH}:/opt/ros/jazzy DEBUGINFOD_URLS=https://debuginfod.ubuntu.com /usr/bin/cmake --build /home/richard/ros2_ws/build/tp1 -- -j2 -l2
[0.136s] [ 20%] [32mBuilding CXX object CMakeFiles/navigation.dir/src/Action.cpp.o[0m
[0.916s] [01m[K/home/richard/ros2_ws/src/tp1/src/Action.cpp:[m[K In function â€˜[01m[Kstd::vector<float>[01;32m[K smoothVector[m[K(const std::vector<float>&, int)[m[Kâ€™:
[0.919s] [01m[K/home/richard/ros2_ws/src/tp1/src/Action.cpp:20:50:[m[K [01;35m[Kwarning: [m[Kcomparison of integer expressions of different signedness: â€˜[01m[Kint[m[Kâ€™ and â€˜[01m[Kstd::vector<float>::size_type[m[Kâ€™ {aka â€˜[01m[Klong unsigned int[m[Kâ€™} [[01;35m[K]8;;https://gcc.gnu.org/onlinedocs/gcc/Warning-Options.html#index-Wsign-compare-Wsign-compare]8;;[m[K]
[0.919s]    20 |         for (int j = i * N; j < (i + 1) * N && [01;35m[Kj < inputVector.size()[m[K; ++j) {
[0.919s]       |                                                [01;35m[K~~^~~~~~~~~~~~~~~~~~~~[m[K
[0.932s] [01m[K/home/richard/ros2_ws/src/tp1/src/Action.cpp:[m[K In member function â€˜[01m[Kvoid Action::[01;32m[KavoidObstacles[m[K(std::vector<float>, std::vector<float>)[m[Kâ€™:
[0.932s] [01m[K/home/richard/ros2_ws/src/tp1/src/Action.cpp:72:28:[m[K [01;31m[Kerror: [m[Kâ€˜[01m[Kvec[m[Kâ€™ was not declared in this scope
[0.932s]    72 |     for (size_t i = 0; i < [01;31m[Kvec[m[K.size(); ++i) {
[0.932s]       |                            [01;31m[K^~~[m[K
[0.933s] [01m[K/home/richard/ros2_ws/src/tp1/src/Action.cpp:64:11:[m[K [01;35m[Kwarning: [m[Kunused variable â€˜[01m[KminDistance[m[Kâ€™ [[01;35m[K]8;;https://gcc.gnu.org/onlinedocs/gcc/Warning-Options.html#index-Wunused-variable-Wunused-variable]8;;[m[K]
[0.933s]    64 |     float [01;35m[KminDistance[m[K = 0.0f;
[0.933s]       |           [01;35m[K^~~~~~~~~~~[m[K
[0.933s] [01m[K/home/richard/ros2_ws/src/tp1/src/Action.cpp:65:9:[m[K [01;35m[Kwarning: [m[Kunused variable â€˜[01m[KminDistPos[m[Kâ€™ [[01;35m[K]8;;https://gcc.gnu.org/onlinedocs/gcc/Warning-Options.html#index-Wunused-variable-Wunused-variable]8;;[m[K]
[0.934s]    65 |     int [01;35m[KminDistPos[m[K = 0;
[0.934s]       |         [01;35m[K^~~~~~~~~~[m[K
[1.067s] gmake[2]: *** [CMakeFiles/navigation.dir/build.make:90: CMakeFiles/navigation.dir/src/Action.cpp.o] Erro 1
[1.067s] gmake[1]: *** [CMakeFiles/Makefile2:137: CMakeFiles/navigation.dir/all] Erro 2
[1.067s] gmake: *** [Makefile:146: all] Erro 2
[1.067s] Invoked command in '/home/richard/ros2_ws/build/tp1' returned '2': CMAKE_PREFIX_PATH=${CMAKE_PREFIX_PATH}:/opt/ros/jazzy DEBUGINFOD_URLS=https://debuginfod.ubuntu.com /usr/bin/cmake --build /home/richard/ros2_ws/build/tp1 -- -j2 -l2
