[0.020s] Invoking command in '/home/richard/ros2_ws/build/tp1': CMAKE_PREFIX_PATH=${CMAKE_PREFIX_PATH}:/opt/ros/jazzy DEBUGINFOD_URLS=https://debuginfod.ubuntu.com /usr/bin/cmake --build /home/richard/ros2_ws/build/tp1 -- -j2 -l2
[0.085s] [ 16%] [32mBuilding CXX object CMakeFiles/navigation.dir/src/main.cpp.o[0m
[0.087s] [ 33%] [32mBuilding CXX object CMakeFiles/navigation.dir/src/Action.cpp.o[0m
[0.231s] [01m[K/home/richard/ros2_ws/src/tp1/src/Action.cpp:3:10:[m[K [01;31m[Kfatal error: [m[KGraph.h: Arquivo ou diretÃ³rio inexistente
[0.231s]     3 | #include [01;31m[K"Graph.h"[m[K
[0.232s]       |          [01;31m[K^~~~~~~~~[m[K
[0.232s] compilation terminated.
[0.237s] gmake[2]: *** [CMakeFiles/navigation.dir/build.make:90: CMakeFiles/navigation.dir/src/Action.cpp.o] Erro 1
[0.237s] gmake[2]: ** Esperando que outros processos terminem.
[2.895s] [01m[K/home/richard/ros2_ws/src/tp1/src/main.cpp:[m[K In function â€˜[01m[Kvoid*[01;32m[K keyboardThreadFunction[m[K(void*)[m[Kâ€™:
[2.897s] [01m[K/home/richard/ros2_ws/src/tp1/src/main.cpp:83:36:[m[K [01;35m[Kwarning: [m[Kunused parameter â€˜[01m[Karg[m[Kâ€™ [[01;35m[K]8;;https://gcc.gnu.org/onlinedocs/gcc/Warning-Options.html#index-Wunused-parameter-Wunused-parameter]8;;[m[K]
[2.897s]    83 | void *keyboardThreadFunction([01;35m[Kvoid *arg[m[K)
[2.897s]       |                              [01;35m[K~~~~~~^~~[m[K
[2.898s] [01m[K/home/richard/ros2_ws/src/tp1/src/main.cpp:[m[K In function â€˜[01m[Kvoid*[01;32m[K mainThreadFunction[m[K(void*)[m[Kâ€™:
[2.898s] [01m[K/home/richard/ros2_ws/src/tp1/src/main.cpp:97:32:[m[K [01;35m[Kwarning: [m[Kunused parameter â€˜[01m[Karg[m[Kâ€™ [[01;35m[K]8;;https://gcc.gnu.org/onlinedocs/gcc/Warning-Options.html#index-Wunused-parameter-Wunused-parameter]8;;[m[K]
[2.898s]    97 | void *mainThreadFunction([01;35m[Kvoid *arg[m[K)
[2.898s]       |                          [01;35m[K~~~~~~^~~[m[K
[10.857s] gmake[1]: *** [CMakeFiles/Makefile2:137: CMakeFiles/navigation.dir/all] Erro 2
[10.857s] gmake: *** [Makefile:146: all] Erro 2
[10.860s] Invoked command in '/home/richard/ros2_ws/build/tp1' returned '2': CMAKE_PREFIX_PATH=${CMAKE_PREFIX_PATH}:/opt/ros/jazzy DEBUGINFOD_URLS=https://debuginfod.ubuntu.com /usr/bin/cmake --build /home/richard/ros2_ws/build/tp1 -- -j2 -l2
