[ 16%] [32mBuilding CXX object CMakeFiles/navigation.dir/src/Action.cpp.o[0m
[01m[K/home/richard/ros2_ws/src/tp1/src/Action.cpp:[m[K In function â€˜[01m[Kstd::vector<std::vector<int> >[01;32m[K senseWalls[m[K(const std::vector<float>&)[m[Kâ€™:
[01m[K/home/richard/ros2_ws/src/tp1/src/Action.cpp:19:23:[m[K [01;35m[Kwarning: [m[Kcomparison of integer expressions of different signedness: â€˜[01m[Kint[m[Kâ€™ and â€˜[01m[Kstd::vector<float>::size_type[m[Kâ€™ {aka â€˜[01m[Klong unsigned int[m[Kâ€™} [[01;35m[K]8;;https://gcc.gnu.org/onlinedocs/gcc/Warning-Options.html#index-Wsign-compare-Wsign-compare]8;;[m[K]
   19 |     for (int i = 0; [01;35m[Ki < sonars.size()[m[K; ++i) {
      |                     [01;35m[K~~^~~~~~~~~~~~~~~[m[K
[01m[K/home/richard/ros2_ws/src/tp1/src/Action.cpp:41:23:[m[K [01;35m[Kwarning: [m[Kcomparison of integer expressions of different signedness: â€˜[01m[Kint[m[Kâ€™ and â€˜[01m[Kstd::vector<std::tuple<int, int> >::size_type[m[Kâ€™ {aka â€˜[01m[Klong unsigned int[m[Kâ€™} [[01;35m[K]8;;https://gcc.gnu.org/onlinedocs/gcc/Warning-Options.html#index-Wsign-compare-Wsign-compare]8;;[m[K]
   41 |     for (int i = 0; [01;35m[Ki < capturedPoints.size()[m[K; ++i) {
      |                     [01;35m[K~~^~~~~~~~~~~~~~~~~~~~~~~[m[K
[01m[K/home/richard/ros2_ws/src/tp1/src/Action.cpp:46:19:[m[K [01;35m[Kwarning: [m[Kcomparison of integer expressions of different signedness: â€˜[01m[Kint[m[Kâ€™ and â€˜[01m[Kstd::vector<std::tuple<int, int> >::size_type[m[Kâ€™ {aka â€˜[01m[Klong unsigned int[m[Kâ€™} [[01;35m[K]8;;https://gcc.gnu.org/onlinedocs/gcc/Warning-Options.html#index-Wsign-compare-Wsign-compare]8;;[m[K]
   46 |         if ([01;35m[Ki + 2 == capturedPoints.size()[m[K){
      |             [01;35m[K~~~~~~^~~~~~~~~~~~~~~~~~~~~~~~[m[K
[01m[K/home/richard/ros2_ws/src/tp1/src/Action.cpp:50:23:[m[K [01;35m[Kwarning: [m[Kcomparison of integer expressions of different signedness: â€˜[01m[Kint[m[Kâ€™ and â€˜[01m[Kstd::vector<std::tuple<int, int> >::size_type[m[Kâ€™ {aka â€˜[01m[Klong unsigned int[m[Kâ€™} [[01;35m[K]8;;https://gcc.gnu.org/onlinedocs/gcc/Warning-Options.html#index-Wsign-compare-Wsign-compare]8;;[m[K]
   50 |             if ([01;35m[Ki + 1 == capturedPoints.size()[m[K){
      |                 [01;35m[K~~~~~~^~~~~~~~~~~~~~~~~~~~~~~~[m[K
[01m[K/home/richard/ros2_ws/src/tp1/src/Action.cpp:[m[K In member function â€˜[01m[Kvoid Action::[01;32m[KavoidObstacles[m[K(std::vector<float>, std::vector<float>)[m[Kâ€™:
[01m[K/home/richard/ros2_ws/src/tp1/src/Action.cpp:103:11:[m[K [01;35m[Kwarning: [m[Kunused variable â€˜[01m[KminDistance[m[Kâ€™ [[01;35m[K]8;;https://gcc.gnu.org/onlinedocs/gcc/Warning-Options.html#index-Wunused-variable-Wunused-variable]8;;[m[K]
  103 |     float [01;35m[KminDistance[m[K = 0.0f;
      |           [01;35m[K^~~~~~~~~~~[m[K
[01m[K/home/richard/ros2_ws/src/tp1/src/Action.cpp:104:9:[m[K [01;35m[Kwarning: [m[Kunused variable â€˜[01m[KminDistPos[m[Kâ€™ [[01;35m[K]8;;https://gcc.gnu.org/onlinedocs/gcc/Warning-Options.html#index-Wunused-variable-Wunused-variable]8;;[m[K]
  104 |     int [01;35m[KminDistPos[m[K = 0;
      |         [01;35m[K^~~~~~~~~~[m[K
[01m[K/home/richard/ros2_ws/src/tp1/src/Action.cpp:101:48:[m[K [01;35m[Kwarning: [m[Kunused parameter â€˜[01m[Klasers[m[Kâ€™ [[01;35m[K]8;;https://gcc.gnu.org/onlinedocs/gcc/Warning-Options.html#index-Wunused-parameter-Wunused-parameter]8;;[m[K]
  101 | void Action::avoidObstacles([01;35m[Kstd::vector<float> lasers[m[K, std::vector<float> sonars)
      |                             [01;35m[K~~~~~~~~~~~~~~~~~~~^~~~~~[m[K
[01m[K/home/richard/ros2_ws/src/tp1/src/Action.cpp:[m[K In member function â€˜[01m[Kvoid Action::[01;32m[KkeepAsFarthestAsPossibleFromWalls[m[K(std::vector<float>, std::vector<float>)[m[Kâ€™:
[01m[K/home/richard/ros2_ws/src/tp1/src/Action.cpp:123:67:[m[K [01;35m[Kwarning: [m[Kunused parameter â€˜[01m[Klasers[m[Kâ€™ [[01;35m[K]8;;https://gcc.gnu.org/onlinedocs/gcc/Warning-Options.html#index-Wunused-parameter-Wunused-parameter]8;;[m[K]
  123 | ction::keepAsFarthestAsPossibleFromWalls([01;35m[Kstd::vector<float> lasers[m[K, std::vector<float> sonars)
      |                                          [01;35m[K~~~~~~~~~~~~~~~~~~~^~~~~~[m[K

[01m[K/home/richard/ros2_ws/src/tp1/src/Action.cpp:[m[K At global scope:
[01m[K/home/richard/ros2_ws/src/tp1/src/Action.cpp:170:12:[m[K [01;31m[Kerror: [m[Kâ€˜[01m[KRIGHT[m[Kâ€™ conflicts with a previous declaration
  170 | enum Side {[01;31m[KRIGHT[m[K, LEFT}
      |            [01;31m[K^~~~~[m[K
In file included from [01m[K/home/richard/ros2_ws/src/tp1/src/Action.cpp:1[m[K:
[01m[K/home/richard/ros2_ws/src/tp1/include/Action.h:7:48:[m[K [01;36m[Knote: [m[Kprevious declaration â€˜[01m[KMovingDirection RIGHT[m[Kâ€™
    7 | enum MovingDirection {STOP, FRONT, BACK, LEFT, [01;36m[KRIGHT[m[K, AUTO};
      |                                                [01;36m[K^~~~~[m[K
[01m[K/home/richard/ros2_ws/src/tp1/src/Action.cpp:170:19:[m[K [01;31m[Kerror: [m[Kâ€˜[01m[KLEFT[m[Kâ€™ conflicts with a previous declaration
  170 | enum Side {RIGHT, [01;31m[KLEFT[m[K}
      |                   [01;31m[K^~~~[m[K
[01m[K/home/richard/ros2_ws/src/tp1/include/Action.h:7:42:[m[K [01;36m[Knote: [m[Kprevious declaration â€˜[01m[KMovingDirection LEFT[m[Kâ€™
    7 | enum MovingDirection {STOP, FRONT, BACK, [01;36m[KLEFT[m[K, RIGHT, AUTO};
      |                                          [01;36m[K^~~~[m[K
[01m[K/home/richard/ros2_ws/src/tp1/src/Action.cpp:171:6:[m[K [01;31m[Kerror: [m[Kexpected initializer before â€˜[01m[Kside[m[Kâ€™
  171 | Side [01;31m[Kside[m[K;
      |      [01;31m[K^~~~[m[K
[01m[K/home/richard/ros2_ws/src/tp1/src/Action.cpp:[m[K In member function â€˜[01m[Kvoid Action::[01;32m[KfollowTheWalls[m[K(std::vector<float>, std::vector<float>)[m[Kâ€™:
[01m[K/home/richard/ros2_ws/src/tp1/src/Action.cpp:181:11:[m[K [01;35m[Kwarning: [m[Kunused variable â€˜[01m[KminDistance[m[Kâ€™ [[01;35m[K]8;;https://gcc.gnu.org/onlinedocs/gcc/Warning-Options.html#index-Wunused-variable-Wunused-variable]8;;[m[K]
  181 |     float [01;35m[KminDistance[m[K = 0.0f;
      |           [01;35m[K^~~~~~~~~~~[m[K
[01m[K/home/richard/ros2_ws/src/tp1/src/Action.cpp:182:9:[m[K [01;35m[Kwarning: [m[Kunused variable â€˜[01m[KminDistPos[m[Kâ€™ [[01;35m[K]8;;https://gcc.gnu.org/onlinedocs/gcc/Warning-Options.html#index-Wunused-variable-Wunused-variable]8;;[m[K]
  182 |     int [01;35m[KminDistPos[m[K = 0;
      |         [01;35m[K^~~~~~~~~~[m[K
[01m[K/home/richard/ros2_ws/src/tp1/src/Action.cpp:179:48:[m[K [01;35m[Kwarning: [m[Kunused parameter â€˜[01m[Klasers[m[Kâ€™ [[01;35m[K]8;;https://gcc.gnu.org/onlinedocs/gcc/Warning-Options.html#index-Wunused-parameter-Wunused-parameter]8;;[m[K]
  179 | void Action::followTheWalls([01;35m[Kstd::vector<float> lasers[m[K, std::vector<float> sonars)
      |                             [01;35m[K~~~~~~~~~~~~~~~~~~~^~~~~~[m[K
[01m[K/home/richard/ros2_ws/src/tp1/src/Action.cpp:[m[K In member function â€˜[01m[Kvoid Action::[01;32m[KtestMode[m[K(std::vector<float>, std::vector<float>)[m[Kâ€™:
[01m[K/home/richard/ros2_ws/src/tp1/src/Action.cpp:257:13:[m[K [01;31m[Kerror: [m[Kâ€˜[01m[Kside[m[Kâ€™ was not declared in this scope; did you mean â€˜[01m[KSide[m[Kâ€™?
  257 |             [01;31m[Kside[m[K = LEFT;
      |             [01;31m[K^~~~[m[K
      |             [32m[KSide[m[K
[01m[K/home/richard/ros2_ws/src/tp1/src/Action.cpp:259:13:[m[K [01;31m[Kerror: [m[Kâ€˜[01m[Kside[m[Kâ€™ was not declared in this scope; did you mean â€˜[01m[KSide[m[Kâ€™?
  259 |             [01;31m[Kside[m[K = RIGHT;
      |             [01;31m[K^~~~[m[K
      |             [32m[KSide[m[K
[01m[K/home/richard/ros2_ws/src/tp1/src/Action.cpp:264:9:[m[K [01;31m[Kerror: [m[Kâ€˜[01m[Kside[m[Kâ€™ was not declared in this scope; did you mean â€˜[01m[KSide[m[Kâ€™?
  264 |     if ([01;31m[Kside[m[K == LEFT){
      |         [01;31m[K^~~~[m[K
      |         [32m[KSide[m[K
[01m[K/home/richard/ros2_ws/src/tp1/src/Action.cpp:246:11:[m[K [01;35m[Kwarning: [m[Kunused variable â€˜[01m[KminDistance[m[Kâ€™ [[01;35m[K]8;;https://gcc.gnu.org/onlinedocs/gcc/Warning-Options.html#index-Wunused-variable-Wunused-variable]8;;[m[K]
  246 |     float [01;35m[KminDistance[m[K = 0.0f;
      |           [01;35m[K^~~~~~~~~~~[m[K
[01m[K/home/richard/ros2_ws/src/tp1/src/Action.cpp:251:9:[m[K [01;35m[Kwarning: [m[Kunused variable â€˜[01m[Ksonar0[m[Kâ€™ [[01;35m[K]8;;https://gcc.gnu.org/onlinedocs/gcc/Warning-Options.html#index-Wunused-variable-Wunused-variable]8;;[m[K]
  251 |     int [01;35m[Ksonar0[m[K = static_cast<int>(sonars[0] / 10);
      |         [01;35m[K^~~~~~[m[K
[01m[K/home/richard/ros2_ws/src/tp1/src/Action.cpp:252:9:[m[K [01;35m[Kwarning: [m[Kunused variable â€˜[01m[Ksonar15[m[Kâ€™ [[01;35m[K]8;;https://gcc.gnu.org/onlinedocs/gcc/Warning-Options.html#index-Wunused-variable-Wunused-variable]8;;[m[K]
  252 |     int [01;35m[Ksonar15[m[K = static_cast<int>(sonars[15] / 10);
      |         [01;35m[K^~~~~~~[m[K
[01m[K/home/richard/ros2_ws/src/tp1/src/Action.cpp:243:42:[m[K [01;35m[Kwarning: [m[Kunused parameter â€˜[01m[Klasers[m[Kâ€™ [[01;35m[K]8;;https://gcc.gnu.org/onlinedocs/gcc/Warning-Options.html#index-Wunused-parameter-Wunused-parameter]8;;[m[K]
  243 | void Action::testMode([01;35m[Kstd::vector<float> lasers[m[K, std::vector<float> sonars)
      |                       [01;35m[K~~~~~~~~~~~~~~~~~~~^~~~~~[m[K
gmake[2]: *** [CMakeFiles/navigation.dir/build.make:90: CMakeFiles/navigation.dir/src/Action.cpp.o] Erro 1
gmake[1]: *** [CMakeFiles/Makefile2:137: CMakeFiles/navigation.dir/all] Erro 2
gmake: *** [Makefile:146: all] Erro 2
