[0.020s] Invoking command in '/home/richard/ros2_ws/build/tp1': CMAKE_PREFIX_PATH=${CMAKE_PREFIX_PATH}:/opt/ros/jazzy DEBUGINFOD_URLS=https://debuginfod.ubuntu.com /usr/bin/cmake --build /home/richard/ros2_ws/build/tp1 -- -j2 -l2
[0.236s] [ 14%] [32mBuilding CXX object CMakeFiles/navigation.dir/src/Graph.cpp.o[0m
[0.248s] [ 28%] [32mBuilding CXX object CMakeFiles/navigation.dir/src/Mapping.cpp.o[0m
[1.776s] [01m[K/home/richard/ros2_ws/src/tp1/src/Graph.cpp:[m[K In function â€˜[01m[Kvoid*[01;32m[K graphicsThreadFunction[m[K(void*)[m[Kâ€™:
[1.776s] [01m[K/home/richard/ros2_ws/src/tp1/src/Graph.cpp:76:36:[m[K [01;35m[Kwarning: [m[Kunused parameter â€˜[01m[Karg[m[Kâ€™ [[01;35m[K]8;;https://gcc.gnu.org/onlinedocs/gcc/Warning-Options.html#index-Wunused-parameter-Wunused-parameter]8;;[m[K]
[1.776s]    76 | void* graphicsThreadFunction([01;35m[Kvoid* arg[m[K) {
[1.776s]       |                              [01;35m[K~~~~~~^~~[m[K
[2.088s] [01m[K/home/richard/ros2_ws/src/tp1/src/Mapping.cpp:[m[K In function â€˜[01m[Kvoid*[01;32m[K mappingThreadFunction[m[K(void*)[m[Kâ€™:
[2.088s] [01m[K/home/richard/ros2_ws/src/tp1/src/Mapping.cpp:311:35:[m[K [01;35m[Kwarning: [m[Kunused parameter â€˜[01m[Karg[m[Kâ€™ [[01;35m[K]8;;https://gcc.gnu.org/onlinedocs/gcc/Warning-Options.html#index-Wunused-parameter-Wunused-parameter]8;;[m[K]
[2.088s]   311 | void* mappingThreadFunction([01;35m[Kvoid* arg[m[K) {
[2.088s]       |                             [01;35m[K~~~~~~^~~[m[K
[2.723s] [ 42%] [32m[1mLinking CXX executable navigation[0m
[3.170s] /usr/bin/ld: CMakeFiles/navigation.dir/src/Graph.cpp.o: aviso: relocalizaÃ§Ã£o contra "offset" em secÃ§Ã£o sÃ³ de leitura ".text"
[3.242s] /usr/bin/ld: CMakeFiles/navigation.dir/src/Graph.cpp.o: na funÃ§Ã£o "graphicsThreadFunction(void*)":
[3.243s] Graph.cpp:(.text+0x39c): undefined reference to `offset'
[3.243s] /usr/bin/ld: Graph.cpp:(.text+0x3da): undefined reference to `offset'
[3.276s] /usr/bin/ld: aviso: a criar DT_TEXTREL num PIE.
[3.289s] collect2: error: ld returned 1 exit status
[3.292s] gmake[2]: *** [CMakeFiles/navigation.dir/build.make:306: navigation] Erro 1
[3.292s] gmake[1]: *** [CMakeFiles/Makefile2:137: CMakeFiles/navigation.dir/all] Erro 2
[3.293s] gmake: *** [Makefile:146: all] Erro 2
[3.295s] Invoked command in '/home/richard/ros2_ws/build/tp1' returned '2': CMAKE_PREFIX_PATH=${CMAKE_PREFIX_PATH}:/opt/ros/jazzy DEBUGINFOD_URLS=https://debuginfod.ubuntu.com /usr/bin/cmake --build /home/richard/ros2_ws/build/tp1 -- -j2 -l2
