[0.017s] Invoking command in '/home/richard/ros2_ws/build/tp1': CMAKE_PREFIX_PATH=${CMAKE_PREFIX_PATH}:/opt/ros/jazzy DEBUGINFOD_URLS=https://debuginfod.ubuntu.com /usr/bin/cmake --build /home/richard/ros2_ws/build/tp1 -- -j2 -l2
[0.138s] [ 14%] [32mBuilding CXX object CMakeFiles/navigation.dir/src/Mapping.cpp.o[0m
[1.286s] [01m[K/home/richard/ros2_ws/src/tp1/src/Mapping.cpp:[m[K In function â€˜[01m[Kstd::vector<std::vector<float> >[01;32m[K loadMatrix[m[K(const std::string&)[m[Kâ€™:
[1.286s] [01m[K/home/richard/ros2_ws/src/tp1/src/Mapping.cpp:59:40:[m[K [01;31m[Kerror: [m[Kvariable â€˜[01m[Kstd::istringstream stream[m[Kâ€™ has initializer but incomplete type
[1.286s]    59 |         std::istringstream stream(linha[01;31m[K)[m[K;
[1.286s]       |                                        [01;31m[K^[m[K
[1.295s] [01m[K/home/richard/ros2_ws/src/tp1/src/Mapping.cpp:[m[K In function â€˜[01m[Kvoid*[01;32m[K mappingThreadFunction[m[K(void*)[m[Kâ€™:
[1.296s] [01m[K/home/richard/ros2_ws/src/tp1/src/Mapping.cpp:292:20:[m[K [01;35m[Kwarning: [m[Kcomparison with string literal results in unspecified behavior [[01;35m[K]8;;https://gcc.gnu.org/onlinedocs/gcc/Warning-Options.html#index-Waddress-Waddress]8;;[m[K]
[1.296s]   292 |             if([01;35m[Kmode=="BAYES"[m[K){
[1.296s]       |                [01;35m[K~~~~^~~~~~~~~[m[K
[1.297s] [01m[K/home/richard/ros2_ws/src/tp1/src/Mapping.cpp:272:35:[m[K [01;35m[Kwarning: [m[Kunused parameter â€˜[01m[Karg[m[Kâ€™ [[01;35m[K]8;;https://gcc.gnu.org/onlinedocs/gcc/Warning-Options.html#index-Wunused-parameter-Wunused-parameter]8;;[m[K]
[1.297s]   272 | void* mappingThreadFunction([01;35m[Kvoid* arg[m[K) {
[1.297s]       |                             [01;35m[K~~~~~~^~~[m[K
[1.473s] gmake[2]: *** [CMakeFiles/navigation.dir/build.make:146: CMakeFiles/navigation.dir/src/Mapping.cpp.o] Erro 1
[1.473s] gmake[1]: *** [CMakeFiles/Makefile2:137: CMakeFiles/navigation.dir/all] Erro 2
[1.473s] gmake: *** [Makefile:146: all] Erro 2
[1.476s] Invoked command in '/home/richard/ros2_ws/build/tp1' returned '2': CMAKE_PREFIX_PATH=${CMAKE_PREFIX_PATH}:/opt/ros/jazzy DEBUGINFOD_URLS=https://debuginfod.ubuntu.com /usr/bin/cmake --build /home/richard/ros2_ws/build/tp1 -- -j2 -l2
