[01m[K/home/richard/ros2_ws/src/tp1/src/Graph.cpp:[m[K In function â€˜[01m[Kvoid*[01;32m[K graphicsThreadFunction[m[K(void*)[m[Kâ€™:
[01m[K/home/richard/ros2_ws/src/tp1/src/Graph.cpp:90:9:[m[K [01;31m[Kerror: [m[Kâ€˜[01m[Kusleep[m[Kâ€™ was not declared in this scope
   90 |         [01;31m[Kusleep[m[K(100000); // 100ms
      |         [01;31m[K^~~~~~[m[K
[01m[K/home/richard/ros2_ws/src/tp1/src/Graph.cpp:95:57:[m[K [01;35m[Kwarning: [m[Knarrowing conversion of â€˜[01m[K(((double)(roboPosicao.Position::x * scaleFactor)) - 8.0000000000000004e-1)[m[Kâ€™ from â€˜[01m[Kdouble[m[Kâ€™ to â€˜[01m[Kfloat[m[Kâ€™ [[01;35m[K]8;;https://gcc.gnu.org/onlinedocs/gcc/Warning-Options.html#index-Wnarrowing-Wnarrowing]8;;[m[K]
   95 |         Position posRobo = {[01;35m[KroboPosicao.x * scaleFactor - 0.8[m[K,
      |                             [01;35m[K~~~~~~~~~~~~~~~~~~~~~~~~~~~~^~~~~[m[K
[01m[K/home/richard/ros2_ws/src/tp1/src/Graph.cpp:96:58:[m[K [01;35m[Kwarning: [m[Knarrowing conversion of â€˜[01m[K(((double)(roboPosicao.Position::y * scaleFactor)) - 6.9999999999999996e-1)[m[Kâ€™ from â€˜[01m[Kdouble[m[Kâ€™ to â€˜[01m[Kfloat[m[Kâ€™ [[01;35m[K]8;;https://gcc.gnu.org/onlinedocs/gcc/Warning-Options.html#index-Wnarrowing-Wnarrowing]8;;[m[K]
   96 |                              [01;35m[KroboPosicao.y * scaleFactor - 0.7[m[K,
      |                              [01;35m[K~~~~~~~~~~~~~~~~~~~~~~~~~~~~^~~~~[m[K
[01m[K/home/richard/ros2_ws/src/tp1/src/Graph.cpp:71:36:[m[K [01;35m[Kwarning: [m[Kunused parameter â€˜[01m[Karg[m[Kâ€™ [[01;35m[K]8;;https://gcc.gnu.org/onlinedocs/gcc/Warning-Options.html#index-Wunused-parameter-Wunused-parameter]8;;[m[K]
   71 | void* graphicsThreadFunction([01;35m[Kvoid* arg[m[K) {
      |                              [01;35m[K~~~~~~^~~[m[K
gmake[2]: *** [CMakeFiles/navigation.dir/build.make:132: CMakeFiles/navigation.dir/src/Graph.cpp.o] Erro 1
gmake[1]: *** [CMakeFiles/Makefile2:137: CMakeFiles/navigation.dir/all] Erro 2
gmake: *** [Makefile:146: all] Erro 2
