[0.023s] Invoking command in '/home/richard/ros2_ws/build/tp1': CMAKE_PREFIX_PATH=${CMAKE_PREFIX_PATH}:/opt/ros/jazzy DEBUGINFOD_URLS=https://debuginfod.ubuntu.com /usr/bin/cmake --build /home/richard/ros2_ws/build/tp1 -- -j2 -l2
[0.123s] [ 16%] [32mBuilding CXX object CMakeFiles/navigation.dir/src/main.cpp.o[0m
[0.123s] [ 33%] [32mBuilding CXX object CMakeFiles/navigation.dir/src/Perception.cpp.o[0m
[1.927s] [01m[K/home/richard/ros2_ws/src/tp1/src/Perception.cpp:[m[K In member function â€˜[01m[Kvoid Perception::[01;32m[KrecievePose[m[K(const nav_msgs::msg::Odometry_<std::allocator<void> >::ConstSharedPtr&)[m[Kâ€™:
[1.927s] [01m[K/home/richard/ros2_ws/src/tp1/src/Perception.cpp:130:13:[m[K [01;31m[Kerror: [m[Kâ€˜[01m[Kusing nav_msgs::msg::Odometry = struct nav_msgs::msg::Odometry_<std::allocator<void> >[m[Kâ€™ {aka â€˜[01m[Kstruct nav_msgs::msg::Odometry_<std::allocator<void> >[m[Kâ€™} has no member named â€˜[01m[Kdata[m[Kâ€™
[1.927s]   130 |     poseROS.[01;31m[Kdata[m[K = value->data;
[1.928s]       |             [01;31m[K^~~~[m[K
[1.928s] [01m[K/home/richard/ros2_ws/src/tp1/src/Perception.cpp:130:27:[m[K [01;31m[Kerror: [m[Kâ€˜[01m[Kusing std::__shared_ptr_access<const nav_msgs::msg::Odometry_<std::allocator<void> >, __gnu_cxx::_S_atomic, false, false>::element_type = const struct nav_msgs::msg::Odometry_<std::allocator<void> >[m[Kâ€™ {aka â€˜[01m[Kconst struct nav_msgs::msg::Odometry_<std::allocator<void> >[m[Kâ€™} has no member named â€˜[01m[Kdata[m[Kâ€™
[1.928s]   130 |     poseROS.data = value->[01;31m[Kdata[m[K;
[1.928s]       |                           [01;31m[K^~~~[m[K
[1.928s] [01m[K/home/richard/ros2_ws/src/tp1/src/Perception.cpp:[m[K In member function â€˜[01m[Kstd::vector<float, std::allocator<float> > Perception::[01;32m[KgetLatestSonarRanges[m[K()[m[Kâ€™:
[1.928s] [01m[K/home/richard/ros2_ws/src/tp1/src/Perception.cpp:153:9:[m[K [01;35m[Kwarning: [m[Kunused variable â€˜[01m[Knumbytes[m[Kâ€™ [[01;35m[K]8;;https://gcc.gnu.org/onlinedocs/gcc/Warning-Options.html#index-Wunused-variable-Wunused-variable]8;;[m[K]
[1.928s]   153 |     int [01;35m[Knumbytes[m[K = sonarROS.data.size();
[1.928s]       |         [01;35m[K^~~~~~~~[m[K
[1.928s] [01m[K/home/richard/ros2_ws/src/tp1/src/Perception.cpp:154:9:[m[K [01;35m[Kwarning: [m[Kunused variable â€˜[01m[Knumfields[m[Kâ€™ [[01;35m[K]8;;https://gcc.gnu.org/onlinedocs/gcc/Warning-Options.html#index-Wunused-variable-Wunused-variable]8;;[m[K]
[1.928s]   154 |     int [01;35m[Knumfields[m[K = sonarROS.fields.size();
[1.928s]       |         [01;35m[K^~~~~~~~~[m[K
[1.928s] [01m[K/home/richard/ros2_ws/src/tp1/src/Perception.cpp:[m[K In member function â€˜[01m[Kstd::vector<float, std::allocator<float> > Perception::[01;32m[KgetLatestPose[m[K()[m[Kâ€™:
[1.929s] [01m[K/home/richard/ros2_ws/src/tp1/src/Perception.cpp:175:5:[m[K [01;31m[Kerror: [m[Kâ€˜[01m[KPose[m[Kâ€™ has not been declared
[1.929s]   175 |     [01;31m[KPose[m[K::Pose pose = new Pose::Pose(poseROS.data[0], poseROS.data[1], poseROS.data[2]);
[1.929s]       |     [01;31m[K^~~~[m[K
[1.929s] [01m[K/home/richard/ros2_ws/src/tp1/src/Perception.cpp:176:38:[m[K [01;31m[Kerror: [m[Kâ€˜[01m[Kusing nav_msgs::msg::Odometry = struct nav_msgs::msg::Odometry_<std::allocator<void> >[m[Kâ€™ {aka â€˜[01m[Kstruct nav_msgs::msg::Odometry_<std::allocator<void> >[m[Kâ€™} has no member named â€˜[01m[Kdata[m[Kâ€™
[1.929s]   176 |     std::cout << "POSE: " << poseROS.[01;31m[Kdata[m[K[0] << " " << poseROS.data[1] << " " <<  poseROS.data[2] << std::endl;
[1.929s]       |                                      [01;31m[K^~~~[m[K
[1.929s] [01m[K/home/richard/ros2_ws/src/tp1/src/Perception.cpp:176:64:[m[K [01;31m[Kerror: [m[Kâ€˜[01m[Kusing nav_msgs::msg::Odometry = struct nav_msgs::msg::Odometry_<std::allocator<void> >[m[Kâ€™ {aka â€˜[01m[Kstruct nav_msgs::msg::Odometry_<std::allocator<void> >[m[Kâ€™} has no member named â€˜[01m[Kdata[m[Kâ€™
[1.929s]   176 |     std::cout << "POSE: " << poseROS.data[0] << " " << poseROS.[01;31m[Kdata[m[K[1] << " " <<  poseROS.data[2] << std::endl;
[1.931s]       |                                                                [01;31m[K^~~~[m[K
[1.941s] [01m[K/home/richard/ros2_ws/src/tp1/src/Perception.cpp:176:91:[m[K [01;31m[Kerror: [m[Kâ€˜[01m[Kusing nav_msgs::msg::Odometry = struct nav_msgs::msg::Odometry_<std::allocator<void> >[m[Kâ€™ {aka â€˜[01m[Kstruct nav_msgs::msg::Odometry_<std::allocator<void> >[m[Kâ€™} has no member named â€˜[01m[Kdata[m[Kâ€™
[1.942s]   176 |     std::cout << "POSE: " << poseROS.data[0] << " " << poseROS.data[1] << " " <<  poseROS.[01;31m[Kdata[m[K[2] << std::endl;
[1.942s]       |                                                                                           [01;31m[K^~~~[m[K
[1.943s] [01m[K/home/richard/ros2_ws/src/tp1/src/Perception.cpp:177:12:[m[K [01;31m[Kerror: [m[Kâ€˜[01m[Kpose[m[Kâ€™ was not declared in this scope
[1.943s]   177 |     return [01;31m[Kpose[m[K
[1.943s]       |            [01;31m[K^~~~[m[K
[1.943s] [01m[K/home/richard/ros2_ws/src/tp1/src/Perception.cpp:177:16:[m[K [01;31m[Kerror: [m[Kexpected â€˜[01m[K;[m[Kâ€™ before â€˜[01m[K}[m[Kâ€™ token
[1.943s]   177 |     return pose
[1.944s]       |                [01;31m[K^[m[K
[1.944s]       |                [32m[K;[m[K
[1.944s]   178 | [32m[K}[m[K
[1.944s]       | [32m[K~[m[K               
[2.105s] gmake[2]: *** [CMakeFiles/navigation.dir/build.make:104: CMakeFiles/navigation.dir/src/Perception.cpp.o] Erro 1
[2.105s] gmake[2]: ** Esperando que outros processos terminem.
[3.899s] [01m[K/home/richard/ros2_ws/src/tp1/src/main.cpp:[m[K In constructor â€˜[01m[KNavigationNode::[01;32m[KNavigationNode[m[K(Action&, Perception&)[m[Kâ€™:
[3.899s] [01m[K/home/richard/ros2_ws/src/tp1/src/main.cpp:29:7:[m[K [01;31m[Kerror: [m[Kâ€˜[01m[Ksub_pose[m[Kâ€™ was not declared in this scope
[3.899s]    29 |       [01;31m[Ksub_pose[m[K = this->create_subscription<sensor_msgs::msg::PointCloud2>("/pose", 100,
[3.899s]       |       [01;31m[K^~~~~~~~[m[K
[3.899s] [01m[K/home/richard/ros2_ws/src/tp1/src/main.cpp:30:98:[m[K [01;31m[Kerror: [m[Kâ€˜[01m[KreceivePose[m[Kâ€™ is not a member of â€˜[01m[KPerception[m[Kâ€™
[3.899s]    30 |                                      std::bind(&Perception::[01;31m[KreceivePose[m[K, &perception, _1));
[3.899s]       |                                                             [01;31m[K^~~~~~~~~~~[m[K
[3.899s] 
[3.909s] [01m[K/home/richard/ros2_ws/src/tp1/src/main.cpp:[m[K In function â€˜[01m[Kvoid*[01;32m[K keyboardThreadFunction[m[K(void*)[m[Kâ€™:
[3.909s] [01m[K/home/richard/ros2_ws/src/tp1/src/main.cpp:90:36:[m[K [01;35m[Kwarning: [m[Kunused parameter â€˜[01m[Karg[m[Kâ€™ [[01;35m[K]8;;https://gcc.gnu.org/onlinedocs/gcc/Warning-Options.html#index-Wunused-parameter-Wunused-parameter]8;;[m[K]
[3.909s]    90 | void *keyboardThreadFunction([01;35m[Kvoid *arg[m[K)
[3.909s]       |                              [01;35m[K~~~~~~^~~[m[K
[3.913s] [01m[K/home/richard/ros2_ws/src/tp1/src/main.cpp:[m[K In function â€˜[01m[Kvoid*[01;32m[K mainThreadFunction[m[K(void*)[m[Kâ€™:
[3.913s] [01m[K/home/richard/ros2_ws/src/tp1/src/main.cpp:104:32:[m[K [01;35m[Kwarning: [m[Kunused parameter â€˜[01m[Karg[m[Kâ€™ [[01;35m[K]8;;https://gcc.gnu.org/onlinedocs/gcc/Warning-Options.html#index-Wunused-parameter-Wunused-parameter]8;;[m[K]
[3.913s]   104 | void *mainThreadFunction([01;35m[Kvoid *arg[m[K)
[3.914s]       |                          [01;35m[K~~~~~~^~~[m[K
[3.914s] [01m[K/home/richard/ros2_ws/src/tp1/src/main.cpp:[m[K In function â€˜[01m[Kint[01;32m[K main[m[K(int, char**)[m[Kâ€™:
[3.914s] [01m[K/home/richard/ros2_ws/src/tp1/src/main.cpp:123:41:[m[K [01;35m[Kwarning: [m[Kunused variable â€˜[01m[KgraphicsThread[m[Kâ€™ [[01;35m[K]8;;https://gcc.gnu.org/onlinedocs/gcc/Warning-Options.html#index-Wunused-variable-Wunused-variable]8;;[m[K]
[3.914s]   123 |   pthread_t mainThread, keyboardThread, [01;35m[KgraphicsThread[m[K;
[3.914s]       |                                         [01;35m[K^~~~~~~~~~~~~~[m[K
[7.874s] gmake[2]: *** [CMakeFiles/navigation.dir/build.make:76: CMakeFiles/navigation.dir/src/main.cpp.o] Erro 1
[7.875s] gmake[1]: *** [CMakeFiles/Makefile2:137: CMakeFiles/navigation.dir/all] Erro 2
[7.879s] gmake: *** [Makefile:146: all] Erro 2
[7.881s] Invoked command in '/home/richard/ros2_ws/build/tp1' returned '2': CMAKE_PREFIX_PATH=${CMAKE_PREFIX_PATH}:/opt/ros/jazzy DEBUGINFOD_URLS=https://debuginfod.ubuntu.com /usr/bin/cmake --build /home/richard/ros2_ws/build/tp1 -- -j2 -l2
