[0.017s] Invoking command in '/home/richard/ros2_ws/build/tp1': CMAKE_PREFIX_PATH=${CMAKE_PREFIX_PATH}:/opt/ros/jazzy DEBUGINFOD_URLS=https://debuginfod.ubuntu.com /usr/bin/cmake --build /home/richard/ros2_ws/build/tp1 -- -j2 -l2
[0.145s] [ 14%] [32mBuilding CXX object CMakeFiles/navigation.dir/src/Mapping.cpp.o[0m
[0.460s] [01m[K/home/richard/ros2_ws/src/tp1/src/Mapping.cpp:298:29:[m[K [01;35m[Kwarning: [m[Kmulti-character character constant [[01;35m[K]8;;https://gcc.gnu.org/onlinedocs/gcc/Warning-Options.html#index-Wmultichar-Wmultichar]8;;[m[K]
[0.461s]   298 |             }else if (mode==[01;35m[K'HIMM'[m[K){
[0.461s]       |                             [01;35m[K^~~~~~[m[K
[1.433s] [01m[K/home/richard/ros2_ws/src/tp1/src/Mapping.cpp:[m[K In function â€˜[01m[Kvoid*[01;32m[K mappingThreadFunction[m[K(void*)[m[Kâ€™:
[1.433s] [01m[K/home/richard/ros2_ws/src/tp1/src/Mapping.cpp:292:20:[m[K [01;35m[Kwarning: [m[Kcomparison with string literal results in unspecified behavior [[01;35m[K]8;;https://gcc.gnu.org/onlinedocs/gcc/Warning-Options.html#index-Waddress-Waddress]8;;[m[K]
[1.433s]   292 |             if([01;35m[Kmode=="BAYES"[m[K){
[1.433s]       |                [01;35m[K~~~~^~~~~~~~~[m[K
[1.435s] [01m[K/home/richard/ros2_ws/src/tp1/src/Mapping.cpp:298:27:[m[K [01;31m[Kerror: [m[KISO C++ forbids comparison between pointer and integer [[01;31m[K]8;;https://gcc.gnu.org/onlinedocs/gcc/Warning-Options.html#index-fpermissive-fpermissive]8;;[m[K]
[1.435s]   298 |             }else if ([01;31m[Kmode=='HIMM'[m[K){
[1.436s]       |                       [01;31m[K~~~~^~~~~~~~[m[K
[1.436s] [01m[K/home/richard/ros2_ws/src/tp1/src/Mapping.cpp:274:35:[m[K [01;35m[Kwarning: [m[Kunused parameter â€˜[01m[Karg[m[Kâ€™ [[01;35m[K]8;;https://gcc.gnu.org/onlinedocs/gcc/Warning-Options.html#index-Wunused-parameter-Wunused-parameter]8;;[m[K]
[1.436s]   274 | void* mappingThreadFunction([01;35m[Kvoid* arg[m[K) {
[1.436s]       |                             [01;35m[K~~~~~~^~~[m[K
[1.723s] gmake[2]: *** [CMakeFiles/navigation.dir/build.make:146: CMakeFiles/navigation.dir/src/Mapping.cpp.o] Erro 1
[1.723s] gmake[1]: *** [CMakeFiles/Makefile2:137: CMakeFiles/navigation.dir/all] Erro 2
[1.723s] gmake: *** [Makefile:146: all] Erro 2
[1.725s] Invoked command in '/home/richard/ros2_ws/build/tp1' returned '2': CMAKE_PREFIX_PATH=${CMAKE_PREFIX_PATH}:/opt/ros/jazzy DEBUGINFOD_URLS=https://debuginfod.ubuntu.com /usr/bin/cmake --build /home/richard/ros2_ws/build/tp1 -- -j2 -l2
