[0.013s] Invoking command in '/home/richard/ros2_ws/build/tp1': CMAKE_PREFIX_PATH=${CMAKE_PREFIX_PATH}:/opt/ros/jazzy DEBUGINFOD_URLS=https://debuginfod.ubuntu.com /usr/bin/cmake --build /home/richard/ros2_ws/build/tp1 -- -j2 -l2
[0.074s] [ 20%] [32mBuilding CXX object CMakeFiles/navigation.dir/src/main.cpp.o[0m
[0.079s] [ 40%] [32mBuilding CXX object CMakeFiles/navigation.dir/src/Action.cpp.o[0m
[0.843s] [01m[K/home/richard/ros2_ws/src/tp1/src/Action.cpp:[m[K In function â€˜[01m[Kstd::vector<std::vector<int> >[01;32m[K senseWalls[m[K(const std::vector<float>&)[m[Kâ€™:
[0.846s] [01m[K/home/richard/ros2_ws/src/tp1/src/Action.cpp:18:23:[m[K [01;35m[Kwarning: [m[Kcomparison of integer expressions of different signedness: â€˜[01m[Kint[m[Kâ€™ and â€˜[01m[Kstd::vector<float>::size_type[m[Kâ€™ {aka â€˜[01m[Klong unsigned int[m[Kâ€™} [[01;35m[K]8;;https://gcc.gnu.org/onlinedocs/gcc/Warning-Options.html#index-Wsign-compare-Wsign-compare]8;;[m[K]
[0.847s]    18 |     for (int i = 0; [01;35m[Ki < sonars.size()[m[K; ++i) {
[0.847s]       |                     [01;35m[K~~^~~~~~~~~~~~~~~[m[K
[0.855s] [01m[K/home/richard/ros2_ws/src/tp1/src/Action.cpp:40:23:[m[K [01;35m[Kwarning: [m[Kcomparison of integer expressions of different signedness: â€˜[01m[Kint[m[Kâ€™ and â€˜[01m[Kstd::vector<std::tuple<int, int> >::size_type[m[Kâ€™ {aka â€˜[01m[Klong unsigned int[m[Kâ€™} [[01;35m[K]8;;https://gcc.gnu.org/onlinedocs/gcc/Warning-Options.html#index-Wsign-compare-Wsign-compare]8;;[m[K]
[0.855s]    40 |     for (int i = 0; [01;35m[Ki < capturedPoints.size()[m[K; ++i) {
[0.856s]       |                     [01;35m[K~~^~~~~~~~~~~~~~~~~~~~~~~[m[K
[0.856s] [01m[K/home/richard/ros2_ws/src/tp1/src/Action.cpp:45:19:[m[K [01;35m[Kwarning: [m[Kcomparison of integer expressions of different signedness: â€˜[01m[Kint[m[Kâ€™ and â€˜[01m[Kstd::vector<std::tuple<int, int> >::size_type[m[Kâ€™ {aka â€˜[01m[Klong unsigned int[m[Kâ€™} [[01;35m[K]8;;https://gcc.gnu.org/onlinedocs/gcc/Warning-Options.html#index-Wsign-compare-Wsign-compare]8;;[m[K]
[0.859s]    45 |         if ([01;35m[Ki + 2 == capturedPoints.size()[m[K){
[0.859s]       |             [01;35m[K~~~~~~^~~~~~~~~~~~~~~~~~~~~~~~[m[K
[0.859s] [01m[K/home/richard/ros2_ws/src/tp1/src/Action.cpp:49:23:[m[K [01;35m[Kwarning: [m[Kcomparison of integer expressions of different signedness: â€˜[01m[Kint[m[Kâ€™ and â€˜[01m[Kstd::vector<std::tuple<int, int> >::size_type[m[Kâ€™ {aka â€˜[01m[Klong unsigned int[m[Kâ€™} [[01;35m[K]8;;https://gcc.gnu.org/onlinedocs/gcc/Warning-Options.html#index-Wsign-compare-Wsign-compare]8;;[m[K]
[0.859s]    49 |             if ([01;35m[Ki + 1 == capturedPoints.size()[m[K){
[0.859s]       |                 [01;35m[K~~~~~~^~~~~~~~~~~~~~~~~~~~~~~~[m[K
[0.874s] [01m[K/home/richard/ros2_ws/src/tp1/src/Action.cpp:[m[K In member function â€˜[01m[Kvoid Action::[01;32m[KavoidObstacles[m[K(std::vector<float>, std::vector<float>)[m[Kâ€™:
[0.874s] [01m[K/home/richard/ros2_ws/src/tp1/src/Action.cpp:102:11:[m[K [01;35m[Kwarning: [m[Kunused variable â€˜[01m[KminDistance[m[Kâ€™ [[01;35m[K]8;;https://gcc.gnu.org/onlinedocs/gcc/Warning-Options.html#index-Wunused-variable-Wunused-variable]8;;[m[K]
[0.874s]   102 |     float [01;35m[KminDistance[m[K = 0.0f;
[0.874s]       |           [01;35m[K^~~~~~~~~~~[m[K
[0.874s] [01m[K/home/richard/ros2_ws/src/tp1/src/Action.cpp:103:9:[m[K [01;35m[Kwarning: [m[Kunused variable â€˜[01m[KminDistPos[m[Kâ€™ [[01;35m[K]8;;https://gcc.gnu.org/onlinedocs/gcc/Warning-Options.html#index-Wunused-variable-Wunused-variable]8;;[m[K]
[0.874s]   103 |     int [01;35m[KminDistPos[m[K = 0;
[0.874s]       |         [01;35m[K^~~~~~~~~~[m[K
[0.874s] [01m[K/home/richard/ros2_ws/src/tp1/src/Action.cpp:100:48:[m[K [01;35m[Kwarning: [m[Kunused parameter â€˜[01m[Klasers[m[Kâ€™ [[01;35m[K]8;;https://gcc.gnu.org/onlinedocs/gcc/Warning-Options.html#index-Wunused-parameter-Wunused-parameter]8;;[m[K]
[0.874s]   100 | void Action::avoidObstacles([01;35m[Kstd::vector<float> lasers[m[K, std::vector<float> sonars)
[0.874s]       |                             [01;35m[K~~~~~~~~~~~~~~~~~~~^~~~~~[m[K
[0.874s] [01m[K/home/richard/ros2_ws/src/tp1/src/Action.cpp:[m[K In member function â€˜[01m[Kvoid Action::[01;32m[KkeepAsFarthestAsPossibleFromWalls[m[K(std::vector<float>, std::vector<float>)[m[Kâ€™:
[0.874s] [01m[K/home/richard/ros2_ws/src/tp1/src/Action.cpp:122:67:[m[K [01;35m[Kwarning: [m[Kunused parameter â€˜[01m[Klasers[m[Kâ€™ [[01;35m[K]8;;https://gcc.gnu.org/onlinedocs/gcc/Warning-Options.html#index-Wunused-parameter-Wunused-parameter]8;;[m[K]
[0.875s]   122 | void Action::keepAsFarthestAsPossibleFromWalls([01;35m[Kstd::vector<float> lasers[m[K, std::vector<float> sonars)
[0.875s]       |                                                [01;35m[K~~~~~~~~~~~~~~~~~~~^~~~~~[m[K
[0.875s] [01m[K/home/richard/ros2_ws/src/tp1/src/Action.cpp:[m[K At global scope:
[0.875s] [01m[K/home/richard/ros2_ws/src/tp1/src/Action.cpp:162:6:[m[K [01;31m[Kerror: [m[Kno declaration matches â€˜[01m[Kvoid Action::[01;32m[KfollowTheWalls[m[K(std::vector<float>, std::vector<float>)[m[Kâ€™
[0.875s]   162 | void [01;31m[KAction[m[K::followTheWalls(std::vector<float> lasers, std::vector<float> sonars)
[0.875s]       |      [01;31m[K^~~~~~[m[K
[0.875s] [01m[K/home/richard/ros2_ws/src/tp1/src/Action.cpp:162:6:[m[K [01;36m[Knote: [m[Kno functions named â€˜[01m[Kvoid Action::[01;32m[KfollowTheWalls[m[K(std::vector<float>, std::vector<float>)[m[Kâ€™
[0.875s] In file included from [01m[K/home/richard/ros2_ws/src/tp1/src/Action.cpp:1[m[K:
[0.878s] [01m[K/home/richard/ros2_ws/src/tp1/include/Action.h:15:7:[m[K [01;36m[Knote: [m[Kâ€˜[01m[Kclass Action[m[Kâ€™ defined here
[0.878s]    15 | class [01;36m[KAction[m[K
[0.878s]       |       [01;36m[K^~~~~~[m[K
[0.895s] [01m[K/home/richard/ros2_ws/src/tp1/src/Action.cpp:[m[K In member function â€˜[01m[KMotionControl Action::[01;32m[KhandlePressedKey[m[K(char)[m[Kâ€™:
[0.897s] [01m[K/home/richard/ros2_ws/src/tp1/src/Action.cpp:283:17:[m[K [01;31m[Kerror: [m[Kâ€˜[01m[KFOLLOWWALLS[m[Kâ€™ was not declared in this scope
[0.897s]   283 |         mc.mode=[01;31m[KFOLLOWWALLS[m[K;
[0.897s]       |                 [01;31m[K^~~~~~~~~~~[m[K
[1.090s] gmake[2]: *** [CMakeFiles/navigation.dir/build.make:90: CMakeFiles/navigation.dir/src/Action.cpp.o] Erro 1
[1.090s] gmake[2]: ** Esperando que outros processos terminem.
[3.170s] [01m[K/home/richard/ros2_ws/src/tp1/src/main.cpp:[m[K In member function â€˜[01m[Kvoid NavigationNode::[01;32m[Ktimer_callback[m[K()[m[Kâ€™:
[3.170s] [01m[K/home/richard/ros2_ws/src/tp1/src/main.cpp:58:25:[m[K [01;31m[Kerror: [m[Kâ€˜[01m[KFOLLOWWALLS[m[Kâ€™ was not declared in this scope
[3.170s]    58 |     else if (mc.mode == [01;31m[KFOLLOWWALLS[m[K)
[3.170s]       |                         [01;31m[K^~~~~~~~~~~[m[K
[3.171s] [01m[K/home/richard/ros2_ws/src/tp1/src/main.cpp:60:15:[m[K [01;31m[Kerror: [m[Kâ€˜[01m[Kclass Action[m[Kâ€™ has no member named â€˜[01m[KfollowTheWalls[m[Kâ€™
[3.171s]    60 |       action_.[01;31m[KfollowTheWalls[m[K(lasers, sonars);
[3.171s]       |               [01;31m[K^~~~~~~~~~~~~~[m[K
[3.171s] [01m[K/home/richard/ros2_ws/src/tp1/src/main.cpp:[m[K In function â€˜[01m[Kvoid*[01;32m[K keyboardThreadFunction[m[K(void*)[m[Kâ€™:
[3.171s] [01m[K/home/richard/ros2_ws/src/tp1/src/main.cpp:82:36:[m[K [01;35m[Kwarning: [m[Kunused parameter â€˜[01m[Karg[m[Kâ€™ [[01;35m[K]8;;https://gcc.gnu.org/onlinedocs/gcc/Warning-Options.html#index-Wunused-parameter-Wunused-parameter]8;;[m[K]
[3.171s]    82 | void *keyboardThreadFunction([01;35m[Kvoid *arg[m[K)
[3.171s]       |                              [01;35m[K~~~~~~^~~[m[K
[3.174s] [01m[K/home/richard/ros2_ws/src/tp1/src/main.cpp:[m[K In function â€˜[01m[Kvoid*[01;32m[K mainThreadFunction[m[K(void*)[m[Kâ€™:
[3.174s] [01m[K/home/richard/ros2_ws/src/tp1/src/main.cpp:96:32:[m[K [01;35m[Kwarning: [m[Kunused parameter â€˜[01m[Karg[m[Kâ€™ [[01;35m[K]8;;https://gcc.gnu.org/onlinedocs/gcc/Warning-Options.html#index-Wunused-parameter-Wunused-parameter]8;;[m[K]
[3.174s]    96 | void *mainThreadFunction([01;35m[Kvoid *arg[m[K)
[3.174s]       |                          [01;35m[K~~~~~~^~~[m[K
[6.278s] gmake[2]: *** [CMakeFiles/navigation.dir/build.make:76: CMakeFiles/navigation.dir/src/main.cpp.o] Erro 1
[6.279s] gmake[1]: *** [CMakeFiles/Makefile2:137: CMakeFiles/navigation.dir/all] Erro 2
[6.279s] gmake: *** [Makefile:146: all] Erro 2
[6.280s] Invoked command in '/home/richard/ros2_ws/build/tp1' returned '2': CMAKE_PREFIX_PATH=${CMAKE_PREFIX_PATH}:/opt/ros/jazzy DEBUGINFOD_URLS=https://debuginfod.ubuntu.com /usr/bin/cmake --build /home/richard/ros2_ws/build/tp1 -- -j2 -l2
