[ 14%] [32mBuilding CXX object CMakeFiles/navigation.dir/src/Mapping.cpp.o[0m
[01m[K/home/richard/ros2_ws/src/tp1/src/Mapping.cpp:[m[K In function â€˜[01m[Kvoid[01;32m[K atualizaMatrizHIMM[m[K(std::vector<std::vector<int> >&, const Robot&, float, float, int, int, int, int)[m[Kâ€™:
[01m[K/home/richard/ros2_ws/src/tp1/src/Mapping.cpp:209:32:[m[K [01;31m[Kerror: [m[Kâ€˜[01m[Kconst struct Robot[m[Kâ€™ has no member named â€˜[01m[Kpose[m[Kâ€™; did you mean â€˜[01m[Kpos[m[Kâ€™?
  209 |     float anguloGlobal = robot.[01;31m[Kpose[m[K.theta - sensorAngle;
      |                                [01;31m[K^~~~[m[K
      |                                [32m[Kpos[m[K
[01m[K/home/richard/ros2_ws/src/tp1/src/Mapping.cpp:216:26:[m[K [01;31m[Kerror: [m[Kâ€˜[01m[Kconst struct Robot[m[Kâ€™ has no member named â€˜[01m[Kpose[m[Kâ€™; did you mean â€˜[01m[Kpos[m[Kâ€™?
  216 |     float xFinal = robot.[01;31m[Kpose[m[K.x + cos(anguloGlobal) * distanciaSensor;
      |                          [01;31m[K^~~~[m[K
      |                          [32m[Kpos[m[K
[01m[K/home/richard/ros2_ws/src/tp1/src/Mapping.cpp:217:26:[m[K [01;31m[Kerror: [m[Kâ€˜[01m[Kconst struct Robot[m[Kâ€™ has no member named â€˜[01m[Kpose[m[Kâ€™; did you mean â€˜[01m[Kpos[m[Kâ€™?
  217 |     float yFinal = robot.[01;31m[Kpose[m[K.y + sin(anguloGlobal) * distanciaSensor;
      |                          [01;31m[K^~~~[m[K
      |                          [32m[Kpos[m[K
[01m[K/home/richard/ros2_ws/src/tp1/src/Mapping.cpp:[m[K In function â€˜[01m[Kvoid*[01;32m[K mappingThreadFunction[m[K(void*)[m[Kâ€™:
[01m[K/home/richard/ros2_ws/src/tp1/src/Mapping.cpp:269:21:[m[K [01;31m[Kerror: [m[Kâ€˜[01m[KrobotInfo[m[Kâ€™ was not declared in this scope
  269 |                     [01;31m[KrobotInfo[m[K.s = sonares[idx] * scaleFactor;
      |                     [01;31m[K^~~~~~~~~[m[K
[01m[K/home/richard/ros2_ws/src/tp1/src/Mapping.cpp:241:35:[m[K [01;35m[Kwarning: [m[Kunused parameter â€˜[01m[Karg[m[Kâ€™ [[01;35m[K]8;;https://gcc.gnu.org/onlinedocs/gcc/Warning-Options.html#index-Wunused-parameter-Wunused-parameter]8;;[m[K]
  241 | void* mappingThreadFunction([01;35m[Kvoid* arg[m[K) {
      |                             [01;35m[K~~~~~~^~~[m[K
gmake[2]: *** [CMakeFiles/navigation.dir/build.make:146: CMakeFiles/navigation.dir/src/Mapping.cpp.o] Erro 1
gmake[1]: *** [CMakeFiles/Makefile2:137: CMakeFiles/navigation.dir/all] Erro 2
gmake: *** [Makefile:146: all] Erro 2
