[0.015s] Invoking command in '/home/richard/ros2_ws/build/tp1': CMAKE_PREFIX_PATH=${CMAKE_PREFIX_PATH}:/opt/ros/jazzy DEBUGINFOD_URLS=https://debuginfod.ubuntu.com /usr/bin/cmake --build /home/richard/ros2_ws/build/tp1 -- -j2 -l2
[0.141s] [ 14%] [32mBuilding CXX object CMakeFiles/navigation.dir/src/Mapping.cpp.o[0m
[1.007s] [01m[K/home/richard/ros2_ws/src/tp1/src/Mapping.cpp:[m[K In function â€˜[01m[Kvoid[01;32m[K atualizaMatrizHIMM[m[K(std::vector<std::vector<int> >&, const Robot&, float, float, int, int, int, int)[m[Kâ€™:
[1.007s] [01m[K/home/richard/ros2_ws/src/tp1/src/Mapping.cpp:209:32:[m[K [01;31m[Kerror: [m[Kâ€˜[01m[Kconst struct Robot[m[Kâ€™ has no member named â€˜[01m[Kpose[m[Kâ€™; did you mean â€˜[01m[Kpos[m[Kâ€™?
[1.008s]   209 |     float anguloGlobal = robot.[01;31m[Kpose[m[K.theta - sensorAngle;
[1.008s]       |                                [01;31m[K^~~~[m[K
[1.008s]       |                                [32m[Kpos[m[K
[1.008s] [01m[K/home/richard/ros2_ws/src/tp1/src/Mapping.cpp:216:26:[m[K [01;31m[Kerror: [m[Kâ€˜[01m[Kconst struct Robot[m[Kâ€™ has no member named â€˜[01m[Kpose[m[Kâ€™; did you mean â€˜[01m[Kpos[m[Kâ€™?
[1.008s]   216 |     float xFinal = robot.[01;31m[Kpose[m[K.x + cos(anguloGlobal) * distanciaSensor;
[1.008s]       |                          [01;31m[K^~~~[m[K
[1.008s]       |                          [32m[Kpos[m[K
[1.014s] [01m[K/home/richard/ros2_ws/src/tp1/src/Mapping.cpp:217:26:[m[K [01;31m[Kerror: [m[Kâ€˜[01m[Kconst struct Robot[m[Kâ€™ has no member named â€˜[01m[Kpose[m[Kâ€™; did you mean â€˜[01m[Kpos[m[Kâ€™?
[1.014s]   217 |     float yFinal = robot.[01;31m[Kpose[m[K.y + sin(anguloGlobal) * distanciaSensor;
[1.014s]       |                          [01;31m[K^~~~[m[K
[1.014s]       |                          [32m[Kpos[m[K
[1.018s] [01m[K/home/richard/ros2_ws/src/tp1/src/Mapping.cpp:[m[K In function â€˜[01m[Kvoid*[01;32m[K mappingThreadFunction[m[K(void*)[m[Kâ€™:
[1.018s] [01m[K/home/richard/ros2_ws/src/tp1/src/Mapping.cpp:269:21:[m[K [01;31m[Kerror: [m[Kâ€˜[01m[KrobotInfo[m[Kâ€™ was not declared in this scope
[1.019s]   269 |                     [01;31m[KrobotInfo[m[K.s = sonares[idx] * scaleFactor;
[1.019s]       |                     [01;31m[K^~~~~~~~~[m[K
[1.019s] [01m[K/home/richard/ros2_ws/src/tp1/src/Mapping.cpp:241:35:[m[K [01;35m[Kwarning: [m[Kunused parameter â€˜[01m[Karg[m[Kâ€™ [[01;35m[K]8;;https://gcc.gnu.org/onlinedocs/gcc/Warning-Options.html#index-Wunused-parameter-Wunused-parameter]8;;[m[K]
[1.019s]   241 | void* mappingThreadFunction([01;35m[Kvoid* arg[m[K) {
[1.019s]       |                             [01;35m[K~~~~~~^~~[m[K
[1.203s] gmake[2]: *** [CMakeFiles/navigation.dir/build.make:146: CMakeFiles/navigation.dir/src/Mapping.cpp.o] Erro 1
[1.203s] gmake[1]: *** [CMakeFiles/Makefile2:137: CMakeFiles/navigation.dir/all] Erro 2
[1.205s] gmake: *** [Makefile:146: all] Erro 2
[1.208s] Invoked command in '/home/richard/ros2_ws/build/tp1' returned '2': CMAKE_PREFIX_PATH=${CMAKE_PREFIX_PATH}:/opt/ros/jazzy DEBUGINFOD_URLS=https://debuginfod.ubuntu.com /usr/bin/cmake --build /home/richard/ros2_ws/build/tp1 -- -j2 -l2
