[01m[K/home/richard/ros2_ws/src/tp1/src/Graph.cpp:[m[K In function â€˜[01m[Kfloat[01;32m[K round2[m[K(float)[m[Kâ€™:
[01m[K/home/richard/ros2_ws/src/tp1/src/Graph.cpp:15:17:[m[K [01;31m[Kerror: [m[Kâ€˜[01m[Kround[m[Kâ€™ is not a member of â€˜[01m[Kstd[m[Kâ€™
   15 |     return std::[01;31m[Kround[m[K(valor * 100.0f) / 100.0f;
      |                 [01;31m[K^~~~~[m[K
[01m[K/home/richard/ros2_ws/src/tp1/src/Graph.cpp:[m[K In function â€˜[01m[Kvoid*[01;32m[K graphicsThreadFunction[m[K(void*)[m[Kâ€™:
[01m[K/home/richard/ros2_ws/src/tp1/src/Graph.cpp:18:36:[m[K [01;35m[Kwarning: [m[Kunused parameter â€˜[01m[Karg[m[Kâ€™ [[01;35m[K]8;;https://gcc.gnu.org/onlinedocs/gcc/Warning-Options.html#index-Wunused-parameter-Wunused-parameter]8;;[m[K]
   18 | void* graphicsThreadFunction([01;35m[Kvoid* arg[m[K) {
      |                              [01;35m[K~~~~~~^~~[m[K
gmake[2]: *** [CMakeFiles/navigation.dir/build.make:132: CMakeFiles/navigation.dir/src/Graph.cpp.o] Erro 1
gmake[1]: *** [CMakeFiles/Makefile2:137: CMakeFiles/navigation.dir/all] Erro 2
gmake: *** [Makefile:146: all] Erro 2
