[0.029s] Invoking command in '/home/richard/ros2_ws/build/tp1': CMAKE_PREFIX_PATH=${CMAKE_PREFIX_PATH}:/opt/ros/jazzy DEBUGINFOD_URLS=https://debuginfod.ubuntu.com /usr/bin/cmake --build /home/richard/ros2_ws/build/tp1 -- -j2 -l2
[0.182s] [ 16%] [32mBuilding CXX object CMakeFiles/navigation.dir/src/main.cpp.o[0m
[0.201s] [ 33%] [32mBuilding CXX object CMakeFiles/navigation.dir/src/Action.cpp.o[0m
[2.323s] [01m[K/home/richard/ros2_ws/src/tp1/src/Action.cpp:[m[K In function â€˜[01m[Kstd::vector<std::vector<int> >[01;32m[K senseWalls[m[K(const std::vector<float>&)[m[Kâ€™:
[2.325s] [01m[K/home/richard/ros2_ws/src/tp1/src/Action.cpp:19:23:[m[K [01;35m[Kwarning: [m[Kcomparison of integer expressions of different signedness: â€˜[01m[Kint[m[Kâ€™ and â€˜[01m[Kstd::vector<float>::size_type[m[Kâ€™ {aka â€˜[01m[Klong unsigned int[m[Kâ€™} [[01;35m[K]8;;https://gcc.gnu.org/onlinedocs/gcc/Warning-Options.html#index-Wsign-compare-Wsign-compare]8;;[m[K]
[2.325s]    19 |     for (int i = 0; [01;35m[Ki < sonars.size()[m[K; ++i) {
[2.325s]       |                     [01;35m[K~~^~~~~~~~~~~~~~~[m[K
[2.350s] [01m[K/home/richard/ros2_ws/src/tp1/src/Action.cpp:41:23:[m[K [01;35m[Kwarning: [m[Kcomparison of integer expressions of different signedness: â€˜[01m[Kint[m[Kâ€™ and â€˜[01m[Kstd::vector<std::tuple<int, int> >::size_type[m[Kâ€™ {aka â€˜[01m[Klong unsigned int[m[Kâ€™} [[01;35m[K]8;;https://gcc.gnu.org/onlinedocs/gcc/Warning-Options.html#index-Wsign-compare-Wsign-compare]8;;[m[K]
[2.350s]    41 |     for (int i = 0; [01;35m[Ki < capturedPoints.size()[m[K; ++i) {
[2.350s]       |                     [01;35m[K~~^~~~~~~~~~~~~~~~~~~~~~~[m[K
[2.356s] [01m[K/home/richard/ros2_ws/src/tp1/src/Action.cpp:46:19:[m[K [01;35m[Kwarning: [m[Kcomparison of integer expressions of different signedness: â€˜[01m[Kint[m[Kâ€™ and â€˜[01m[Kstd::vector<std::tuple<int, int> >::size_type[m[Kâ€™ {aka â€˜[01m[Klong unsigned int[m[Kâ€™} [[01;35m[K]8;;https://gcc.gnu.org/onlinedocs/gcc/Warning-Options.html#index-Wsign-compare-Wsign-compare]8;;[m[K]
[2.356s]    46 |         if ([01;35m[Ki + 2 == capturedPoints.size()[m[K){
[2.356s]       |             [01;35m[K~~~~~~^~~~~~~~~~~~~~~~~~~~~~~~[m[K
[2.356s] [01m[K/home/richard/ros2_ws/src/tp1/src/Action.cpp:50:23:[m[K [01;35m[Kwarning: [m[Kcomparison of integer expressions of different signedness: â€˜[01m[Kint[m[Kâ€™ and â€˜[01m[Kstd::vector<std::tuple<int, int> >::size_type[m[Kâ€™ {aka â€˜[01m[Klong unsigned int[m[Kâ€™} [[01;35m[K]8;;https://gcc.gnu.org/onlinedocs/gcc/Warning-Options.html#index-Wsign-compare-Wsign-compare]8;;[m[K]
[2.359s]    50 |             if ([01;35m[Ki + 1 == capturedPoints.size()[m[K){
[2.359s]       |                 [01;35m[K~~~~~~^~~~~~~~~~~~~~~~~~~~~~~~[m[K
[2.404s] [01m[K/home/richard/ros2_ws/src/tp1/src/Action.cpp:[m[K In member function â€˜[01m[Kvoid Action::[01;32m[KavoidObstacles[m[K(std::vector<float>, std::vector<float>)[m[Kâ€™:
[2.404s] [01m[K/home/richard/ros2_ws/src/tp1/src/Action.cpp:103:11:[m[K [01;35m[Kwarning: [m[Kunused variable â€˜[01m[KminDistance[m[Kâ€™ [[01;35m[K]8;;https://gcc.gnu.org/onlinedocs/gcc/Warning-Options.html#index-Wunused-variable-Wunused-variable]8;;[m[K]
[2.405s]   103 |     float [01;35m[KminDistance[m[K = 0.0f;
[2.405s]       |           [01;35m[K^~~~~~~~~~~[m[K
[2.405s] [01m[K/home/richard/ros2_ws/src/tp1/src/Action.cpp:104:9:[m[K [01;35m[Kwarning: [m[Kunused variable â€˜[01m[KminDistPos[m[Kâ€™ [[01;35m[K]8;;https://gcc.gnu.org/onlinedocs/gcc/Warning-Options.html#index-Wunused-variable-Wunused-variable]8;;[m[K]
[2.405s]   104 |     int [01;35m[KminDistPos[m[K = 0;
[2.405s]       |         [01;35m[K^~~~~~~~~~[m[K
[2.405s] [01m[K/home/richard/ros2_ws/src/tp1/src/Action.cpp:101:48:[m[K [01;35m[Kwarning: [m[Kunused parameter â€˜[01m[Klasers[m[Kâ€™ [[01;35m[K]8;;https://gcc.gnu.org/onlinedocs/gcc/Warning-Options.html#index-Wunused-parameter-Wunused-parameter]8;;[m[K]
[2.405s]   101 | void Action::avoidObstacles([01;35m[Kstd::vector<float> lasers[m[K, std::vector<float> sonars)
[2.405s]       |                             [01;35m[K~~~~~~~~~~~~~~~~~~~^~~~~~[m[K
[2.418s] [01m[K/home/richard/ros2_ws/src/tp1/src/Action.cpp:[m[K In member function â€˜[01m[Kvoid Action::[01;32m[KkeepAsFarthestAsPossibleFromWalls[m[K(std::vector<float>, std::vector<float>)[m[Kâ€™:
[2.418s] [01m[K/home/richard/ros2_ws/src/tp1/src/Action.cpp:123:67:[m[K [01;35m[Kwarning: [m[Kunused parameter â€˜[01m[Klasers[m[Kâ€™ [[01;35m[K]8;;https://gcc.gnu.org/onlinedocs/gcc/Warning-Options.html#index-Wunused-parameter-Wunused-parameter]8;;[m[K]
[2.419s]   123 | void Action::keepAsFarthestAsPossibleFromWalls([01;35m[Kstd::vector<float> lasers[m[K, std::vector<float> sonars)
[2.419s]       |                                                [01;35m[K~~~~~~~~~~~~~~~~~~~^~~~~~[m[K
[2.419s] [01m[K/home/richard/ros2_ws/src/tp1/src/Action.cpp:[m[K At global scope:
[2.419s] [01m[K/home/richard/ros2_ws/src/tp1/src/Action.cpp:168:6:[m[K [01;31m[Kerror: [m[Kno declaration matches â€˜[01m[Kvoid Action::[01;32m[KfollowTheWalls[m[K(std::vector<float>, std::vector<float>, std::vector<float>)[m[Kâ€™
[2.419s]   168 | void [01;31m[KAction[m[K::followTheWalls(std::vector<float> lasers, std::vector<float> sonars, std::vector<float> pose)
[2.419s]       |      [01;31m[K^~~~~~[m[K
[2.419s] In file included from [01m[K/home/richard/ros2_ws/src/tp1/src/Action.cpp:1[m[K:
[2.419s] [01m[K/home/richard/ros2_ws/src/tp1/include/Action.h:23:10:[m[K [01;36m[Knote: [m[Kcandidate is: â€˜[01m[Kvoid Action::[01;32m[KfollowTheWalls[m[K(std::vector<float>, std::vector<float>)[m[Kâ€™
[2.419s]    23 |     void [01;36m[KfollowTheWalls[m[K(std::vector<float> lasers, std::vector<float> sonars);
[2.423s]       |          [01;36m[K^~~~~~~~~~~~~~[m[K
[2.423s] [01m[K/home/richard/ros2_ws/src/tp1/include/Action.h:15:7:[m[K [01;36m[Knote: [m[Kâ€˜[01m[Kclass Action[m[Kâ€™ defined here
[2.423s]    15 | class [01;36m[KAction[m[K
[2.427s]       |       [01;36m[K^~~~~~[m[K
[2.427s] [01m[K/home/richard/ros2_ws/src/tp1/src/Action.cpp:[m[K In member function â€˜[01m[Kvoid Action::[01;32m[KtestMode[m[K(std::vector<float>, std::vector<float>)[m[Kâ€™:
[2.427s] [01m[K/home/richard/ros2_ws/src/tp1/src/Action.cpp:219:42:[m[K [01;35m[Kwarning: [m[Kunused parameter â€˜[01m[Klasers[m[Kâ€™ [[01;35m[K]8;;https://gcc.gnu.org/onlinedocs/gcc/Warning-Options.html#index-Wunused-parameter-Wunused-parameter]8;;[m[K]
[2.427s]   219 | void Action::testMode([01;35m[Kstd::vector<float> lasers[m[K, std::vector<float> sonars)
[2.427s]       |                       [01;35m[K~~~~~~~~~~~~~~~~~~~^~~~~~[m[K
[2.427s] [01m[K/home/richard/ros2_ws/src/tp1/src/Action.cpp:219:69:[m[K [01;35m[Kwarning: [m[Kunused parameter â€˜[01m[Ksonars[m[Kâ€™ [[01;35m[K]8;;https://gcc.gnu.org/onlinedocs/gcc/Warning-Options.html#index-Wunused-parameter-Wunused-parameter]8;;[m[K]
[2.427s]   219 | void Action::testMode(std::vector<float> lasers, [01;35m[Kstd::vector<float> sonars[m[K)
[2.427s]       |                                                  [01;35m[K~~~~~~~~~~~~~~~~~~~^~~~~~[m[K
[3.073s] gmake[2]: *** [CMakeFiles/navigation.dir/build.make:90: CMakeFiles/navigation.dir/src/Action.cpp.o] Erro 1
[3.073s] gmake[2]: ** Esperando que outros processos terminem.
[5.728s] [01m[K/home/richard/ros2_ws/src/tp1/src/main.cpp:[m[K In function â€˜[01m[Kvoid*[01;32m[K keyboardThreadFunction[m[K(void*)[m[Kâ€™:
[5.728s] [01m[K/home/richard/ros2_ws/src/tp1/src/main.cpp:91:36:[m[K [01;35m[Kwarning: [m[Kunused parameter â€˜[01m[Karg[m[Kâ€™ [[01;35m[K]8;;https://gcc.gnu.org/onlinedocs/gcc/Warning-Options.html#index-Wunused-parameter-Wunused-parameter]8;;[m[K]
[5.728s]    91 | void *keyboardThreadFunction([01;35m[Kvoid *arg[m[K)
[5.729s]       |                              [01;35m[K~~~~~~^~~[m[K
[5.732s] [01m[K/home/richard/ros2_ws/src/tp1/src/main.cpp:[m[K In function â€˜[01m[Kvoid*[01;32m[K mainThreadFunction[m[K(void*)[m[Kâ€™:
[5.732s] [01m[K/home/richard/ros2_ws/src/tp1/src/main.cpp:105:32:[m[K [01;35m[Kwarning: [m[Kunused parameter â€˜[01m[Karg[m[Kâ€™ [[01;35m[K]8;;https://gcc.gnu.org/onlinedocs/gcc/Warning-Options.html#index-Wunused-parameter-Wunused-parameter]8;;[m[K]
[5.732s]   105 | void *mainThreadFunction([01;35m[Kvoid *arg[m[K)
[5.732s]       |                          [01;35m[K~~~~~~^~~[m[K
[20.029s] gmake[1]: *** [CMakeFiles/Makefile2:137: CMakeFiles/navigation.dir/all] Erro 2
[20.031s] gmake: *** [Makefile:146: all] Erro 2
[20.037s] Invoked command in '/home/richard/ros2_ws/build/tp1' returned '2': CMAKE_PREFIX_PATH=${CMAKE_PREFIX_PATH}:/opt/ros/jazzy DEBUGINFOD_URLS=https://debuginfod.ubuntu.com /usr/bin/cmake --build /home/richard/ros2_ws/build/tp1 -- -j2 -l2
