[0.022s] Invoking command in '/home/richard/ros2_ws/build/tp1': CMAKE_PREFIX_PATH=${CMAKE_PREFIX_PATH}:/opt/ros/jazzy DEBUGINFOD_URLS=https://debuginfod.ubuntu.com /usr/bin/cmake --build /home/richard/ros2_ws/build/tp1 -- -j2 -l2
[0.087s] [ 20%] [32mBuilding CXX object CMakeFiles/navigation.dir/src/Action.cpp.o[0m
[0.094s] [ 40%] [32mBuilding CXX object CMakeFiles/navigation.dir/src/Utils.cpp.o[0m
[0.762s] [01m[K/home/richard/ros2_ws/src/tp1/src/Action.cpp:[m[K In member function â€˜[01m[Kvoid Action::[01;32m[KavoidObstacles[m[K(std::vector<float>, std::vector<float>)[m[Kâ€™:
[0.763s] [01m[K/home/richard/ros2_ws/src/tp1/src/Action.cpp:14:24:[m[K [01;31m[Kerror: [m[Kâ€˜[01m[KmediaLeituras[m[Kâ€™ was not declared in this scope
[0.763s]    14 |     float mediaLaser = [01;31m[KmediaLeituras[m[K(lasers);
[0.763s]       |                        [01;31m[K^~~~~~~~~~~~~[m[K
[0.764s] [01m[K/home/richard/ros2_ws/src/tp1/src/Action.cpp:[m[K In member function â€˜[01m[Kvoid Action::[01;32m[KkeepAsFarthestAsPossibleFromWalls[m[K(std::vector<float>, std::vector<float>)[m[Kâ€™:
[0.764s] [01m[K/home/richard/ros2_ws/src/tp1/src/Action.cpp:23:67:[m[K [01;35m[Kwarning: [m[Kunused parameter â€˜[01m[Klasers[m[Kâ€™ [[01;35m[K]8;;https://gcc.gnu.org/onlinedocs/gcc/Warning-Options.html#index-Wunused-parameter-Wunused-parameter]8;;[m[K]
[0.765s]    23 | ction::keepAsFarthestAsPossibleFromWalls([01;35m[Kstd::vector<float> lasers[m[K, std::vector<float> sonars)
[0.765s]       |                                          [01;35m[K~~~~~~~~~~~~~~~~~~~^~~~~~[m[K
[0.765s] 
[0.766s] [01m[K/home/richard/ros2_ws/src/tp1/src/Action.cpp:23:94:[m[K [01;35m[Kwarning: [m[Kunused parameter â€˜[01m[Ksonars[m[Kâ€™ [[01;35m[K]8;;https://gcc.gnu.org/onlinedocs/gcc/Warning-Options.html#index-Wunused-parameter-Wunused-parameter]8;;[m[K]
[0.766s]    23 | PossibleFromWalls(std::vector<float> lasers, [01;35m[Kstd::vector<float> sonars[m[K)
[0.766s]       |                                              [01;35m[K~~~~~~~~~~~~~~~~~~~^~~~~~[m[K
[0.766s] 
[0.926s] gmake[2]: *** [CMakeFiles/navigation.dir/build.make:90: CMakeFiles/navigation.dir/src/Action.cpp.o] Erro 1
[0.927s] gmake[2]: ** Esperando que outros processos terminem.
[0.956s] [01m[K/home/richard/ros2_ws/src/tp1/src/Utils.cpp:54:26:[m[K [01;31m[Kerror: [m[Kâ€˜[01m[Kvector[m[Kâ€™ is not a member of â€˜[01m[Kstd[m[Kâ€™
[0.956s]    54 | float mediaLeituras(std::[01;31m[Kvector[m[K<float> &leituras) {
[0.956s]       |                          [01;31m[K^~~~~~[m[K
[0.956s] [01m[K/home/richard/ros2_ws/src/tp1/src/Utils.cpp:6:1:[m[K [01;36m[Knote: [m[Kâ€˜[01m[Kstd::vector[m[Kâ€™ is defined in header â€˜[01m[K<vector>[m[Kâ€™; did you forget to â€˜[01m[K#include <vector>[m[Kâ€™?
[0.956s]     5 | #include <cstdio>
[0.956s]   +++ |+[32m[K#include <vector>[m[K
[0.956s]     6 | 
[0.956s] [01m[K/home/richard/ros2_ws/src/tp1/src/Utils.cpp:54:33:[m[K [01;31m[Kerror: [m[Kexpected primary-expression before â€˜[01m[Kfloat[m[Kâ€™
[0.956s]    54 | float mediaLeituras(std::vector<[01;31m[Kfloat[m[K> &leituras) {
[0.956s]       |                                 [01;31m[K^~~~~[m[K
[1.066s] gmake[2]: *** [CMakeFiles/navigation.dir/build.make:118: CMakeFiles/navigation.dir/src/Utils.cpp.o] Erro 1
[1.068s] gmake[1]: *** [CMakeFiles/Makefile2:137: CMakeFiles/navigation.dir/all] Erro 2
[1.068s] gmake: *** [Makefile:146: all] Erro 2
[1.072s] Invoked command in '/home/richard/ros2_ws/build/tp1' returned '2': CMAKE_PREFIX_PATH=${CMAKE_PREFIX_PATH}:/opt/ros/jazzy DEBUGINFOD_URLS=https://debuginfod.ubuntu.com /usr/bin/cmake --build /home/richard/ros2_ws/build/tp1 -- -j2 -l2
