[01m[K/home/richard/ros2_ws/src/tp1/src/Mapping.cpp:[m[K In function â€˜[01m[Kfloat[01;32m[K bayes[m[K(float, float, float, float, float, float, float)[m[Kâ€™:
[01m[K/home/richard/ros2_ws/src/tp1/src/Mapping.cpp:102:15:[m[K [01;35m[Kwarning: [m[Kunused variable â€˜[01m[KpOcupS[m[Kâ€™ [[01;35m[K]8;;https://gcc.gnu.org/onlinedocs/gcc/Warning-Options.html#index-Wunused-variable-Wunused-variable]8;;[m[K]
  102 |         float [01;35m[KpOcupS[m[K = (pSOcup_pOcup / (pSOcup_pOcup + pSVaz_pVaz));
      |               [01;35m[K^~~~~~[m[K
[01m[K/home/richard/ros2_ws/src/tp1/src/Mapping.cpp:110:15:[m[K [01;35m[Kwarning: [m[Kunused variable â€˜[01m[KpOcupS[m[Kâ€™ [[01;35m[K]8;;https://gcc.gnu.org/onlinedocs/gcc/Warning-Options.html#index-Wunused-variable-Wunused-variable]8;;[m[K]
  110 |         float [01;35m[KpOcupS[m[K = (pSOcup_pOcup / (pSOcup_pOcup + pSVaz_pVaz));
      |               [01;35m[K^~~~~~[m[K
[01m[K/home/richard/ros2_ws/src/tp1/src/Mapping.cpp:116:30:[m[K [01;31m[Kerror: [m[Kâ€˜[01m[KpSOcup[m[Kâ€™ was not declared in this scope; did you mean â€˜[01m[KpOcup[m[Kâ€™?
  116 |             << "pSOcup: " << [01;31m[KpSOcup[m[K << " "
      |                              [01;31m[K^~~~~~[m[K
      |                              [32m[KpOcup[m[K
[01m[K/home/richard/ros2_ws/src/tp1/src/Mapping.cpp:117:29:[m[K [01;31m[Kerror: [m[Kâ€˜[01m[KpSVaz[m[Kâ€™ was not declared in this scope
  117 |             << "pSVaz: " << [01;31m[KpSVaz[m[K << " "
      |                             [01;31m[K^~~~~[m[K
[01m[K/home/richard/ros2_ws/src/tp1/src/Mapping.cpp:119:36:[m[K [01;31m[Kerror: [m[Kâ€˜[01m[KpSOcup_pOcup[m[Kâ€™ was not declared in this scope
  119 |             << "pSOcup_pOcup: " << [01;31m[KpSOcup_pOcup[m[K << " "
      |                                    [01;31m[K^~~~~~~~~~~~[m[K
[01m[K/home/richard/ros2_ws/src/tp1/src/Mapping.cpp:120:34:[m[K [01;31m[Kerror: [m[Kâ€˜[01m[KpSVaz_pVaz[m[Kâ€™ was not declared in this scope
  120 |             << "pSVaz_pVaz: " << [01;31m[KpSVaz_pVaz[m[K << " "
      |                                  [01;31m[K^~~~~~~~~~[m[K
[01m[K/home/richard/ros2_ws/src/tp1/src/Mapping.cpp:121:30:[m[K [01;31m[Kerror: [m[Kâ€˜[01m[KpOcupS[m[Kâ€™ was not declared in this scope; did you mean â€˜[01m[KpOcup[m[Kâ€™?
  121 |             << "pOcupS: " << [01;31m[KpOcupS[m[K << " "
      |                              [01;31m[K^~~~~~[m[K
      |                              [32m[KpOcup[m[K
[01m[K/home/richard/ros2_ws/src/tp1/src/Mapping.cpp:125:12:[m[K [01;31m[Kerror: [m[Kâ€˜[01m[KpOcupS[m[Kâ€™ was not declared in this scope; did you mean â€˜[01m[KpOcup[m[Kâ€™?
  125 |     return [01;31m[KpOcupS[m[K;
      |            [01;31m[K^~~~~~[m[K
      |            [32m[KpOcup[m[K
[01m[K/home/richard/ros2_ws/src/tp1/src/Mapping.cpp:[m[K In function â€˜[01m[Kvoid*[01;32m[K mappingThreadFunction[m[K(void*)[m[Kâ€™:
[01m[K/home/richard/ros2_ws/src/tp1/src/Mapping.cpp:164:35:[m[K [01;35m[Kwarning: [m[Kunused parameter â€˜[01m[Karg[m[Kâ€™ [[01;35m[K]8;;https://gcc.gnu.org/onlinedocs/gcc/Warning-Options.html#index-Wunused-parameter-Wunused-parameter]8;;[m[K]
  164 | void* mappingThreadFunction([01;35m[Kvoid* arg[m[K) {
      |                             [01;35m[K~~~~~~^~~[m[K
gmake[2]: *** [CMakeFiles/navigation.dir/build.make:146: CMakeFiles/navigation.dir/src/Mapping.cpp.o] Erro 1
gmake[1]: *** [CMakeFiles/Makefile2:137: CMakeFiles/navigation.dir/all] Erro 2
gmake: *** [Makefile:146: all] Erro 2
