[01m[K/home/richard/ros2_ws/src/tp1/src/Utils.cpp:54:26:[m[K [01;31m[Kerror: [m[Kâ€˜[01m[Kvector[m[Kâ€™ is not a member of â€˜[01m[Kstd[m[Kâ€™
   54 | float mediaLeituras(std::[01;31m[Kvector[m[K<float>& leituras) {
      |                          [01;31m[K^~~~~~[m[K
[01m[K/home/richard/ros2_ws/src/tp1/src/Utils.cpp:6:1:[m[K [01;36m[Knote: [m[Kâ€˜[01m[Kstd::vector[m[Kâ€™ is defined in header â€˜[01m[K<vector>[m[Kâ€™; did you forget to â€˜[01m[K#include <vector>[m[Kâ€™?
    5 | #include <cstdio>
  +++ |+[32m[K#include <vector>[m[K
    6 | 
[01m[K/home/richard/ros2_ws/src/tp1/src/Utils.cpp:54:33:[m[K [01;31m[Kerror: [m[Kexpected primary-expression before â€˜[01m[Kfloat[m[Kâ€™
   54 | float mediaLeituras(std::vector<[01;31m[Kfloat[m[K>& leituras) {
      |                                 [01;31m[K^~~~~[m[K
[01m[K/home/richard/ros2_ws/src/tp1/src/Action.cpp:[m[K In member function â€˜[01m[Kvoid Action::[01;32m[KkeepAsFarthestAsPossibleFromWalls[m[K(std::vector<float>, std::vector<float>)[m[Kâ€™:
[01m[K/home/richard/ros2_ws/src/tp1/src/Action.cpp:25:67:[m[K [01;35m[Kwarning: [m[Kunused parameter â€˜[01m[Klasers[m[Kâ€™ [[01;35m[K]8;;https://gcc.gnu.org/onlinedocs/gcc/Warning-Options.html#index-Wunused-parameter-Wunused-parameter]8;;[m[K]
   25 | ction::keepAsFarthestAsPossibleFromWalls([01;35m[Kstd::vector<float> lasers[m[K, std::vector<float> sonars)
      |                                          [01;35m[K~~~~~~~~~~~~~~~~~~~^~~~~~[m[K

[01m[K/home/richard/ros2_ws/src/tp1/src/Action.cpp:25:94:[m[K [01;35m[Kwarning: [m[Kunused parameter â€˜[01m[Ksonars[m[Kâ€™ [[01;35m[K]8;;https://gcc.gnu.org/onlinedocs/gcc/Warning-Options.html#index-Wunused-parameter-Wunused-parameter]8;;[m[K]
   25 | PossibleFromWalls(std::vector<float> lasers, [01;35m[Kstd::vector<float> sonars[m[K)
      |                                              [01;35m[K~~~~~~~~~~~~~~~~~~~^~~~~~[m[K

gmake[2]: *** [CMakeFiles/navigation.dir/build.make:118: CMakeFiles/navigation.dir/src/Utils.cpp.o] Erro 1
gmake[2]: ** Esperando que outros processos terminem.
gmake[1]: *** [CMakeFiles/Makefile2:137: CMakeFiles/navigation.dir/all] Erro 2
gmake: *** [Makefile:146: all] Erro 2
