[0.019s] Invoking command in '/home/richard/ros2_ws/build/tp1': CMAKE_PREFIX_PATH=${CMAKE_PREFIX_PATH}:/opt/ros/jazzy DEBUGINFOD_URLS=https://debuginfod.ubuntu.com /usr/bin/cmake --build /home/richard/ros2_ws/build/tp1 -- -j2 -l2
[0.185s] [ 14%] [32mBuilding CXX object CMakeFiles/navigation.dir/src/Mapping.cpp.o[0m
[1.397s] [01m[K/home/richard/ros2_ws/src/tp1/src/Mapping.cpp:17:26:[m[K [01;31m[Kerror: [m[Kconflicting declaration â€˜[01m[Kconst std::vector<float> offset[m[Kâ€™
[1.397s]    17 | const std::vector<float> [01;31m[Koffset[m[K = {0.0, 0.0};
[1.397s]       |                          [01;31m[K^~~~~~[m[K
[1.397s] In file included from [01m[K/home/richard/ros2_ws/src/tp1/src/Mapping.cpp:1[m[K:
[1.397s] [01m[K/home/richard/ros2_ws/src/tp1/include/Mapping.hpp:11:20:[m[K [01;36m[Knote: [m[Kprevious declaration as â€˜[01m[Kstd::vector<float> offset[m[Kâ€™
[1.397s]    11 | std::vector<float> [01;36m[Koffset[m[K;
[1.397s]       |                    [01;36m[K^~~~~~[m[K
[1.432s] [01m[K/home/richard/ros2_ws/src/tp1/src/Mapping.cpp:[m[K In function â€˜[01m[Kvoid*[01;32m[K mappingThreadFunction[m[K(void*)[m[Kâ€™:
[1.432s] [01m[K/home/richard/ros2_ws/src/tp1/src/Mapping.cpp:311:35:[m[K [01;35m[Kwarning: [m[Kunused parameter â€˜[01m[Karg[m[Kâ€™ [[01;35m[K]8;;https://gcc.gnu.org/onlinedocs/gcc/Warning-Options.html#index-Wunused-parameter-Wunused-parameter]8;;[m[K]
[1.432s]   311 | void* mappingThreadFunction([01;35m[Kvoid* arg[m[K) {
[1.432s]       |                             [01;35m[K~~~~~~^~~[m[K
[1.646s] gmake[2]: *** [CMakeFiles/navigation.dir/build.make:146: CMakeFiles/navigation.dir/src/Mapping.cpp.o] Erro 1
[1.646s] gmake[1]: *** [CMakeFiles/Makefile2:137: CMakeFiles/navigation.dir/all] Erro 2
[1.646s] gmake: *** [Makefile:146: all] Erro 2
[1.664s] Invoked command in '/home/richard/ros2_ws/build/tp1' returned '2': CMAKE_PREFIX_PATH=${CMAKE_PREFIX_PATH}:/opt/ros/jazzy DEBUGINFOD_URLS=https://debuginfod.ubuntu.com /usr/bin/cmake --build /home/richard/ros2_ws/build/tp1 -- -j2 -l2
