[0.017s] Invoking command in '/home/richard/ros2_ws/build/tp1': CMAKE_PREFIX_PATH=${CMAKE_PREFIX_PATH}:/opt/ros/jazzy DEBUGINFOD_URLS=https://debuginfod.ubuntu.com /usr/bin/cmake --build /home/richard/ros2_ws/build/tp1 -- -j2 -l2
[0.087s] [ 20%] [32mBuilding CXX object CMakeFiles/navigation.dir/src/Action.cpp.o[0m
[0.095s] [ 40%] [32mBuilding CXX object CMakeFiles/navigation.dir/src/main.cpp.o[0m
[0.421s] In file included from [01m[K/home/richard/ros2_ws/src/tp1/src/Action.cpp:1[m[K:
[0.421s] [01m[K/home/richard/ros2_ws/src/tp1/include/Action.h:23:10:[m[K [01;31m[Kerror: [m[Kextra qualification â€˜[01m[KAction::[m[Kâ€™ on member â€˜[01m[KfollowTheWalls[m[Kâ€™ [[01;31m[K]8;;https://gcc.gnu.org/onlinedocs/gcc/Warning-Options.html#index-fpermissive-fpermissive]8;;[m[K]
[0.421s]    23 |     void [01;31m[KAction[m[K::followTheWalls(std::vector<float> lasers, std::vector<float> sonars);
[0.421s]       |          [01;31m[K^~~~~~[m[K
[0.947s] [01m[K/home/richard/ros2_ws/src/tp1/src/Action.cpp:[m[K In function â€˜[01m[Kstd::vector<std::vector<int> >[01;32m[K senseWalls[m[K(const std::vector<float>&)[m[Kâ€™:
[0.947s] [01m[K/home/richard/ros2_ws/src/tp1/src/Action.cpp:18:23:[m[K [01;35m[Kwarning: [m[Kcomparison of integer expressions of different signedness: â€˜[01m[Kint[m[Kâ€™ and â€˜[01m[Kstd::vector<float>::size_type[m[Kâ€™ {aka â€˜[01m[Klong unsigned int[m[Kâ€™} [[01;35m[K]8;;https://gcc.gnu.org/onlinedocs/gcc/Warning-Options.html#index-Wsign-compare-Wsign-compare]8;;[m[K]
[0.947s]    18 |     for (int i = 0; [01;35m[Ki < sonars.size()[m[K; ++i) {
[0.947s]       |                     [01;35m[K~~^~~~~~~~~~~~~~~[m[K
[0.954s] [01m[K/home/richard/ros2_ws/src/tp1/src/Action.cpp:40:23:[m[K [01;35m[Kwarning: [m[Kcomparison of integer expressions of different signedness: â€˜[01m[Kint[m[Kâ€™ and â€˜[01m[Kstd::vector<std::tuple<int, int> >::size_type[m[Kâ€™ {aka â€˜[01m[Klong unsigned int[m[Kâ€™} [[01;35m[K]8;;https://gcc.gnu.org/onlinedocs/gcc/Warning-Options.html#index-Wsign-compare-Wsign-compare]8;;[m[K]
[0.954s]    40 |     for (int i = 0; [01;35m[Ki < capturedPoints.size()[m[K; ++i) {
[0.954s]       |                     [01;35m[K~~^~~~~~~~~~~~~~~~~~~~~~~[m[K
[0.954s] [01m[K/home/richard/ros2_ws/src/tp1/src/Action.cpp:45:19:[m[K [01;35m[Kwarning: [m[Kcomparison of integer expressions of different signedness: â€˜[01m[Kint[m[Kâ€™ and â€˜[01m[Kstd::vector<std::tuple<int, int> >::size_type[m[Kâ€™ {aka â€˜[01m[Klong unsigned int[m[Kâ€™} [[01;35m[K]8;;https://gcc.gnu.org/onlinedocs/gcc/Warning-Options.html#index-Wsign-compare-Wsign-compare]8;;[m[K]
[0.955s]    45 |         if ([01;35m[Ki + 2 == capturedPoints.size()[m[K){
[0.955s]       |             [01;35m[K~~~~~~^~~~~~~~~~~~~~~~~~~~~~~~[m[K
[0.955s] [01m[K/home/richard/ros2_ws/src/tp1/src/Action.cpp:49:23:[m[K [01;35m[Kwarning: [m[Kcomparison of integer expressions of different signedness: â€˜[01m[Kint[m[Kâ€™ and â€˜[01m[Kstd::vector<std::tuple<int, int> >::size_type[m[Kâ€™ {aka â€˜[01m[Klong unsigned int[m[Kâ€™} [[01;35m[K]8;;https://gcc.gnu.org/onlinedocs/gcc/Warning-Options.html#index-Wsign-compare-Wsign-compare]8;;[m[K]
[0.955s]    49 |             if ([01;35m[Ki + 1 == capturedPoints.size()[m[K){
[0.955s]       |                 [01;35m[K~~~~~~^~~~~~~~~~~~~~~~~~~~~~~~[m[K
[0.972s] [01m[K/home/richard/ros2_ws/src/tp1/src/Action.cpp:[m[K In member function â€˜[01m[Kvoid Action::[01;32m[KavoidObstacles[m[K(std::vector<float>, std::vector<float>)[m[Kâ€™:
[0.972s] [01m[K/home/richard/ros2_ws/src/tp1/src/Action.cpp:102:11:[m[K [01;35m[Kwarning: [m[Kunused variable â€˜[01m[KminDistance[m[Kâ€™ [[01;35m[K]8;;https://gcc.gnu.org/onlinedocs/gcc/Warning-Options.html#index-Wunused-variable-Wunused-variable]8;;[m[K]
[0.972s]   102 |     float [01;35m[KminDistance[m[K = 0.0f;
[0.972s]       |           [01;35m[K^~~~~~~~~~~[m[K
[0.972s] [01m[K/home/richard/ros2_ws/src/tp1/src/Action.cpp:103:9:[m[K [01;35m[Kwarning: [m[Kunused variable â€˜[01m[KminDistPos[m[Kâ€™ [[01;35m[K]8;;https://gcc.gnu.org/onlinedocs/gcc/Warning-Options.html#index-Wunused-variable-Wunused-variable]8;;[m[K]
[0.973s]   103 |     int [01;35m[KminDistPos[m[K = 0;
[0.973s]       |         [01;35m[K^~~~~~~~~~[m[K
[0.973s] [01m[K/home/richard/ros2_ws/src/tp1/src/Action.cpp:100:48:[m[K [01;35m[Kwarning: [m[Kunused parameter â€˜[01m[Klasers[m[Kâ€™ [[01;35m[K]8;;https://gcc.gnu.org/onlinedocs/gcc/Warning-Options.html#index-Wunused-parameter-Wunused-parameter]8;;[m[K]
[0.973s]   100 | void Action::avoidObstacles([01;35m[Kstd::vector<float> lasers[m[K, std::vector<float> sonars)
[0.973s]       |                             [01;35m[K~~~~~~~~~~~~~~~~~~~^~~~~~[m[K
[0.973s] [01m[K/home/richard/ros2_ws/src/tp1/src/Action.cpp:[m[K In member function â€˜[01m[Kvoid Action::[01;32m[KkeepAsFarthestAsPossibleFromWalls[m[K(std::vector<float>, std::vector<float>)[m[Kâ€™:
[0.973s] [01m[K/home/richard/ros2_ws/src/tp1/src/Action.cpp:122:67:[m[K [01;35m[Kwarning: [m[Kunused parameter â€˜[01m[Klasers[m[Kâ€™ [[01;35m[K]8;;https://gcc.gnu.org/onlinedocs/gcc/Warning-Options.html#index-Wunused-parameter-Wunused-parameter]8;;[m[K]
[0.973s]   122 | void Action::keepAsFarthestAsPossibleFromWalls([01;35m[Kstd::vector<float> lasers[m[K, std::vector<float> sonars)
[0.973s]       |                                                [01;35m[K~~~~~~~~~~~~~~~~~~~^~~~~~[m[K
[0.973s] [01m[K/home/richard/ros2_ws/src/tp1/src/Action.cpp:[m[K In member function â€˜[01m[Kvoid Action::[01;32m[KfollowTheWalls[m[K(std::vector<float>, std::vector<float>)[m[Kâ€™:
[0.973s] [01m[K/home/richard/ros2_ws/src/tp1/src/Action.cpp:191:13:[m[K [01;31m[Kerror: [m[Kexpected â€˜[01m[K}[m[Kâ€™ before â€˜[01m[Kelse[m[Kâ€™
[0.973s]   191 |             [01;31m[Kelse[m[K{
[0.973s]       |             [01;31m[K^~~~[m[K
[0.973s] [01m[K/home/richard/ros2_ws/src/tp1/src/Action.cpp:189:26:[m[K [01;36m[Knote: [m[Kto match this â€˜[01m[K{[m[Kâ€™
[0.974s]   189 |         else if (s2 > s1)[01;36m[K{[m[K
[0.977s]       |                          [01;36m[K^[m[K
[0.977s] [01m[K/home/richard/ros2_ws/src/tp1/src/Action.cpp:162:48:[m[K [01;35m[Kwarning: [m[Kunused parameter â€˜[01m[Klasers[m[Kâ€™ [[01;35m[K]8;;https://gcc.gnu.org/onlinedocs/gcc/Warning-Options.html#index-Wunused-parameter-Wunused-parameter]8;;[m[K]
[0.977s]   162 | void Action::followTheWalls([01;35m[Kstd::vector<float> lasers[m[K, std::vector<float> sonars)
[0.977s]       |                             [01;35m[K~~~~~~~~~~~~~~~~~~~^~~~~~[m[K
[0.977s] [01m[K/home/richard/ros2_ws/src/tp1/src/Action.cpp:[m[K At global scope:
[0.977s] [01m[K/home/richard/ros2_ws/src/tp1/src/Action.cpp:196:5:[m[K [01;31m[Kerror: [m[Kexpected unqualified-id before â€˜[01m[Kelse[m[Kâ€™
[0.977s]   196 |     [01;31m[Kelse[m[K{
[0.978s]       |     [01;31m[K^~~~[m[K
[0.978s] [01m[K/home/richard/ros2_ws/src/tp1/src/Action.cpp:212:1:[m[K [01;31m[Kerror: [m[Kexpected declaration before â€˜[01m[K}[m[Kâ€™ token
[0.978s]   212 | [01;31m[K}[m[K
[0.978s]       | [01;31m[K^[m[K
[1.230s] gmake[2]: *** [CMakeFiles/navigation.dir/build.make:90: CMakeFiles/navigation.dir/src/Action.cpp.o] Erro 1
[1.230s] gmake[2]: ** Esperando que outros processos terminem.
[3.186s] In file included from [01m[K/home/richard/ros2_ws/src/tp1/src/main.cpp:9[m[K:
[3.186s] [01m[K/home/richard/ros2_ws/src/tp1/include/Action.h:23:10:[m[K [01;31m[Kerror: [m[Kextra qualification â€˜[01m[KAction::[m[Kâ€™ on member â€˜[01m[KfollowTheWalls[m[Kâ€™ [[01;31m[K]8;;https://gcc.gnu.org/onlinedocs/gcc/Warning-Options.html#index-fpermissive-fpermissive]8;;[m[K]
[3.186s]    23 |     void [01;31m[KAction[m[K::followTheWalls(std::vector<float> lasers, std::vector<float> sonars);
[3.186s]       |          [01;31m[K^~~~~~[m[K
[3.254s] [01m[K/home/richard/ros2_ws/src/tp1/src/main.cpp:[m[K In function â€˜[01m[Kvoid*[01;32m[K keyboardThreadFunction[m[K(void*)[m[Kâ€™:
[3.254s] [01m[K/home/richard/ros2_ws/src/tp1/src/main.cpp:82:36:[m[K [01;35m[Kwarning: [m[Kunused parameter â€˜[01m[Karg[m[Kâ€™ [[01;35m[K]8;;https://gcc.gnu.org/onlinedocs/gcc/Warning-Options.html#index-Wunused-parameter-Wunused-parameter]8;;[m[K]
[3.254s]    82 | void *keyboardThreadFunction([01;35m[Kvoid *arg[m[K)
[3.254s]       |                              [01;35m[K~~~~~~^~~[m[K
[3.258s] [01m[K/home/richard/ros2_ws/src/tp1/src/main.cpp:[m[K In function â€˜[01m[Kvoid*[01;32m[K mainThreadFunction[m[K(void*)[m[Kâ€™:
[3.258s] [01m[K/home/richard/ros2_ws/src/tp1/src/main.cpp:96:32:[m[K [01;35m[Kwarning: [m[Kunused parameter â€˜[01m[Karg[m[Kâ€™ [[01;35m[K]8;;https://gcc.gnu.org/onlinedocs/gcc/Warning-Options.html#index-Wunused-parameter-Wunused-parameter]8;;[m[K]
[3.258s]    96 | void *mainThreadFunction([01;35m[Kvoid *arg[m[K)
[3.258s]       |                          [01;35m[K~~~~~~^~~[m[K
[6.230s] gmake[2]: *** [CMakeFiles/navigation.dir/build.make:76: CMakeFiles/navigation.dir/src/main.cpp.o] Erro 1
[6.230s] gmake[1]: *** [CMakeFiles/Makefile2:137: CMakeFiles/navigation.dir/all] Erro 2
[6.232s] gmake: *** [Makefile:146: all] Erro 2
[6.234s] Invoked command in '/home/richard/ros2_ws/build/tp1' returned '2': CMAKE_PREFIX_PATH=${CMAKE_PREFIX_PATH}:/opt/ros/jazzy DEBUGINFOD_URLS=https://debuginfod.ubuntu.com /usr/bin/cmake --build /home/richard/ros2_ws/build/tp1 -- -j2 -l2
