[0.013s] Invoking command in '/home/richard/ros2_ws/build/tp1': CMAKE_PREFIX_PATH=${CMAKE_PREFIX_PATH}:/opt/ros/jazzy DEBUGINFOD_URLS=https://debuginfod.ubuntu.com /usr/bin/cmake --build /home/richard/ros2_ws/build/tp1 -- -j2 -l2
[0.139s] [ 14%] [32mBuilding CXX object CMakeFiles/navigation.dir/src/Mapping.cpp.o[0m
[1.181s] [01m[K/home/richard/ros2_ws/src/tp1/src/Mapping.cpp:[m[K In function â€˜[01m[Kfloat[01;32m[K bayes[m[K(float, float, float, float, float, float, float)[m[Kâ€™:
[1.181s] [01m[K/home/richard/ros2_ws/src/tp1/src/Mapping.cpp:117:30:[m[K [01;31m[Kerror: [m[Kâ€˜[01m[KpSOcup[m[Kâ€™ was not declared in this scope; did you mean â€˜[01m[KpOcup[m[Kâ€™?
[1.181s]   117 |             << "pSOcup: " << [01;31m[KpSOcup[m[K << " "
[1.181s]       |                              [01;31m[K^~~~~~[m[K
[1.181s]       |                              [32m[KpOcup[m[K
[1.189s] [01m[K/home/richard/ros2_ws/src/tp1/src/Mapping.cpp:118:29:[m[K [01;31m[Kerror: [m[Kâ€˜[01m[KpSVaz[m[Kâ€™ was not declared in this scope
[1.189s]   118 |             << "pSVaz: " << [01;31m[KpSVaz[m[K << " "
[1.189s]       |                             [01;31m[K^~~~~[m[K
[1.196s] [01m[K/home/richard/ros2_ws/src/tp1/src/Mapping.cpp:120:36:[m[K [01;31m[Kerror: [m[Kâ€˜[01m[KpSOcup_pOcup[m[Kâ€™ was not declared in this scope
[1.197s]   120 |             << "pSOcup_pOcup: " << [01;31m[KpSOcup_pOcup[m[K << " "
[1.197s]       |                                    [01;31m[K^~~~~~~~~~~~[m[K
[1.206s] [01m[K/home/richard/ros2_ws/src/tp1/src/Mapping.cpp:121:34:[m[K [01;31m[Kerror: [m[Kâ€˜[01m[KpSVaz_pVaz[m[Kâ€™ was not declared in this scope
[1.207s]   121 |             << "pSVaz_pVaz: " << [01;31m[KpSVaz_pVaz[m[K << " "
[1.207s]       |                                  [01;31m[K^~~~~~~~~~[m[K
[1.208s] [01m[K/home/richard/ros2_ws/src/tp1/src/Mapping.cpp:[m[K In function â€˜[01m[Kvoid*[01;32m[K mappingThreadFunction[m[K(void*)[m[Kâ€™:
[1.208s] [01m[K/home/richard/ros2_ws/src/tp1/src/Mapping.cpp:165:35:[m[K [01;35m[Kwarning: [m[Kunused parameter â€˜[01m[Karg[m[Kâ€™ [[01;35m[K]8;;https://gcc.gnu.org/onlinedocs/gcc/Warning-Options.html#index-Wunused-parameter-Wunused-parameter]8;;[m[K]
[1.209s]   165 | void* mappingThreadFunction([01;35m[Kvoid* arg[m[K) {
[1.209s]       |                             [01;35m[K~~~~~~^~~[m[K
[1.399s] gmake[2]: *** [CMakeFiles/navigation.dir/build.make:146: CMakeFiles/navigation.dir/src/Mapping.cpp.o] Erro 1
[1.399s] gmake[1]: *** [CMakeFiles/Makefile2:137: CMakeFiles/navigation.dir/all] Erro 2
[1.399s] gmake: *** [Makefile:146: all] Erro 2
[1.399s] Invoked command in '/home/richard/ros2_ws/build/tp1' returned '2': CMAKE_PREFIX_PATH=${CMAKE_PREFIX_PATH}:/opt/ros/jazzy DEBUGINFOD_URLS=https://debuginfod.ubuntu.com /usr/bin/cmake --build /home/richard/ros2_ws/build/tp1 -- -j2 -l2
