[01m[K/home/richard/ros2_ws/src/tp1/src/Perception.cpp:[m[K In member function â€˜[01m[Kvoid Perception::[01;32m[KrecievePose[m[K(const nav_msgs::msg::Odometry_<std::allocator<void> >::ConstSharedPtr&)[m[Kâ€™:
[01m[K/home/richard/ros2_ws/src/tp1/src/Perception.cpp:130:13:[m[K [01;31m[Kerror: [m[Kâ€˜[01m[Kusing nav_msgs::msg::Odometry = struct nav_msgs::msg::Odometry_<std::allocator<void> >[m[Kâ€™ {aka â€˜[01m[Kstruct nav_msgs::msg::Odometry_<std::allocator<void> >[m[Kâ€™} has no member named â€˜[01m[Kdata[m[Kâ€™
  130 |     poseROS.[01;31m[Kdata[m[K = value->data;
      |             [01;31m[K^~~~[m[K
[01m[K/home/richard/ros2_ws/src/tp1/src/Perception.cpp:130:27:[m[K [01;31m[Kerror: [m[Kâ€˜[01m[Kusing std::__shared_ptr_access<const nav_msgs::msg::Odometry_<std::allocator<void> >, __gnu_cxx::_S_atomic, false, false>::element_type = const struct nav_msgs::msg::Odometry_<std::allocator<void> >[m[Kâ€™ {aka â€˜[01m[Kconst struct nav_msgs::msg::Odometry_<std::allocator<void> >[m[Kâ€™} has no member named â€˜[01m[Kdata[m[Kâ€™
  130 |     poseROS.data = value->[01;31m[Kdata[m[K;
      |                           [01;31m[K^~~~[m[K
[01m[K/home/richard/ros2_ws/src/tp1/src/Perception.cpp:[m[K In member function â€˜[01m[Kstd::vector<float, std::allocator<float> > Perception::[01;32m[KgetLatestSonarRanges[m[K()[m[Kâ€™:
[01m[K/home/richard/ros2_ws/src/tp1/src/Perception.cpp:153:9:[m[K [01;35m[Kwarning: [m[Kunused variable â€˜[01m[Knumbytes[m[Kâ€™ [[01;35m[K]8;;https://gcc.gnu.org/onlinedocs/gcc/Warning-Options.html#index-Wunused-variable-Wunused-variable]8;;[m[K]
  153 |     int [01;35m[Knumbytes[m[K = sonarROS.data.size();
      |         [01;35m[K^~~~~~~~[m[K
[01m[K/home/richard/ros2_ws/src/tp1/src/Perception.cpp:154:9:[m[K [01;35m[Kwarning: [m[Kunused variable â€˜[01m[Knumfields[m[Kâ€™ [[01;35m[K]8;;https://gcc.gnu.org/onlinedocs/gcc/Warning-Options.html#index-Wunused-variable-Wunused-variable]8;;[m[K]
  154 |     int [01;35m[Knumfields[m[K = sonarROS.fields.size();
      |         [01;35m[K^~~~~~~~~[m[K
[01m[K/home/richard/ros2_ws/src/tp1/src/Perception.cpp:[m[K In member function â€˜[01m[Kstd::vector<float, std::allocator<float> > Perception::[01;32m[KgetLatestPose[m[K()[m[Kâ€™:
[01m[K/home/richard/ros2_ws/src/tp1/src/Perception.cpp:175:5:[m[K [01;31m[Kerror: [m[Kâ€˜[01m[KPose[m[Kâ€™ has not been declared
  175 |     [01;31m[KPose[m[K::Pose pose(poseROS.data[0], poseROS.data[1], poseROS.data[2]);
      |     [01;31m[K^~~~[m[K
[01m[K/home/richard/ros2_ws/src/tp1/src/Perception.cpp:176:38:[m[K [01;31m[Kerror: [m[Kâ€˜[01m[Kusing nav_msgs::msg::Odometry = struct nav_msgs::msg::Odometry_<std::allocator<void> >[m[Kâ€™ {aka â€˜[01m[Kstruct nav_msgs::msg::Odometry_<std::allocator<void> >[m[Kâ€™} has no member named â€˜[01m[Kdata[m[Kâ€™
  176 |     std::cout << "POSE: " << poseROS.[01;31m[Kdata[m[K[0] << " " << poseROS.data[1] << " " <<  poseROS.data[2] << std::endl;
      |                                      [01;31m[K^~~~[m[K
[01m[K/home/richard/ros2_ws/src/tp1/src/Perception.cpp:176:64:[m[K [01;31m[Kerror: [m[Kâ€˜[01m[Kusing nav_msgs::msg::Odometry = struct nav_msgs::msg::Odometry_<std::allocator<void> >[m[Kâ€™ {aka â€˜[01m[Kstruct nav_msgs::msg::Odometry_<std::allocator<void> >[m[Kâ€™} has no member named â€˜[01m[Kdata[m[Kâ€™
  176 |  std::cout << "POSE: " << poseROS.data[0] << " " << poseROS.[01;31m[Kdata[m[K[1] << " " <<  poseROS.data[2] << std::endl;
      |                                                             [01;31m[K^~~~[m[K

[01m[K/home/richard/ros2_ws/src/tp1/src/Perception.cpp:176:91:[m[K [01;31m[Kerror: [m[Kâ€˜[01m[Kusing nav_msgs::msg::Odometry = struct nav_msgs::msg::Odometry_<std::allocator<void> >[m[Kâ€™ {aka â€˜[01m[Kstruct nav_msgs::msg::Odometry_<std::allocator<void> >[m[Kâ€™} has no member named â€˜[01m[Kdata[m[Kâ€™
  176 | oseROS.data[0] << " " << poseROS.data[1] << " " <<  poseROS.[01;31m[Kdata[m[K[2] << std::endl;
      |                                                             [01;31m[K^~~~[m[K

[01m[K/home/richard/ros2_ws/src/tp1/src/Perception.cpp:177:12:[m[K [01;31m[Kerror: [m[Kâ€˜[01m[Kpose[m[Kâ€™ was not declared in this scope
  177 |     return [01;31m[Kpose[m[K;
      |            [01;31m[K^~~~[m[K
gmake[2]: *** [CMakeFiles/navigation.dir/build.make:104: CMakeFiles/navigation.dir/src/Perception.cpp.o] Erro 1
gmake[1]: *** [CMakeFiles/Makefile2:137: CMakeFiles/navigation.dir/all] Erro 2
gmake: *** [Makefile:146: all] Erro 2
