[ 20%] [32mBuilding CXX object CMakeFiles/navigation.dir/src/Action.cpp.o[0m
[01m[K/home/richard/ros2_ws/src/tp1/src/Action.cpp:[m[K In member function â€˜[01m[Kvoid Action::[01;32m[KavoidObstacles[m[K(std::vector<float>, std::vector<float>)[m[Kâ€™:
[01m[K/home/richard/ros2_ws/src/tp1/src/Action.cpp:65:11:[m[K [01;35m[Kwarning: [m[Kunused variable â€˜[01m[KminDistance[m[Kâ€™ [[01;35m[K]8;;https://gcc.gnu.org/onlinedocs/gcc/Warning-Options.html#index-Wunused-variable-Wunused-variable]8;;[m[K]
   65 |     float [01;35m[KminDistance[m[K = 0.0f;
      |           [01;35m[K^~~~~~~~~~~[m[K
[01m[K/home/richard/ros2_ws/src/tp1/src/Action.cpp:66:9:[m[K [01;35m[Kwarning: [m[Kunused variable â€˜[01m[KminDistPos[m[Kâ€™ [[01;35m[K]8;;https://gcc.gnu.org/onlinedocs/gcc/Warning-Options.html#index-Wunused-variable-Wunused-variable]8;;[m[K]
   66 |     int [01;35m[KminDistPos[m[K = 0;
      |         [01;35m[K^~~~~~~~~~[m[K
[01m[K/home/richard/ros2_ws/src/tp1/src/Action.cpp:60:48:[m[K [01;35m[Kwarning: [m[Kunused parameter â€˜[01m[Klasers[m[Kâ€™ [[01;35m[K]8;;https://gcc.gnu.org/onlinedocs/gcc/Warning-Options.html#index-Wunused-parameter-Wunused-parameter]8;;[m[K]
   60 | void Action::avoidObstacles([01;35m[Kstd::vector<float> lasers[m[K, std::vector<float> sonars)
      |                             [01;35m[K~~~~~~~~~~~~~~~~~~~^~~~~~[m[K
[01m[K/home/richard/ros2_ws/src/tp1/src/Action.cpp:[m[K In member function â€˜[01m[Kvoid Action::[01;32m[KkeepAsFarthestAsPossibleFromWalls[m[K(std::vector<float>, std::vector<float>)[m[Kâ€™:
[01m[K/home/richard/ros2_ws/src/tp1/src/Action.cpp:99:9:[m[K [01;31m[Kerror: [m[Kâ€˜[01m[KminPos[m[Kâ€™ was not declared in this scope; did you mean â€˜[01m[Ksincos[m[Kâ€™?
   99 |     if ([01;31m[KminPos[m[K>=0 && minPos <=7 && minDist <= 1){
      |         [01;31m[K^~~~~~[m[K
      |         [32m[Ksincos[m[K
[01m[K/home/richard/ros2_ws/src/tp1/src/Action.cpp:99:36:[m[K [01;31m[Kerror: [m[Kâ€˜[01m[KminDist[m[Kâ€™ was not declared in this scope
   99 |     if (minPos>=0 && minPos <=7 && [01;31m[KminDist[m[K <= 1){
      |                                    [01;31m[K^~~~~~~[m[K
[01m[K/home/richard/ros2_ws/src/tp1/src/Action.cpp:84:67:[m[K [01;35m[Kwarning: [m[Kunused parameter â€˜[01m[Klasers[m[Kâ€™ [[01;35m[K]8;;https://gcc.gnu.org/onlinedocs/gcc/Warning-Options.html#index-Wunused-parameter-Wunused-parameter]8;;[m[K]
   84 | ction::keepAsFarthestAsPossibleFromWalls([01;35m[Kstd::vector<float> lasers[m[K, std::vector<float> sonars)
      |                                          [01;35m[K~~~~~~~~~~~~~~~~~~~^~~~~~[m[K

gmake[2]: *** [CMakeFiles/navigation.dir/build.make:90: CMakeFiles/navigation.dir/src/Action.cpp.o] Erro 1
gmake[1]: *** [CMakeFiles/Makefile2:137: CMakeFiles/navigation.dir/all] Erro 2
gmake: *** [Makefile:146: all] Erro 2
