[0.021s] Invoking command in '/home/richard/ros2_ws/build/tp1': CMAKE_PREFIX_PATH=${CMAKE_PREFIX_PATH}:/opt/ros/jazzy DEBUGINFOD_URLS=https://debuginfod.ubuntu.com /usr/bin/cmake --build /home/richard/ros2_ws/build/tp1 -- -j4 -l4
[0.400s] [ 12%] [32mBuilding CXX object CMakeFiles/navigation.dir/src/PotentialField.cpp.o[0m
[0.407s] [ 25%] [32mBuilding CXX object CMakeFiles/navigation.dir/src/main.cpp.o[0m
[5.539s] [01m[K/home/richard/ros2_ws/src/tp1/src/PotentialField.cpp:9:1:[m[K [01;31m[Kerror: [m[Kâ€˜[01m[KPotentialField[m[Kâ€™ does not name a type
[5.540s]     9 | [01;31m[KPotentialField[m[K campoPotencial;
[5.540s]       | [01;31m[K^~~~~~~~~~~~~~[m[K
[5.542s] [01m[K/home/richard/ros2_ws/src/tp1/src/PotentialField.cpp:10:1:[m[K [01;31m[Kerror: [m[Kâ€˜[01m[KcampoPotencial[m[Kâ€™ does not name a type
[5.542s]    10 | [01;31m[KcampoPotencial[m[K.FieldMatrix = matrizMundo;
[5.542s]       | [01;31m[K^~~~~~~~~~~~~~[m[K
[5.552s] [01m[K/home/richard/ros2_ws/src/tp1/src/PotentialField.cpp:11:1:[m[K [01;31m[Kerror: [m[Kâ€˜[01m[KcampoPotencial[m[Kâ€™ does not name a type
[5.552s]    11 | [01;31m[KcampoPotencial[m[K.KnownRegionMatrix = matrizMundo;
[5.552s]       | [01;31m[K^~~~~~~~~~~~~~[m[K
[5.557s] [01m[K/home/richard/ros2_ws/src/tp1/src/PotentialField.cpp:[m[K In function â€˜[01m[Kvoid*[01;32m[K potentialFieldThreadFunction[m[K(void*)[m[Kâ€™:
[5.557s] [01m[K/home/richard/ros2_ws/src/tp1/src/PotentialField.cpp:13:42:[m[K [01;35m[Kwarning: [m[Kunused parameter â€˜[01m[Karg[m[Kâ€™ [[01;35m[K]8;;https://gcc.gnu.org/onlinedocs/gcc/Warning-Options.html#index-Wunused-parameter-Wunused-parameter]8;;[m[K]
[5.557s]    13 | void* potentialFieldThreadFunction([01;35m[Kvoid* arg[m[K) {
[5.557s]       |                                    [01;35m[K~~~~~~^~~[m[K
[5.578s] In file included from [01m[K/home/richard/ros2_ws/src/tp1/src/main.cpp:14[m[K:
[5.578s] [01m[K/home/richard/ros2_ws/src/tp1/include/PotentialField.hpp:10:2:[m[K [01;31m[Kerror: [m[Kexpected â€˜[01m[K;[m[Kâ€™ after struct definition
[5.578s]    10 | }
[5.578s]       |  [01;31m[K^[m[K
[5.578s]       |  [32m[K;[m[K
[5.766s] [01m[K/home/richard/ros2_ws/src/tp1/src/main.cpp:[m[K In function â€˜[01m[Kvoid*[01;32m[K keyboardThreadFunction[m[K(void*)[m[Kâ€™:
[5.766s] [01m[K/home/richard/ros2_ws/src/tp1/src/main.cpp:93:36:[m[K [01;35m[Kwarning: [m[Kunused parameter â€˜[01m[Karg[m[Kâ€™ [[01;35m[K]8;;https://gcc.gnu.org/onlinedocs/gcc/Warning-Options.html#index-Wunused-parameter-Wunused-parameter]8;;[m[K]
[5.766s]    93 | void *keyboardThreadFunction([01;35m[Kvoid *arg[m[K)
[5.767s]       |                              [01;35m[K~~~~~~^~~[m[K
[5.776s] [01m[K/home/richard/ros2_ws/src/tp1/src/main.cpp:[m[K In function â€˜[01m[Kvoid*[01;32m[K mainThreadFunction[m[K(void*)[m[Kâ€™:
[5.776s] [01m[K/home/richard/ros2_ws/src/tp1/src/main.cpp:107:32:[m[K [01;35m[Kwarning: [m[Kunused parameter â€˜[01m[Karg[m[Kâ€™ [[01;35m[K]8;;https://gcc.gnu.org/onlinedocs/gcc/Warning-Options.html#index-Wunused-parameter-Wunused-parameter]8;;[m[K]
[5.776s]   107 | void *mainThreadFunction([01;35m[Kvoid *arg[m[K)
[5.776s]       |                          [01;35m[K~~~~~~^~~[m[K
[6.756s] gmake[2]: *** [CMakeFiles/navigation.dir/build.make:160: CMakeFiles/navigation.dir/src/PotentialField.cpp.o] Erro 1
[6.756s] gmake[2]: ** Esperando que outros processos terminem.
[10.239s] gmake[2]: *** [CMakeFiles/navigation.dir/build.make:76: CMakeFiles/navigation.dir/src/main.cpp.o] Erro 1
[10.239s] gmake[1]: *** [CMakeFiles/Makefile2:137: CMakeFiles/navigation.dir/all] Erro 2
[10.239s] gmake: *** [Makefile:146: all] Erro 2
[10.241s] Invoked command in '/home/richard/ros2_ws/build/tp1' returned '2': CMAKE_PREFIX_PATH=${CMAKE_PREFIX_PATH}:/opt/ros/jazzy DEBUGINFOD_URLS=https://debuginfod.ubuntu.com /usr/bin/cmake --build /home/richard/ros2_ws/build/tp1 -- -j4 -l4
