[0.013s] Invoking command in '/home/richard/ros2_ws/build/tp1': CMAKE_PREFIX_PATH=${CMAKE_PREFIX_PATH}:/opt/ros/jazzy DEBUGINFOD_URLS=https://debuginfod.ubuntu.com /usr/bin/cmake --build /home/richard/ros2_ws/build/tp1 -- -j2 -l2
[0.116s] [ 16%] [32mBuilding CXX object CMakeFiles/navigation.dir/src/Perception.cpp.o[0m
[1.289s] [01m[K/home/richard/ros2_ws/src/tp1/src/Perception.cpp:[m[K In member function â€˜[01m[Kvoid Perception::[01;32m[KrecievePose[m[K(const nav_msgs::msg::Odometry_<std::allocator<void> >::ConstSharedPtr&)[m[Kâ€™:
[1.290s] [01m[K/home/richard/ros2_ws/src/tp1/src/Perception.cpp:130:13:[m[K [01;31m[Kerror: [m[Kâ€˜[01m[Kusing nav_msgs::msg::Odometry = struct nav_msgs::msg::Odometry_<std::allocator<void> >[m[Kâ€™ {aka â€˜[01m[Kstruct nav_msgs::msg::Odometry_<std::allocator<void> >[m[Kâ€™} has no member named â€˜[01m[Kdata[m[Kâ€™
[1.290s]   130 |     poseROS.[01;31m[Kdata[m[K = value->data;
[1.291s]       |             [01;31m[K^~~~[m[K
[1.291s] [01m[K/home/richard/ros2_ws/src/tp1/src/Perception.cpp:130:27:[m[K [01;31m[Kerror: [m[Kâ€˜[01m[Kusing std::__shared_ptr_access<const nav_msgs::msg::Odometry_<std::allocator<void> >, __gnu_cxx::_S_atomic, false, false>::element_type = const struct nav_msgs::msg::Odometry_<std::allocator<void> >[m[Kâ€™ {aka â€˜[01m[Kconst struct nav_msgs::msg::Odometry_<std::allocator<void> >[m[Kâ€™} has no member named â€˜[01m[Kdata[m[Kâ€™
[1.291s]   130 |     poseROS.data = value->[01;31m[Kdata[m[K;
[1.291s]       |                           [01;31m[K^~~~[m[K
[1.291s] [01m[K/home/richard/ros2_ws/src/tp1/src/Perception.cpp:[m[K In member function â€˜[01m[Kstd::vector<float, std::allocator<float> > Perception::[01;32m[KgetLatestSonarRanges[m[K()[m[Kâ€™:
[1.291s] [01m[K/home/richard/ros2_ws/src/tp1/src/Perception.cpp:153:9:[m[K [01;35m[Kwarning: [m[Kunused variable â€˜[01m[Knumbytes[m[Kâ€™ [[01;35m[K]8;;https://gcc.gnu.org/onlinedocs/gcc/Warning-Options.html#index-Wunused-variable-Wunused-variable]8;;[m[K]
[1.291s]   153 |     int [01;35m[Knumbytes[m[K = sonarROS.data.size();
[1.292s]       |         [01;35m[K^~~~~~~~[m[K
[1.292s] [01m[K/home/richard/ros2_ws/src/tp1/src/Perception.cpp:154:9:[m[K [01;35m[Kwarning: [m[Kunused variable â€˜[01m[Knumfields[m[Kâ€™ [[01;35m[K]8;;https://gcc.gnu.org/onlinedocs/gcc/Warning-Options.html#index-Wunused-variable-Wunused-variable]8;;[m[K]
[1.292s]   154 |     int [01;35m[Knumfields[m[K = sonarROS.fields.size();
[1.292s]       |         [01;35m[K^~~~~~~~~[m[K
[1.292s] [01m[K/home/richard/ros2_ws/src/tp1/src/Perception.cpp:[m[K At global scope:
[1.292s] [01m[K/home/richard/ros2_ws/src/tp1/src/Perception.cpp:174:1:[m[K [01;31m[Kerror: [m[Kâ€˜[01m[KPose[m[Kâ€™ does not name a type
[1.292s]   174 | [01;31m[KPose[m[K::Pose Perception::getLatestPose(){
[1.292s]       | [01;31m[K^~~~[m[K
[1.532s] gmake[2]: *** [CMakeFiles/navigation.dir/build.make:104: CMakeFiles/navigation.dir/src/Perception.cpp.o] Erro 1
[1.532s] gmake[1]: *** [CMakeFiles/Makefile2:137: CMakeFiles/navigation.dir/all] Erro 2
[1.535s] gmake: *** [Makefile:146: all] Erro 2
[1.543s] Invoked command in '/home/richard/ros2_ws/build/tp1' returned '2': CMAKE_PREFIX_PATH=${CMAKE_PREFIX_PATH}:/opt/ros/jazzy DEBUGINFOD_URLS=https://debuginfod.ubuntu.com /usr/bin/cmake --build /home/richard/ros2_ws/build/tp1 -- -j2 -l2
