[0.024s] Invoking command in '/home/richard/ros2_ws/build/tp1': CMAKE_PREFIX_PATH=${CMAKE_PREFIX_PATH}:/opt/ros/jazzy DEBUGINFOD_URLS=https://debuginfod.ubuntu.com /usr/bin/cmake --build /home/richard/ros2_ws/build/tp1 -- -j2 -l2
[0.105s] [ 16%] [32mBuilding CXX object CMakeFiles/navigation.dir/src/main.cpp.o[0m
[0.115s] [ 33%] [32mBuilding CXX object CMakeFiles/navigation.dir/src/Perception.cpp.o[0m
[1.846s] [01m[K/home/richard/ros2_ws/src/tp1/src/Perception.cpp:[m[K In member function â€˜[01m[Kvoid Perception::[01;32m[KrecievePose[m[K(const nav_msgs::msg::Odometry_<std::allocator<void> >::ConstSharedPtr&)[m[Kâ€™:
[1.847s] [01m[K/home/richard/ros2_ws/src/tp1/src/Perception.cpp:130:13:[m[K [01;31m[Kerror: [m[Kâ€˜[01m[Kusing nav_msgs::msg::Odometry = struct nav_msgs::msg::Odometry_<std::allocator<void> >[m[Kâ€™ {aka â€˜[01m[Kstruct nav_msgs::msg::Odometry_<std::allocator<void> >[m[Kâ€™} has no member named â€˜[01m[Kdata[m[Kâ€™
[1.847s]   130 |     poseROS.[01;31m[Kdata[m[K = value->data;
[1.847s]       |             [01;31m[K^~~~[m[K
[1.847s] [01m[K/home/richard/ros2_ws/src/tp1/src/Perception.cpp:130:27:[m[K [01;31m[Kerror: [m[Kâ€˜[01m[Kusing std::__shared_ptr_access<const nav_msgs::msg::Odometry_<std::allocator<void> >, __gnu_cxx::_S_atomic, false, false>::element_type = const struct nav_msgs::msg::Odometry_<std::allocator<void> >[m[Kâ€™ {aka â€˜[01m[Kconst struct nav_msgs::msg::Odometry_<std::allocator<void> >[m[Kâ€™} has no member named â€˜[01m[Kdata[m[Kâ€™
[1.847s]   130 |     poseROS.data = value->[01;31m[Kdata[m[K;
[1.847s]       |                           [01;31m[K^~~~[m[K
[1.847s] [01m[K/home/richard/ros2_ws/src/tp1/src/Perception.cpp:[m[K In member function â€˜[01m[Kstd::vector<float, std::allocator<float> > Perception::[01;32m[KgetLatestSonarRanges[m[K()[m[Kâ€™:
[1.847s] [01m[K/home/richard/ros2_ws/src/tp1/src/Perception.cpp:153:9:[m[K [01;35m[Kwarning: [m[Kunused variable â€˜[01m[Knumbytes[m[Kâ€™ [[01;35m[K]8;;https://gcc.gnu.org/onlinedocs/gcc/Warning-Options.html#index-Wunused-variable-Wunused-variable]8;;[m[K]
[1.848s]   153 |     int [01;35m[Knumbytes[m[K = sonarROS.data.size();
[1.848s]       |         [01;35m[K^~~~~~~~[m[K
[1.848s] [01m[K/home/richard/ros2_ws/src/tp1/src/Perception.cpp:154:9:[m[K [01;35m[Kwarning: [m[Kunused variable â€˜[01m[Knumfields[m[Kâ€™ [[01;35m[K]8;;https://gcc.gnu.org/onlinedocs/gcc/Warning-Options.html#index-Wunused-variable-Wunused-variable]8;;[m[K]
[1.848s]   154 |     int [01;35m[Knumfields[m[K = sonarROS.fields.size();
[1.848s]       |         [01;35m[K^~~~~~~~~[m[K
[1.848s] [01m[K/home/richard/ros2_ws/src/tp1/src/Perception.cpp:[m[K At global scope:
[1.848s] [01m[K/home/richard/ros2_ws/src/tp1/src/Perception.cpp:178:6:[m[K [01;31m[Kerror: [m[Kno declaration matches â€˜[01m[KPose Perception::[01;32m[KgetLatestPose[m[K()[m[Kâ€™
[1.848s]   178 | Pose [01;31m[KPerception[m[K::getLatestPose(){
[1.848s]       |      [01;31m[K^~~~~~~~~~[m[K
[1.855s] In file included from [01m[K/home/richard/ros2_ws/src/tp1/src/Perception.cpp:1[m[K:
[1.856s] [01m[K/home/richard/ros2_ws/src/tp1/include/Perception.h:15:28:[m[K [01;36m[Knote: [m[Kcandidate is: â€˜[01m[Kstd::vector<float, std::allocator<float> > Perception::[01;32m[KgetLatestPose[m[K()[m[Kâ€™
[1.856s]    15 |         std::vector<float> [01;36m[KgetLatestPose[m[K();
[1.856s]       |                            [01;36m[K^~~~~~~~~~~~~[m[K
[1.856s] [01m[K/home/richard/ros2_ws/src/tp1/include/Perception.h:8:7:[m[K [01;36m[Knote: [m[Kâ€˜[01m[Kclass Perception[m[Kâ€™ defined here
[1.856s]     8 | class [01;36m[KPerception[m[K
[1.856s]       |       [01;36m[K^~~~~~~~~~[m[K
[2.107s] gmake[2]: *** [CMakeFiles/navigation.dir/build.make:104: CMakeFiles/navigation.dir/src/Perception.cpp.o] Erro 1
[2.107s] gmake[2]: ** Esperando que outros processos terminem.
[4.074s] [01m[K/home/richard/ros2_ws/src/tp1/src/main.cpp:[m[K In function â€˜[01m[Kvoid*[01;32m[K keyboardThreadFunction[m[K(void*)[m[Kâ€™:
[4.075s] [01m[K/home/richard/ros2_ws/src/tp1/src/main.cpp:91:36:[m[K [01;35m[Kwarning: [m[Kunused parameter â€˜[01m[Karg[m[Kâ€™ [[01;35m[K]8;;https://gcc.gnu.org/onlinedocs/gcc/Warning-Options.html#index-Wunused-parameter-Wunused-parameter]8;;[m[K]
[4.075s]    91 | void *keyboardThreadFunction([01;35m[Kvoid *arg[m[K)
[4.075s]       |                              [01;35m[K~~~~~~^~~[m[K
[4.078s] [01m[K/home/richard/ros2_ws/src/tp1/src/main.cpp:[m[K In function â€˜[01m[Kvoid*[01;32m[K mainThreadFunction[m[K(void*)[m[Kâ€™:
[4.078s] [01m[K/home/richard/ros2_ws/src/tp1/src/main.cpp:105:32:[m[K [01;35m[Kwarning: [m[Kunused parameter â€˜[01m[Karg[m[Kâ€™ [[01;35m[K]8;;https://gcc.gnu.org/onlinedocs/gcc/Warning-Options.html#index-Wunused-parameter-Wunused-parameter]8;;[m[K]
[4.079s]   105 | void *mainThreadFunction([01;35m[Kvoid *arg[m[K)
[4.079s]       |                          [01;35m[K~~~~~~^~~[m[K
[4.079s] [01m[K/home/richard/ros2_ws/src/tp1/src/main.cpp:[m[K In function â€˜[01m[Kint[01;32m[K main[m[K(int, char**)[m[Kâ€™:
[4.079s] [01m[K/home/richard/ros2_ws/src/tp1/src/main.cpp:124:41:[m[K [01;35m[Kwarning: [m[Kunused variable â€˜[01m[KgraphicsThread[m[Kâ€™ [[01;35m[K]8;;https://gcc.gnu.org/onlinedocs/gcc/Warning-Options.html#index-Wunused-variable-Wunused-variable]8;;[m[K]
[4.079s]   124 |   pthread_t mainThread, keyboardThread, [01;35m[KgraphicsThread[m[K;
[4.079s]       |                                         [01;35m[K^~~~~~~~~~~~~~[m[K
[16.151s] gmake[1]: *** [CMakeFiles/Makefile2:137: CMakeFiles/navigation.dir/all] Erro 2
[16.152s] gmake: *** [Makefile:146: all] Erro 2
[16.162s] Invoked command in '/home/richard/ros2_ws/build/tp1' returned '2': CMAKE_PREFIX_PATH=${CMAKE_PREFIX_PATH}:/opt/ros/jazzy DEBUGINFOD_URLS=https://debuginfod.ubuntu.com /usr/bin/cmake --build /home/richard/ros2_ws/build/tp1 -- -j2 -l2
