[0.018s] Invoking command in '/home/richard/ros2_ws/build/tp1': CMAKE_PREFIX_PATH=${CMAKE_PREFIX_PATH}:/opt/ros/jazzy DEBUGINFOD_URLS=https://debuginfod.ubuntu.com /usr/bin/cmake --build /home/richard/ros2_ws/build/tp1 -- -j4 -l4
[0.254s] [ 12%] [32mBuilding CXX object CMakeFiles/navigation.dir/src/PotentialField.cpp.o[0m
[2.844s] [01m[K/home/richard/ros2_ws/src/tp1/src/PotentialField.cpp:[m[K In function â€˜[01m[Kvoid[01;32m[K initKnownRegion[m[K()[m[Kâ€™:
[2.844s] [01m[K/home/richard/ros2_ws/src/tp1/src/PotentialField.cpp:12:5:[m[K [01;31m[Kerror: [m[Kâ€˜[01m[KknownRegion[m[Kâ€™ was not declared in this scope; did you mean â€˜[01m[KinitKnownRegion[m[Kâ€™?
[2.844s]    12 |     [01;31m[KknownRegion[m[K.resize(matrizMundo.size());
[2.844s]       |     [01;31m[K^~~~~~~~~~~[m[K
[2.844s]       |     [32m[KinitKnownRegion[m[K
[2.845s] [01m[K/home/richard/ros2_ws/src/tp1/src/PotentialField.cpp:[m[K In function â€˜[01m[Kvoid*[01;32m[K potentialFieldThreadFunction[m[K(void*)[m[Kâ€™:
[2.845s] [01m[K/home/richard/ros2_ws/src/tp1/src/PotentialField.cpp:18:42:[m[K [01;35m[Kwarning: [m[Kunused parameter â€˜[01m[Karg[m[Kâ€™ [[01;35m[K]8;;https://gcc.gnu.org/onlinedocs/gcc/Warning-Options.html#index-Wunused-parameter-Wunused-parameter]8;;[m[K]
[2.845s]    18 | void* potentialFieldThreadFunction([01;35m[Kvoid* arg[m[K) {
[2.845s]       |                                    [01;35m[K~~~~~~^~~[m[K
[3.517s] gmake[2]: *** [CMakeFiles/navigation.dir/build.make:160: CMakeFiles/navigation.dir/src/PotentialField.cpp.o] Erro 1
[3.517s] gmake[1]: *** [CMakeFiles/Makefile2:137: CMakeFiles/navigation.dir/all] Erro 2
[3.519s] gmake: *** [Makefile:146: all] Erro 2
[3.522s] Invoked command in '/home/richard/ros2_ws/build/tp1' returned '2': CMAKE_PREFIX_PATH=${CMAKE_PREFIX_PATH}:/opt/ros/jazzy DEBUGINFOD_URLS=https://debuginfod.ubuntu.com /usr/bin/cmake --build /home/richard/ros2_ws/build/tp1 -- -j4 -l4
